TN:
SF:/tmp/validpoint/dist/CW_Advice.js
FN:21,(anonymous_0)
FN:65,(anonymous_1)
FN:83,(anonymous_2)
FN:103,(anonymous_3)
FN:107,(anonymous_4)
FN:141,(anonymous_5)
FNF:6
FNH:0
FNDA:0,(anonymous_0)
FNDA:0,(anonymous_1)
FNDA:0,(anonymous_2)
FNDA:0,(anonymous_3)
FNDA:0,(anonymous_4)
FNDA:0,(anonymous_5)
DA:1,1
DA:28,0
DA:35,0
DA:42,0
DA:49,0
DA:55,0
DA:67,0
DA:86,0
DA:94,0
DA:106,0
DA:110,0
DA:113,0
DA:115,0
DA:124,0
DA:126,0
DA:128,0
DA:130,0
DA:144,0
DA:151,0
DA:153,0
DA:156,0
DA:159,0
DA:161,0
DA:165,0
DA:168,0
DA:170,0
DA:172,0
DA:179,0
DA:181,0
DA:183,0
DA:189,0
DA:191,0
DA:193,0
DA:202,0
DA:204,0
DA:205,0
DA:208,0
DA:212,0
DA:213,0
DA:218,0
DA:222,1
LF:41
LH:2
BRDA:103,0,0,0
BRDA:103,1,0,0
BRDA:113,2,0,0
BRDA:113,2,1,0
BRDA:124,3,0,0
BRDA:124,3,1,0
BRDA:124,4,0,0
BRDA:124,4,1,0
BRDA:128,5,0,0
BRDA:128,5,1,0
BRDA:151,6,0,0
BRDA:151,6,1,0
BRDA:156,7,0,0
BRDA:156,7,1,0
BRDA:159,8,0,0
BRDA:159,8,1,0
BRDA:168,9,0,0
BRDA:168,9,1,0
BRDA:179,10,0,0
BRDA:179,10,1,0
BRDA:189,11,0,0
BRDA:189,11,1,0
BRDA:202,12,0,0
BRDA:202,12,1,0
BRDA:208,13,0,0
BRDA:208,13,1,0
BRF:26
BRH:0
end_of_record
TN:
SF:/tmp/validpoint/dist/CW_AdviceContent.js
FN:20,(anonymous_0)
FN:40,(anonymous_1)
FN:55,(anonymous_2)
FN:80,(anonymous_3)
FN:96,(anonymous_4)
FN:112,(anonymous_5)
FN:129,(anonymous_6)
FNF:7
FNH:0
FNDA:0,(anonymous_0)
FNDA:0,(anonymous_1)
FNDA:0,(anonymous_2)
FNDA:0,(anonymous_3)
FNDA:0,(anonymous_4)
FNDA:0,(anonymous_5)
FNDA:0,(anonymous_6)
DA:1,1
DA:2,1
DA:3,1
DA:27,0
DA:28,0
DA:29,0
DA:30,0
DA:42,0
DA:57,0
DA:60,0
DA:62,0
DA:64,0
DA:66,0
DA:68,0
DA:82,0
DA:84,0
DA:98,0
DA:100,0
DA:114,0
DA:116,0
DA:135,0
DA:136,0
DA:138,0
DA:140,0
DA:141,0
DA:143,0
DA:145,0
DA:147,0
DA:151,0
DA:153,0
DA:154,0
DA:156,0
DA:158,0
DA:159,0
DA:162,0
DA:164,0
DA:171,1
LF:37
LH:4
BRDA:20,0,0,0
BRDA:20,1,0,0
BRDA:20,2,0,0
BRDA:55,3,0,0
BRDA:57,4,0,0
BRDA:57,4,1,0
BRDA:57,4,2,0
BRDA:57,4,3,0
BRDA:57,4,4,0
BRDA:80,5,0,0
BRDA:80,6,0,0
BRDA:82,7,0,0
BRDA:82,7,1,0
BRDA:82,8,0,0
BRDA:82,8,1,0
BRDA:82,8,2,0
BRDA:96,9,0,0
BRDA:96,10,0,0
BRDA:98,11,0,0
BRDA:98,11,1,0
BRDA:98,12,0,0
BRDA:98,12,1,0
BRDA:112,13,0,0
BRDA:112,14,0,0
BRDA:114,15,0,0
BRDA:114,15,1,0
BRDA:114,16,0,0
BRDA:114,16,1,0
BRDA:129,17,0,0
BRDA:129,18,0,0
BRDA:129,19,0,0
BRDA:138,20,0,0
BRDA:138,20,1,0
BRDA:141,21,0,0
BRDA:141,21,1,0
BRDA:145,22,0,0
BRDA:145,22,1,0
BRDA:151,23,0,0
BRDA:151,23,1,0
BRDA:156,24,0,0
BRDA:156,24,1,0
BRDA:162,25,0,0
BRDA:162,25,1,0
BRF:43
BRH:0
end_of_record
TN:
SF:/tmp/validpoint/dist/CW_Constants.js
FNF:0
FNH:0
DA:1,1
LF:1
LH:1
BRF:0
BRH:0
end_of_record
TN:
SF:/tmp/validpoint/dist/CW_InputParser.js
FN:15,(anonymous_0)
FN:34,(anonymous_1)
FN:43,(anonymous_2)
FN:73,(anonymous_3)
FN:99,(anonymous_4)
FN:105,(anonymous_5)
FNF:6
FNH:1
FNDA:2,(anonymous_0)
FNDA:0,(anonymous_1)
FNDA:0,(anonymous_2)
FNDA:0,(anonymous_3)
FNDA:0,(anonymous_4)
FNDA:0,(anonymous_5)
DA:17,2
DA:18,2
DA:20,1
DA:24,1
DA:26,2
DA:36,0
DA:38,0
DA:41,0
DA:42,0
DA:45,0
DA:48,0
DA:49,0
DA:53,0
DA:54,0
DA:62,0
DA:63,0
DA:75,0
DA:77,0
DA:79,0
DA:83,0
DA:84,0
DA:87,0
DA:101,0
DA:102,0
DA:104,0
DA:107,0
DA:115,1
LF:27
LH:6
BRDA:15,0,0,0
BRDA:18,1,0,1
BRDA:18,1,1,1
BRDA:45,2,0,0
BRDA:45,2,1,0
BRDA:99,3,0,0
BRDA:99,4,0,0
BRF:7
BRH:2
end_of_record
TN:
SF:/tmp/validpoint/dist/CW_Network.js
FN:14,(anonymous_0)
FN:24,(anonymous_1)
FN:30,(anonymous_2)
FN:43,(anonymous_3)
FN:49,(anonymous_4)
FN:62,(anonymous_5)
FN:68,(anonymous_6)
FN:72,(anonymous_7)
FN:88,(anonymous_8)
FN:94,(anonymous_9)
FN:108,(anonymous_10)
FN:114,(anonymous_11)
FN:129,(anonymous_12)
FN:135,(anonymous_13)
FN:150,(anonymous_14)
FN:156,(anonymous_15)
FN:169,(anonymous_16)
FN:175,(anonymous_17)
FN:188,(anonymous_18)
FN:194,(anonymous_19)
FNF:20
FNH:1
FNDA:1,(anonymous_0)
FNDA:0,(anonymous_1)
FNDA:0,(anonymous_2)
FNDA:0,(anonymous_3)
FNDA:0,(anonymous_4)
FNDA:0,(anonymous_5)
FNDA:0,(anonymous_6)
FNDA:0,(anonymous_7)
FNDA:0,(anonymous_8)
FNDA:0,(anonymous_9)
FNDA:0,(anonymous_10)
FNDA:0,(anonymous_11)
FNDA:0,(anonymous_12)
FNDA:0,(anonymous_13)
FNDA:0,(anonymous_14)
FNDA:0,(anonymous_15)
FNDA:0,(anonymous_16)
FNDA:0,(anonymous_17)
FNDA:0,(anonymous_18)
FNDA:0,(anonymous_19)
DA:26,0
DA:27,0
DA:29,0
DA:32,0
DA:45,0
DA:46,0
DA:48,0
DA:51,0
DA:64,0
DA:65,0
DA:67,0
DA:70,0
DA:74,0
DA:90,0
DA:91,0
DA:93,0
DA:96,0
DA:110,0
DA:111,0
DA:113,0
DA:116,0
DA:131,0
DA:132,0
DA:134,0
DA:137,0
DA:152,0
DA:153,0
DA:155,0
DA:158,0
DA:171,0
DA:172,0
DA:174,0
DA:177,0
DA:190,0
DA:191,0
DA:193,0
DA:196,0
DA:204,1
LF:38
LH:1
BRDA:62,0,0,0
BRDA:88,1,0,0
BRDA:88,2,0,0
BRDA:108,3,0,0
BRDA:108,4,0,0
BRDA:129,5,0,0
BRDA:150,6,0,0
BRDA:150,7,0,0
BRDA:150,8,0,0
BRDA:169,9,0,0
BRDA:188,10,0,0
BRF:11
BRH:0
end_of_record
TN:
SF:/tmp/validpoint/dist/CW_PromiseResolver.js
FN:22,(anonymous_0)
FN:34,(anonymous_1)
FN:49,(anonymous_2)
FN:53,(anonymous_3)
FN:96,(anonymous_4)
FN:109,(anonymous_5)
FN:140,(anonymous_6)
FN:160,(anonymous_7)
FN:170,(anonymous_8)
FN:208,(anonymous_9)
FN:221,(anonymous_10)
FN:250,(anonymous_11)
FN:268,(anonymous_12)
FN:314,(anonymous_13)
FN:334,(anonymous_14)
FN:338,(anonymous_15)
FN:341,(anonymous_16)
FN:383,(anonymous_17)
FN:432,(anonymous_18)
FN:448,(anonymous_19)
FN:523,(anonymous_20)
FN:561,(anonymous_21)
FN:568,(anonymous_22)
FN:607,(anonymous_23)
FN:620,(anonymous_24)
FN:649,(anonymous_25)
FN:652,(anonymous_26)
FNF:27
FNH:21
FNDA:12,(anonymous_0)
FNDA:1,(anonymous_1)
FNDA:4,(anonymous_2)
FNDA:4,(anonymous_3)
FNDA:1,(anonymous_4)
FNDA:1,(anonymous_5)
FNDA:1,(anonymous_6)
FNDA:1,(anonymous_7)
FNDA:1,(anonymous_8)
FNDA:1,(anonymous_9)
FNDA:1,(anonymous_10)
FNDA:0,(anonymous_11)
FNDA:0,(anonymous_12)
FNDA:2,(anonymous_13)
FNDA:2,(anonymous_14)
FNDA:10,(anonymous_15)
FNDA:2,(anonymous_16)
FNDA:0,(anonymous_17)
FNDA:2,(anonymous_18)
FNDA:2,(anonymous_19)
FNDA:1,(anonymous_20)
FNDA:2,(anonymous_21)
FNDA:2,(anonymous_22)
FNDA:1,(anonymous_23)
FNDA:0,(anonymous_24)
FNDA:0,(anonymous_25)
FNDA:0,(anonymous_26)
DA:1,1
DA:3,1
DA:4,1
DA:5,1
DA:36,1
DA:40,1
DA:41,1
DA:43,1
DA:45,1
DA:48,1
DA:52,4
DA:55,4
DA:58,1
DA:60,1
DA:61,1
DA:65,4
DA:67,0
DA:78,0
DA:79,0
DA:81,0
DA:85,0
DA:98,1
DA:100,1
DA:101,1
DA:103,1
DA:105,1
DA:108,1
DA:112,1
DA:114,1
DA:116,1
DA:124,0
DA:128,0
DA:144,1
DA:146,1
DA:152,1
DA:159,1
DA:162,1
DA:169,1
DA:172,1
DA:174,0
DA:176,1
DA:178,0
DA:179,0
DA:181,1
DA:183,1
DA:184,1
DA:188,0
DA:189,0
DA:193,1
DA:212,1
DA:218,1
DA:220,1
DA:223,1
DA:225,0
DA:226,0
DA:227,0
DA:229,0
DA:233,1
DA:234,1
DA:235,1
DA:252,0
DA:254,0
DA:256,0
DA:264,0
DA:265,0
DA:267,0
DA:270,0
DA:273,0
DA:275,0
DA:278,0
DA:282,0
DA:284,0
DA:286,0
DA:290,0
DA:296,0
DA:301,0
DA:316,2
DA:319,2
DA:320,2
DA:322,1
DA:326,2
DA:333,2
DA:338,2
DA:340,2
DA:344,2
DA:346,2
DA:355,2
DA:357,0
DA:359,2
DA:361,0
DA:363,2
DA:366,1
DA:367,1
DA:369,1
DA:371,0
DA:374,2
DA:380,2
DA:382,2
DA:385,0
DA:392,0
DA:394,0
DA:396,0
DA:398,0
DA:400,0
DA:402,0
DA:406,0
DA:413,0
DA:418,0
DA:434,2
DA:436,2
DA:441,2
DA:447,2
DA:450,2
DA:453,2
DA:461,2
DA:464,2
DA:465,2
DA:466,2
DA:468,2
DA:470,0
DA:475,0
DA:483,2
DA:487,0
DA:494,0
DA:503,0
DA:508,0
DA:525,1
DA:527,1
DA:529,1
DA:531,1
DA:533,1
DA:537,0
DA:543,0
DA:547,0
DA:563,2
DA:565,2
DA:566,2
DA:571,2
DA:574,0
DA:576,2
DA:578,0
DA:582,2
DA:590,0
DA:594,0
DA:609,1
DA:613,1
DA:616,1
DA:618,0
DA:619,0
DA:622,0
DA:627,0
DA:633,1
DA:638,1
DA:640,1
DA:644,0
DA:645,0
DA:648,0
DA:651,0
DA:654,0
DA:656,0
DA:660,0
DA:665,0
DA:672,1
LF:163
LH:93
BRDA:34,0,0,0
BRDA:43,1,0,1
BRDA:43,1,1,0
BRDA:43,2,0,1
BRDA:43,2,1,0
BRDA:43,2,2,0
BRDA:55,3,0,1
BRDA:55,3,1,3
BRDA:55,4,0,4
BRDA:55,4,1,4
BRDA:58,5,0,1
BRDA:58,5,1,0
BRDA:65,6,0,0
BRDA:65,6,1,4
BRDA:65,7,0,4
BRDA:65,7,1,1
BRDA:96,8,0,0
BRDA:103,9,0,1
BRDA:103,9,1,0
BRDA:103,10,0,1
BRDA:103,10,1,0
BRDA:112,11,0,1
BRDA:112,11,1,0
BRDA:140,12,0,0
BRDA:162,13,0,0
BRDA:162,13,1,1
BRDA:172,14,0,0
BRDA:172,14,1,1
BRDA:176,15,0,0
BRDA:176,15,1,1
BRDA:176,16,0,1
BRDA:176,16,1,1
BRDA:181,17,0,1
BRDA:181,17,1,0
BRDA:208,18,0,0
BRDA:223,19,0,0
BRDA:223,19,1,1
BRDA:250,20,0,0
BRDA:273,21,0,0
BRDA:273,21,1,0
BRDA:273,22,0,0
BRDA:273,22,1,0
BRDA:284,23,0,0
BRDA:284,23,1,0
BRDA:284,24,0,0
BRDA:284,24,1,0
BRDA:314,25,0,0
BRDA:314,26,0,0
BRDA:320,27,0,1
BRDA:320,27,1,1
BRDA:351,28,0,1
BRDA:351,28,1,1
BRDA:355,29,0,0
BRDA:355,29,1,2
BRDA:359,30,0,0
BRDA:359,30,1,2
BRDA:363,31,0,1
BRDA:363,31,1,1
BRDA:369,32,0,0
BRDA:369,32,1,1
BRDA:392,33,0,0
BRDA:392,33,1,0
BRDA:396,34,0,0
BRDA:396,34,1,0
BRDA:400,35,0,0
BRDA:400,35,1,0
BRDA:432,36,0,0
BRDA:432,37,0,0
BRDA:450,38,0,2
BRDA:450,38,1,0
BRDA:461,39,0,2
BRDA:461,39,1,0
BRDA:468,40,0,0
BRDA:468,40,1,2
BRDA:523,41,0,0
BRDA:531,42,0,1
BRDA:531,42,1,0
BRDA:561,43,0,0
BRDA:561,44,0,0
BRDA:561,45,0,0
BRDA:571,46,0,0
BRDA:571,46,1,2
BRDA:571,47,0,2
BRDA:571,47,1,1
BRDA:571,47,2,2
BRDA:571,47,3,2
BRDA:576,48,0,0
BRDA:576,48,1,2
BRDA:576,49,0,2
BRDA:576,49,1,2
BRDA:607,50,0,0
BRDA:607,51,0,0
BRDA:613,52,0,1
BRDA:613,52,1,0
BRDA:613,53,0,1
BRDA:613,53,1,1
BRDA:616,54,0,0
BRDA:616,54,1,1
BRDA:654,55,0,0
BRDA:654,55,1,0
BRDA:654,56,0,0
BRDA:654,56,1,0
BRDA:654,56,2,0
BRF:103
BRH:45
end_of_record
TN:
SF:/tmp/validpoint/dist/CW_Runner.js
FN:24,(anonymous_0)
FN:35,(anonymous_1)
FN:50,(anonymous_2)
FN:112,(anonymous_3)
FN:115,(anonymous_4)
FN:175,(anonymous_5)
FN:237,(anonymous_6)
FN:268,(anonymous_7)
FN:286,(anonymous_8)
FN:289,(anonymous_9)
FN:308,(anonymous_10)
FN:311,(anonymous_11)
FN:349,(anonymous_12)
FN:354,(anonymous_13)
FN:361,(anonymous_14)
FN:379,(anonymous_15)
FN:382,(anonymous_16)
FN:386,(anonymous_17)
FN:400,(anonymous_18)
FN:419,(anonymous_19)
FN:438,(anonymous_20)
FN:442,(anonymous_21)
FN:451,(anonymous_22)
FN:455,(anonymous_23)
FN:464,(anonymous_24)
FN:468,(anonymous_25)
FN:479,(anonymous_26)
FN:483,(anonymous_27)
FN:492,(anonymous_28)
FN:496,(anonymous_29)
FN:505,(anonymous_30)
FN:509,(anonymous_31)
FN:520,(anonymous_32)
FN:524,(anonymous_33)
FN:535,(anonymous_34)
FN:539,(anonymous_35)
FN:548,(anonymous_36)
FN:552,(anonymous_37)
FN:561,(anonymous_38)
FN:568,(anonymous_39)
FN:582,(anonymous_40)
FN:646,(anonymous_41)
FN:652,(anonymous_42)
FN:662,(anonymous_43)
FN:679,(anonymous_44)
FN:724,(anonymous_45)
FN:727,(anonymous_46)
FN:731,(anonymous_47)
FN:746,(anonymous_48)
FN:752,(anonymous_49)
FN:764,(anonymous_50)
FN:794,(anonymous_51)
FN:804,(anonymous_52)
FN:840,(anonymous_53)
FN:851,(anonymous_54)
FN:861,(anonymous_55)
FN:881,(anonymous_56)
FN:899,(anonymous_57)
FN:910,(anonymous_58)
FN:922,(anonymous_59)
FN:940,(anonymous_60)
FN:969,(anonymous_61)
FN:975,(anonymous_62)
FN:981,(anonymous_63)
FN:1001,(anonymous_64)
FN:1023,(anonymous_65)
FN:1029,(anonymous_66)
FN:1036,(anonymous_67)
FN:1056,(anonymous_68)
FN:1081,(anonymous_69)
FN:1100,(anonymous_70)
FN:1129,(anonymous_71)
FN:1137,(anonymous_72)
FN:1147,(anonymous_73)
FN:1150,(anonymous_74)
FN:1163,(anonymous_75)
FN:1169,(anonymous_76)
FN:1177,(anonymous_77)
FN:1180,(anonymous_78)
FN:1193,(anonymous_79)
FN:1199,(anonymous_80)
FN:1207,(anonymous_81)
FN:1213,(anonymous_82)
FN:1224,(anonymous_83)
FN:1230,(anonymous_84)
FN:1238,(anonymous_85)
FN:1273,(anonymous_86)
FN:1279,(anonymous_87)
FN:1287,(anonymous_88)
FN:1292,(anonymous_89)
FN:1314,(anonymous_90)
FN:1320,(anonymous_91)
FN:1328,(anonymous_92)
FN:1334,(anonymous_93)
FN:1353,(anonymous_94)
FN:1359,(anonymous_95)
FN:1367,(anonymous_96)
FN:1382,(anonymous_97)
FN:1389,(anonymous_98)
FN:1424,(anonymous_99)
FN:1443,(anonymous_100)
FN:1448,(anonymous_101)
FN:1452,(anonymous_102)
FN:1506,(anonymous_103)
FN:1512,(anonymous_104)
FN:1520,(anonymous_105)
FN:1539,(anonymous_106)
FN:1568,(anonymous_107)
FN:1585,(anonymous_108)
FN:1596,(anonymous_109)
FN:1664,(anonymous_110)
FN:1667,(anonymous_111)
FN:1712,(anonymous_112)
FNF:113
FNH:0
FNDA:0,(anonymous_0)
FNDA:0,(anonymous_1)
FNDA:0,(anonymous_2)
FNDA:0,(anonymous_3)
FNDA:0,(anonymous_4)
FNDA:0,(anonymous_5)
FNDA:0,(anonymous_6)
FNDA:0,(anonymous_7)
FNDA:0,(anonymous_8)
FNDA:0,(anonymous_9)
FNDA:0,(anonymous_10)
FNDA:0,(anonymous_11)
FNDA:0,(anonymous_12)
FNDA:0,(anonymous_13)
FNDA:0,(anonymous_14)
FNDA:0,(anonymous_15)
FNDA:0,(anonymous_16)
FNDA:0,(anonymous_17)
FNDA:0,(anonymous_18)
FNDA:0,(anonymous_19)
FNDA:0,(anonymous_20)
FNDA:0,(anonymous_21)
FNDA:0,(anonymous_22)
FNDA:0,(anonymous_23)
FNDA:0,(anonymous_24)
FNDA:0,(anonymous_25)
FNDA:0,(anonymous_26)
FNDA:0,(anonymous_27)
FNDA:0,(anonymous_28)
FNDA:0,(anonymous_29)
FNDA:0,(anonymous_30)
FNDA:0,(anonymous_31)
FNDA:0,(anonymous_32)
FNDA:0,(anonymous_33)
FNDA:0,(anonymous_34)
FNDA:0,(anonymous_35)
FNDA:0,(anonymous_36)
FNDA:0,(anonymous_37)
FNDA:0,(anonymous_38)
FNDA:0,(anonymous_39)
FNDA:0,(anonymous_40)
FNDA:0,(anonymous_41)
FNDA:0,(anonymous_42)
FNDA:0,(anonymous_43)
FNDA:0,(anonymous_44)
FNDA:0,(anonymous_45)
FNDA:0,(anonymous_46)
FNDA:0,(anonymous_47)
FNDA:0,(anonymous_48)
FNDA:0,(anonymous_49)
FNDA:0,(anonymous_50)
FNDA:0,(anonymous_51)
FNDA:0,(anonymous_52)
FNDA:0,(anonymous_53)
FNDA:0,(anonymous_54)
FNDA:0,(anonymous_55)
FNDA:0,(anonymous_56)
FNDA:0,(anonymous_57)
FNDA:0,(anonymous_58)
FNDA:0,(anonymous_59)
FNDA:0,(anonymous_60)
FNDA:0,(anonymous_61)
FNDA:0,(anonymous_62)
FNDA:0,(anonymous_63)
FNDA:0,(anonymous_64)
FNDA:0,(anonymous_65)
FNDA:0,(anonymous_66)
FNDA:0,(anonymous_67)
FNDA:0,(anonymous_68)
FNDA:0,(anonymous_69)
FNDA:0,(anonymous_70)
FNDA:0,(anonymous_71)
FNDA:0,(anonymous_72)
FNDA:0,(anonymous_73)
FNDA:0,(anonymous_74)
FNDA:0,(anonymous_75)
FNDA:0,(anonymous_76)
FNDA:0,(anonymous_77)
FNDA:0,(anonymous_78)
FNDA:0,(anonymous_79)
FNDA:0,(anonymous_80)
FNDA:0,(anonymous_81)
FNDA:0,(anonymous_82)
FNDA:0,(anonymous_83)
FNDA:0,(anonymous_84)
FNDA:0,(anonymous_85)
FNDA:0,(anonymous_86)
FNDA:0,(anonymous_87)
FNDA:0,(anonymous_88)
FNDA:0,(anonymous_89)
FNDA:0,(anonymous_90)
FNDA:0,(anonymous_91)
FNDA:0,(anonymous_92)
FNDA:0,(anonymous_93)
FNDA:0,(anonymous_94)
FNDA:0,(anonymous_95)
FNDA:0,(anonymous_96)
FNDA:0,(anonymous_97)
FNDA:0,(anonymous_98)
FNDA:0,(anonymous_99)
FNDA:0,(anonymous_100)
FNDA:0,(anonymous_101)
FNDA:0,(anonymous_102)
FNDA:0,(anonymous_103)
FNDA:0,(anonymous_104)
FNDA:0,(anonymous_105)
FNDA:0,(anonymous_106)
FNDA:0,(anonymous_107)
FNDA:0,(anonymous_108)
FNDA:0,(anonymous_109)
FNDA:0,(anonymous_110)
FNDA:0,(anonymous_111)
FNDA:0,(anonymous_112)
DA:1,1
DA:2,1
DA:4,1
DA:5,1
DA:6,1
DA:8,1
DA:10,1
DA:37,0
DA:39,0
DA:41,0
DA:44,0
DA:52,0
DA:56,0
DA:58,0
DA:61,0
DA:64,0
DA:68,0
DA:71,0
DA:75,0
DA:81,0
DA:83,0
DA:86,0
DA:89,0
DA:93,0
DA:96,0
DA:100,0
DA:105,0
DA:114,0
DA:117,0
DA:119,0
DA:120,0
DA:122,0
DA:123,0
DA:125,0
DA:127,0
DA:131,0
DA:133,0
DA:136,0
DA:137,0
DA:139,0
DA:141,0
DA:144,0
DA:146,0
DA:149,0
DA:151,0
DA:155,0
DA:158,0
DA:165,0
DA:173,0
DA:174,0
DA:177,0
DA:179,0
DA:182,0
DA:184,0
DA:188,0
DA:190,0
DA:192,0
DA:194,0
DA:198,0
DA:200,0
DA:202,0
DA:205,0
DA:208,0
DA:212,0
DA:214,0
DA:216,0
DA:218,0
DA:221,0
DA:226,0
DA:239,0
DA:240,0
DA:243,0
DA:245,0
DA:247,0
DA:251,0
DA:254,0
DA:255,0
DA:256,0
DA:258,0
DA:259,0
DA:260,0
DA:264,0
DA:266,0
DA:267,0
DA:270,0
DA:273,0
DA:276,0
DA:288,0
DA:291,0
DA:292,0
DA:294,0
DA:296,0
DA:297,0
DA:310,0
DA:313,0
DA:315,0
DA:317,0
DA:319,0
DA:320,0
DA:322,0
DA:323,0
DA:326,0
DA:328,0
DA:332,0
DA:336,0
DA:338,0
DA:342,0
DA:345,0
DA:347,0
DA:351,0
DA:352,0
DA:357,0
DA:364,0
DA:365,0
DA:381,0
DA:384,0
DA:390,0
DA:392,0
DA:393,0
DA:394,0
DA:396,0
DA:403,0
DA:404,0
DA:421,0
DA:423,0
DA:425,0
DA:427,0
DA:428,0
DA:431,0
DA:434,0
DA:437,0
DA:440,0
DA:444,0
DA:450,0
DA:453,0
DA:457,0
DA:463,0
DA:466,0
DA:470,0
DA:477,0
DA:478,0
DA:481,0
DA:485,0
DA:491,0
DA:494,0
DA:498,0
DA:504,0
DA:507,0
DA:511,0
DA:518,0
DA:519,0
DA:522,0
DA:526,0
DA:533,0
DA:534,0
DA:537,0
DA:541,0
DA:547,0
DA:550,0
DA:554,0
DA:560,0
DA:563,0
DA:564,0
DA:566,0
DA:567,0
DA:570,0
DA:576,0
DA:578,0
DA:580,0
DA:581,0
DA:584,0
DA:586,0
DA:588,0
DA:590,0
DA:591,0
DA:593,0
DA:595,0
DA:597,0
DA:600,0
DA:602,0
DA:609,0
DA:622,0
DA:624,0
DA:633,0
DA:648,0
DA:649,0
DA:651,0
DA:654,0
DA:656,0
DA:660,0
DA:664,0
DA:668,0
DA:669,0
DA:670,0
DA:672,0
DA:674,0
DA:675,0
DA:677,0
DA:681,0
DA:685,0
DA:692,0
DA:693,0
DA:694,0
DA:696,0
DA:698,0
DA:699,0
DA:701,0
DA:726,0
DA:729,0
DA:733,0
DA:748,0
DA:749,0
DA:751,0
DA:754,0
DA:756,0
DA:760,0
DA:762,0
DA:766,0
DA:770,0
DA:775,0
DA:776,0
DA:779,0
DA:787,0
DA:789,0
DA:790,0
DA:793,0
DA:796,0
DA:800,0
DA:806,0
DA:814,0
DA:815,0
DA:816,0
DA:818,0
DA:819,0
DA:821,0
DA:842,0
DA:843,0
DA:845,0
DA:847,0
DA:850,0
DA:853,0
DA:855,0
DA:859,0
DA:863,0
DA:867,0
DA:868,0
DA:869,0
DA:870,0
DA:872,0
DA:874,0
DA:875,0
DA:877,0
DA:883,0
DA:901,0
DA:902,0
DA:904,0
DA:906,0
DA:909,0
DA:912,0
DA:914,0
DA:918,0
DA:920,0
DA:924,0
DA:928,0
DA:929,0
DA:930,0
DA:931,0
DA:933,0
DA:935,0
DA:936,0
DA:938,0
DA:942,0
DA:948,0
DA:949,0
DA:950,0
DA:952,0
DA:953,0
DA:955,0
DA:971,0
DA:972,0
DA:974,0
DA:977,0
DA:979,0
DA:983,0
DA:988,0
DA:989,0
DA:990,0
DA:992,0
DA:994,0
DA:995,0
DA:997,0
DA:1003,0
DA:1006,0
DA:1025,0
DA:1026,0
DA:1028,0
DA:1031,0
DA:1034,0
DA:1038,0
DA:1043,0
DA:1044,0
DA:1045,0
DA:1047,0
DA:1049,0
DA:1050,0
DA:1052,0
DA:1058,0
DA:1061,0
DA:1083,0
DA:1084,0
DA:1086,0
DA:1087,0
DA:1089,0
DA:1102,0
DA:1103,0
DA:1105,0
DA:1109,0
DA:1110,0
DA:1113,0
DA:1128,0
DA:1131,0
DA:1135,0
DA:1140,0
DA:1145,0
DA:1149,0
DA:1152,0
DA:1157,0
DA:1159,0
DA:1165,0
DA:1175,0
DA:1179,0
DA:1182,0
DA:1187,0
DA:1189,0
DA:1195,0
DA:1205,0
DA:1210,0
DA:1212,0
DA:1215,0
DA:1218,0
DA:1220,0
DA:1226,0
DA:1236,0
DA:1240,0
DA:1243,0
DA:1245,0
DA:1246,0
DA:1248,0
DA:1250,0
DA:1251,0
DA:1253,0
DA:1255,0
DA:1256,0
DA:1260,0
DA:1262,0
DA:1266,0
DA:1269,0
DA:1275,0
DA:1285,0
DA:1289,0
DA:1291,0
DA:1294,0
DA:1296,0
DA:1300,0
DA:1302,0
DA:1306,0
DA:1310,0
DA:1316,0
DA:1326,0
DA:1331,0
DA:1333,0
DA:1337,0
DA:1339,0
DA:1343,0
DA:1345,0
DA:1349,0
DA:1355,0
DA:1361,0
DA:1365,0
DA:1369,0
DA:1370,0
DA:1371,0
DA:1372,0
DA:1374,0
DA:1375,0
DA:1377,0
DA:1379,0
DA:1384,0
DA:1394,0
DA:1396,0
DA:1397,0
DA:1398,0
DA:1399,0
DA:1401,0
DA:1426,0
DA:1427,0
DA:1429,0
DA:1430,0
DA:1432,0
DA:1434,0
DA:1437,0
DA:1442,0
DA:1446,0
DA:1450,0
DA:1454,0
DA:1457,0
DA:1459,0
DA:1460,0
DA:1461,0
DA:1462,0
DA:1464,0
DA:1466,0
DA:1467,0
DA:1470,0
DA:1473,0
DA:1477,0
DA:1479,0
DA:1481,0
DA:1482,0
DA:1487,0
DA:1488,0
DA:1489,0
DA:1490,0
DA:1492,0
DA:1493,0
DA:1495,0
DA:1497,0
DA:1499,0
DA:1500,0
DA:1508,0
DA:1514,0
DA:1518,0
DA:1522,0
DA:1526,0
DA:1527,0
DA:1528,0
DA:1529,0
DA:1531,0
DA:1533,0
DA:1534,0
DA:1536,0
DA:1541,0
DA:1546,0
DA:1548,0
DA:1552,0
DA:1553,0
DA:1554,0
DA:1555,0
DA:1557,0
DA:1559,0
DA:1560,0
DA:1562,0
DA:1571,0
DA:1587,0
DA:1598,0
DA:1599,0
DA:1655,0
DA:1666,0
DA:1670,0
DA:1676,0
DA:1677,0
DA:1680,0
DA:1681,0
DA:1683,0
DA:1687,0
DA:1690,0
DA:1693,0
DA:1695,0
DA:1699,0
DA:1704,0
DA:1707,0
DA:1709,0
DA:1710,0
DA:1711,0
DA:1714,0
DA:1716,0
DA:1718,0
DA:1722,0
DA:1725,0
DA:1727,0
DA:1731,0
DA:1734,0
DA:1735,0
DA:1736,0
DA:1737,0
DA:1739,0
DA:1746,0
DA:1748,0
DA:1753,0
DA:1755,0
DA:1759,0
DA:1765,0
DA:1768,0
DA:1770,0
DA:1774,0
DA:1779,0
DA:1782,0
DA:1783,0
DA:1784,0
DA:1785,0
DA:1786,0
DA:1788,0
DA:1795,1
LF:503
LH:8
BRDA:39,0,0,0
BRDA:39,0,1,0
BRDA:39,1,0,0
BRDA:39,1,1,0
BRDA:50,2,0,0
BRDA:50,3,0,0
BRDA:50,4,0,0
BRDA:56,5,0,0
BRDA:56,5,1,0
BRDA:58,6,0,0
BRDA:58,6,1,0
BRDA:58,7,0,0
BRDA:58,7,1,0
BRDA:64,8,0,0
BRDA:64,8,1,0
BRDA:64,9,0,0
BRDA:64,9,1,0
BRDA:68,10,0,0
BRDA:68,10,1,0
BRDA:68,11,0,0
BRDA:68,11,1,0
BRDA:81,12,0,0
BRDA:81,12,1,0
BRDA:81,13,0,0
BRDA:81,13,1,0
BRDA:83,14,0,0
BRDA:83,14,1,0
BRDA:83,15,0,0
BRDA:83,15,1,0
BRDA:89,16,0,0
BRDA:89,16,1,0
BRDA:89,17,0,0
BRDA:89,17,1,0
BRDA:93,18,0,0
BRDA:93,18,1,0
BRDA:93,19,0,0
BRDA:93,19,1,0
BRDA:112,20,0,0
BRDA:112,21,0,0
BRDA:112,22,0,0
BRDA:120,23,0,0
BRDA:120,23,1,0
BRDA:125,24,0,0
BRDA:125,24,1,0
BRDA:131,25,0,0
BRDA:131,25,1,0
BRDA:136,26,0,0
BRDA:136,26,1,0
BRDA:137,27,0,0
BRDA:137,27,1,0
BRDA:139,28,0,0
BRDA:139,28,1,0
BRDA:144,29,0,0
BRDA:144,29,1,0
BRDA:144,30,0,0
BRDA:144,30,1,0
BRDA:149,31,0,0
BRDA:149,31,1,0
BRDA:149,32,0,0
BRDA:149,32,1,0
BRDA:182,33,0,0
BRDA:182,33,1,0
BRDA:188,34,0,0
BRDA:188,34,1,0
BRDA:188,35,0,0
BRDA:188,35,1,0
BRDA:192,36,0,0
BRDA:192,36,1,0
BRDA:192,37,0,0
BRDA:192,37,1,0
BRDA:200,38,0,0
BRDA:200,38,1,0
BRDA:200,39,0,0
BRDA:200,39,1,0
BRDA:205,40,0,0
BRDA:205,40,1,0
BRDA:205,41,0,0
BRDA:205,41,1,0
BRDA:205,41,2,0
BRDA:205,41,3,0
BRDA:212,42,0,0
BRDA:212,42,1,0
BRDA:212,43,0,0
BRDA:212,43,1,0
BRDA:216,44,0,0
BRDA:216,44,1,0
BRDA:216,45,0,0
BRDA:216,45,1,0
BRDA:237,46,0,0
BRDA:243,47,0,0
BRDA:243,47,1,0
BRDA:243,48,0,0
BRDA:243,48,1,0
BRDA:251,49,0,0
BRDA:251,49,1,0
BRDA:251,50,0,0
BRDA:251,50,1,0
BRDA:251,50,2,0
BRDA:264,51,0,0
BRDA:264,51,1,0
BRDA:286,52,0,0
BRDA:286,53,0,0
BRDA:292,54,0,0
BRDA:292,54,1,0
BRDA:292,55,0,0
BRDA:292,55,1,0
BRDA:292,55,2,0
BRDA:308,56,0,0
BRDA:315,57,0,0
BRDA:315,57,1,0
BRDA:326,58,0,0
BRDA:326,58,1,0
BRDA:336,59,0,0
BRDA:336,59,1,0
BRDA:345,60,0,0
BRDA:345,60,1,0
BRDA:390,61,0,0
BRDA:390,61,1,0
BRDA:390,62,0,0
BRDA:390,62,1,0
BRDA:419,63,0,0
BRDA:419,64,0,0
BRDA:419,65,0,0
BRDA:421,66,0,0
BRDA:421,66,1,0
BRDA:425,67,0,0
BRDA:425,67,1,0
BRDA:434,68,0,0
BRDA:434,68,1,0
BRDA:434,68,2,0
BRDA:434,68,3,0
BRDA:434,68,4,0
BRDA:434,68,5,0
BRDA:434,68,6,0
BRDA:434,68,7,0
BRDA:434,68,8,0
BRDA:434,68,9,0
BRDA:434,68,10,0
BRDA:434,68,11,0
BRDA:434,68,12,0
BRDA:477,69,0,0
BRDA:477,69,1,0
BRDA:518,70,0,0
BRDA:518,70,1,0
BRDA:533,71,0,0
BRDA:533,71,1,0
BRDA:570,72,0,0
BRDA:570,72,1,0
BRDA:578,73,0,0
BRDA:578,73,1,0
BRDA:578,74,0,0
BRDA:578,74,1,0
BRDA:578,74,2,0
BRDA:578,74,3,0
BRDA:588,75,0,0
BRDA:588,75,1,0
BRDA:591,76,0,0
BRDA:591,76,1,0
BRDA:591,77,0,0
BRDA:591,77,1,0
BRDA:593,78,0,0
BRDA:593,78,1,0
BRDA:595,79,0,0
BRDA:595,79,1,0
BRDA:595,80,0,0
BRDA:595,80,1,0
BRDA:606,81,0,0
BRDA:606,81,1,0
BRDA:607,82,0,0
BRDA:607,82,1,0
BRDA:622,83,0,0
BRDA:622,83,1,0
BRDA:646,84,0,0
BRDA:646,85,0,0
BRDA:724,86,0,0
BRDA:724,87,0,0
BRDA:746,88,0,0
BRDA:746,89,0,0
BRDA:840,90,0,0
BRDA:840,91,0,0
BRDA:840,92,0,0
BRDA:845,93,0,0
BRDA:845,93,1,0
BRDA:899,94,0,0
BRDA:899,95,0,0
BRDA:899,96,0,0
BRDA:904,97,0,0
BRDA:904,97,1,0
BRDA:969,98,0,0
BRDA:969,99,0,0
BRDA:1023,100,0,0
BRDA:1023,101,0,0
BRDA:1081,102,0,0
BRDA:1081,103,0,0
BRDA:1100,104,0,0
BRDA:1100,105,0,0
BRDA:1210,106,0,0
BRDA:1210,106,1,0
BRDA:1240,107,0,0
BRDA:1240,107,1,0
BRDA:1243,108,0,0
BRDA:1243,108,1,0
BRDA:1248,109,0,0
BRDA:1248,109,1,0
BRDA:1248,110,0,0
BRDA:1248,110,1,0
BRDA:1253,111,0,0
BRDA:1253,111,1,0
BRDA:1253,112,0,0
BRDA:1253,112,1,0
BRDA:1289,113,0,0
BRDA:1289,113,1,0
BRDA:1294,114,0,0
BRDA:1294,114,1,0
BRDA:1294,115,0,0
BRDA:1294,115,1,0
BRDA:1331,116,0,0
BRDA:1331,116,1,0
BRDA:1337,117,0,0
BRDA:1337,117,1,0
BRDA:1424,118,0,0
BRDA:1424,119,0,0
BRDA:1424,120,0,0
BRDA:1432,121,0,0
BRDA:1432,121,1,0
BRDA:1470,122,0,0
BRDA:1470,122,1,0
BRDA:1470,123,0,0
BRDA:1470,123,1,0
BRDA:1477,124,0,0
BRDA:1477,124,1,0
BRDA:1495,125,0,0
BRDA:1495,125,1,0
BRDA:1546,126,0,0
BRDA:1546,126,1,0
BRDA:1546,127,0,0
BRDA:1546,127,1,0
BRDA:1546,127,2,0
BRDA:1681,128,0,0
BRDA:1681,128,1,0
BRDA:1681,129,0,0
BRDA:1681,129,1,0
BRDA:1690,130,0,0
BRDA:1690,130,1,0
BRDA:1690,131,0,0
BRDA:1690,131,1,0
BRDA:1690,131,2,0
BRDA:1693,132,0,0
BRDA:1693,132,1,0
BRDA:1707,133,0,0
BRDA:1707,133,1,0
BRDA:1707,134,0,0
BRDA:1707,134,1,0
BRDA:1716,135,0,0
BRDA:1716,135,1,0
BRDA:1716,136,0,0
BRDA:1716,136,1,0
BRDA:1725,137,0,0
BRDA:1725,137,1,0
BRDA:1725,138,0,0
BRDA:1725,138,1,0
BRDA:1725,138,2,0
BRDA:1736,139,0,0
BRDA:1736,139,1,0
BRDA:1737,140,0,0
BRDA:1737,140,1,0
BRDA:1746,141,0,0
BRDA:1746,141,1,0
BRDA:1746,142,0,0
BRDA:1746,142,1,0
BRDA:1746,142,2,0
BRDA:1753,143,0,0
BRDA:1753,143,1,0
BRDA:1753,144,0,0
BRDA:1753,144,1,0
BRDA:1765,145,0,0
BRDA:1765,145,1,0
BRDA:1765,146,0,0
BRDA:1765,146,1,0
BRDA:1765,146,2,0
BRDA:1768,147,0,0
BRDA:1768,147,1,0
BRDA:1785,148,0,0
BRDA:1785,148,1,0
BRDA:1786,149,0,0
BRDA:1786,149,1,0
BRF:286
BRH:0
end_of_record
TN:
SF:/tmp/validpoint/dist/CW_StringUtil.js
FN:11,(anonymous_0)
FN:22,(anonymous_1)
FNF:2
FNH:2
FNDA:1,(anonymous_0)
FNDA:2,(anonymous_1)
DA:24,2
DA:26,1
DA:28,2
DA:32,1
LF:4
LH:4
BRDA:24,0,0,1
BRDA:24,0,1,1
BRF:2
BRH:2
end_of_record
