<?xml version="1.0" encoding="UTF-8"?>
<coverage generated="1585667868193" clover="3.2.0">
  <project timestamp="1585667868194" name="All files">
    <metrics statements="815" coveredstatements="119" conditionals="478" coveredconditionals="49" methods="181" coveredmethods="25" elements="1474" coveredelements="193" complexity="0" loc="815" ncloc="815" packages="1" files="8" classes="8"/>
    <file name="CW_Advice.js" path="/Users/costmo/Documents/dev/consultwebs/LawEval/validpoint/dist/CW_Advice.js">
      <metrics statements="41" coveredstatements="2" conditionals="26" coveredconditionals="0" methods="6" coveredmethods="0"/>
      <line num="1" count="1" type="stmt"/>
      <line num="28" count="0" type="stmt"/>
      <line num="35" count="0" type="stmt"/>
      <line num="42" count="0" type="stmt"/>
      <line num="49" count="0" type="stmt"/>
      <line num="55" count="0" type="stmt"/>
      <line num="67" count="0" type="stmt"/>
      <line num="86" count="0" type="stmt"/>
      <line num="94" count="0" type="stmt"/>
      <line num="106" count="0" type="stmt"/>
      <line num="110" count="0" type="stmt"/>
      <line num="113" count="0" type="cond" truecount="0" falsecount="2"/>
      <line num="115" count="0" type="stmt"/>
      <line num="124" count="0" type="cond" truecount="0" falsecount="4"/>
      <line num="126" count="0" type="stmt"/>
      <line num="128" count="0" type="cond" truecount="0" falsecount="2"/>
      <line num="130" count="0" type="stmt"/>
      <line num="144" count="0" type="stmt"/>
      <line num="151" count="0" type="cond" truecount="0" falsecount="2"/>
      <line num="153" count="0" type="stmt"/>
      <line num="156" count="0" type="cond" truecount="0" falsecount="2"/>
      <line num="159" count="0" type="cond" truecount="0" falsecount="2"/>
      <line num="161" count="0" type="stmt"/>
      <line num="165" count="0" type="stmt"/>
      <line num="168" count="0" type="cond" truecount="0" falsecount="2"/>
      <line num="170" count="0" type="stmt"/>
      <line num="172" count="0" type="stmt"/>
      <line num="179" count="0" type="cond" truecount="0" falsecount="2"/>
      <line num="181" count="0" type="stmt"/>
      <line num="183" count="0" type="stmt"/>
      <line num="189" count="0" type="cond" truecount="0" falsecount="2"/>
      <line num="191" count="0" type="stmt"/>
      <line num="193" count="0" type="stmt"/>
      <line num="202" count="0" type="cond" truecount="0" falsecount="2"/>
      <line num="204" count="0" type="stmt"/>
      <line num="205" count="0" type="stmt"/>
      <line num="208" count="0" type="cond" truecount="0" falsecount="2"/>
      <line num="212" count="0" type="stmt"/>
      <line num="213" count="0" type="stmt"/>
      <line num="218" count="0" type="stmt"/>
      <line num="222" count="1" type="stmt"/>
    </file>
    <file name="CW_AdviceContent.js" path="/Users/costmo/Documents/dev/consultwebs/LawEval/validpoint/dist/CW_AdviceContent.js">
      <metrics statements="37" coveredstatements="4" conditionals="43" coveredconditionals="0" methods="7" coveredmethods="0"/>
      <line num="1" count="1" type="stmt"/>
      <line num="2" count="1" type="stmt"/>
      <line num="3" count="1" type="stmt"/>
      <line num="27" count="0" type="stmt"/>
      <line num="28" count="0" type="stmt"/>
      <line num="29" count="0" type="stmt"/>
      <line num="30" count="0" type="stmt"/>
      <line num="42" count="0" type="stmt"/>
      <line num="57" count="0" type="cond" truecount="0" falsecount="5"/>
      <line num="60" count="0" type="stmt"/>
      <line num="62" count="0" type="stmt"/>
      <line num="64" count="0" type="stmt"/>
      <line num="66" count="0" type="stmt"/>
      <line num="68" count="0" type="stmt"/>
      <line num="82" count="0" type="cond" truecount="0" falsecount="5"/>
      <line num="84" count="0" type="stmt"/>
      <line num="98" count="0" type="cond" truecount="0" falsecount="4"/>
      <line num="100" count="0" type="stmt"/>
      <line num="114" count="0" type="cond" truecount="0" falsecount="4"/>
      <line num="116" count="0" type="stmt"/>
      <line num="135" count="0" type="stmt"/>
      <line num="136" count="0" type="stmt"/>
      <line num="138" count="0" type="cond" truecount="0" falsecount="2"/>
      <line num="140" count="0" type="stmt"/>
      <line num="141" count="0" type="cond" truecount="0" falsecount="2"/>
      <line num="143" count="0" type="stmt"/>
      <line num="145" count="0" type="cond" truecount="0" falsecount="2"/>
      <line num="147" count="0" type="stmt"/>
      <line num="151" count="0" type="cond" truecount="0" falsecount="2"/>
      <line num="153" count="0" type="stmt"/>
      <line num="154" count="0" type="stmt"/>
      <line num="156" count="0" type="cond" truecount="0" falsecount="2"/>
      <line num="158" count="0" type="stmt"/>
      <line num="159" count="0" type="stmt"/>
      <line num="162" count="0" type="cond" truecount="0" falsecount="2"/>
      <line num="164" count="0" type="stmt"/>
      <line num="171" count="1" type="stmt"/>
    </file>
    <file name="CW_Constants.js" path="/Users/costmo/Documents/dev/consultwebs/LawEval/validpoint/dist/CW_Constants.js">
      <metrics statements="1" coveredstatements="1" conditionals="0" coveredconditionals="0" methods="0" coveredmethods="0"/>
      <line num="1" count="1" type="stmt"/>
    </file>
    <file name="CW_InputParser.js" path="/Users/costmo/Documents/dev/consultwebs/LawEval/validpoint/dist/CW_InputParser.js">
      <metrics statements="27" coveredstatements="6" conditionals="7" coveredconditionals="2" methods="6" coveredmethods="1"/>
      <line num="18" count="2" type="stmt"/>
      <line num="19" count="2" type="cond" truecount="2" falsecount="0"/>
      <line num="21" count="1" type="stmt"/>
      <line num="25" count="1" type="stmt"/>
      <line num="27" count="2" type="stmt"/>
      <line num="37" count="0" type="stmt"/>
      <line num="39" count="0" type="stmt"/>
      <line num="42" count="0" type="stmt"/>
      <line num="43" count="0" type="stmt"/>
      <line num="46" count="0" type="cond" truecount="0" falsecount="2"/>
      <line num="49" count="0" type="stmt"/>
      <line num="50" count="0" type="stmt"/>
      <line num="54" count="0" type="stmt"/>
      <line num="55" count="0" type="stmt"/>
      <line num="63" count="0" type="stmt"/>
      <line num="64" count="0" type="stmt"/>
      <line num="76" count="0" type="stmt"/>
      <line num="78" count="0" type="stmt"/>
      <line num="80" count="0" type="stmt"/>
      <line num="84" count="0" type="stmt"/>
      <line num="85" count="0" type="stmt"/>
      <line num="88" count="0" type="stmt"/>
      <line num="102" count="0" type="stmt"/>
      <line num="103" count="0" type="stmt"/>
      <line num="105" count="0" type="stmt"/>
      <line num="108" count="0" type="stmt"/>
      <line num="116" count="1" type="stmt"/>
    </file>
    <file name="CW_Network.js" path="/Users/costmo/Documents/dev/consultwebs/LawEval/validpoint/dist/CW_Network.js">
      <metrics statements="38" coveredstatements="1" conditionals="11" coveredconditionals="0" methods="20" coveredmethods="1"/>
      <line num="26" count="0" type="stmt"/>
      <line num="27" count="0" type="stmt"/>
      <line num="29" count="0" type="stmt"/>
      <line num="32" count="0" type="stmt"/>
      <line num="45" count="0" type="stmt"/>
      <line num="46" count="0" type="stmt"/>
      <line num="48" count="0" type="stmt"/>
      <line num="51" count="0" type="stmt"/>
      <line num="64" count="0" type="stmt"/>
      <line num="65" count="0" type="stmt"/>
      <line num="67" count="0" type="stmt"/>
      <line num="70" count="0" type="stmt"/>
      <line num="74" count="0" type="stmt"/>
      <line num="90" count="0" type="stmt"/>
      <line num="91" count="0" type="stmt"/>
      <line num="93" count="0" type="stmt"/>
      <line num="96" count="0" type="stmt"/>
      <line num="110" count="0" type="stmt"/>
      <line num="111" count="0" type="stmt"/>
      <line num="113" count="0" type="stmt"/>
      <line num="116" count="0" type="stmt"/>
      <line num="131" count="0" type="stmt"/>
      <line num="132" count="0" type="stmt"/>
      <line num="134" count="0" type="stmt"/>
      <line num="137" count="0" type="stmt"/>
      <line num="152" count="0" type="stmt"/>
      <line num="153" count="0" type="stmt"/>
      <line num="155" count="0" type="stmt"/>
      <line num="158" count="0" type="stmt"/>
      <line num="171" count="0" type="stmt"/>
      <line num="172" count="0" type="stmt"/>
      <line num="174" count="0" type="stmt"/>
      <line num="177" count="0" type="stmt"/>
      <line num="190" count="0" type="stmt"/>
      <line num="191" count="0" type="stmt"/>
      <line num="193" count="0" type="stmt"/>
      <line num="196" count="0" type="stmt"/>
      <line num="204" count="1" type="stmt"/>
    </file>
    <file name="CW_PromiseResolver.js" path="/Users/costmo/Documents/dev/consultwebs/LawEval/validpoint/dist/CW_PromiseResolver.js">
      <metrics statements="163" coveredstatements="93" conditionals="103" coveredconditionals="45" methods="27" coveredmethods="21"/>
      <line num="11" count="1" type="stmt"/>
      <line num="13" count="1" type="stmt"/>
      <line num="14" count="1" type="stmt"/>
      <line num="15" count="1" type="stmt"/>
      <line num="38" count="1" type="stmt"/>
      <line num="42" count="1" type="stmt"/>
      <line num="43" count="1" type="stmt"/>
      <line num="45" count="1" type="cond" truecount="2" falsecount="3"/>
      <line num="47" count="1" type="stmt"/>
      <line num="50" count="1" type="stmt"/>
      <line num="54" count="4" type="stmt"/>
      <line num="57" count="4" type="cond" truecount="4" falsecount="0"/>
      <line num="60" count="1" type="cond" truecount="1" falsecount="1"/>
      <line num="62" count="1" type="stmt"/>
      <line num="63" count="1" type="stmt"/>
      <line num="67" count="4" type="cond" truecount="3" falsecount="1"/>
      <line num="69" count="0" type="stmt"/>
      <line num="80" count="0" type="stmt"/>
      <line num="81" count="0" type="stmt"/>
      <line num="83" count="0" type="stmt"/>
      <line num="87" count="0" type="stmt"/>
      <line num="100" count="1" type="stmt"/>
      <line num="102" count="1" type="stmt"/>
      <line num="103" count="1" type="stmt"/>
      <line num="105" count="1" type="cond" truecount="2" falsecount="2"/>
      <line num="107" count="1" type="stmt"/>
      <line num="110" count="1" type="stmt"/>
      <line num="114" count="1" type="cond" truecount="1" falsecount="1"/>
      <line num="116" count="1" type="stmt"/>
      <line num="118" count="1" type="stmt"/>
      <line num="126" count="0" type="stmt"/>
      <line num="130" count="0" type="stmt"/>
      <line num="146" count="1" type="stmt"/>
      <line num="148" count="1" type="stmt"/>
      <line num="154" count="1" type="stmt"/>
      <line num="161" count="1" type="stmt"/>
      <line num="164" count="1" type="cond" truecount="1" falsecount="1"/>
      <line num="171" count="1" type="stmt"/>
      <line num="174" count="1" type="cond" truecount="1" falsecount="1"/>
      <line num="176" count="0" type="stmt"/>
      <line num="178" count="1" type="cond" truecount="3" falsecount="1"/>
      <line num="180" count="0" type="stmt"/>
      <line num="181" count="0" type="stmt"/>
      <line num="183" count="1" type="cond" truecount="1" falsecount="1"/>
      <line num="185" count="1" type="stmt"/>
      <line num="186" count="1" type="stmt"/>
      <line num="190" count="0" type="stmt"/>
      <line num="191" count="0" type="stmt"/>
      <line num="195" count="1" type="stmt"/>
      <line num="214" count="1" type="stmt"/>
      <line num="220" count="1" type="stmt"/>
      <line num="222" count="1" type="stmt"/>
      <line num="225" count="1" type="cond" truecount="1" falsecount="1"/>
      <line num="227" count="0" type="stmt"/>
      <line num="228" count="0" type="stmt"/>
      <line num="229" count="0" type="stmt"/>
      <line num="231" count="0" type="stmt"/>
      <line num="235" count="1" type="stmt"/>
      <line num="236" count="1" type="stmt"/>
      <line num="237" count="1" type="stmt"/>
      <line num="254" count="0" type="stmt"/>
      <line num="256" count="0" type="stmt"/>
      <line num="258" count="0" type="stmt"/>
      <line num="266" count="0" type="stmt"/>
      <line num="267" count="0" type="stmt"/>
      <line num="269" count="0" type="stmt"/>
      <line num="272" count="0" type="stmt"/>
      <line num="275" count="0" type="cond" truecount="0" falsecount="4"/>
      <line num="277" count="0" type="stmt"/>
      <line num="280" count="0" type="stmt"/>
      <line num="284" count="0" type="stmt"/>
      <line num="286" count="0" type="cond" truecount="0" falsecount="4"/>
      <line num="288" count="0" type="stmt"/>
      <line num="292" count="0" type="stmt"/>
      <line num="298" count="0" type="stmt"/>
      <line num="303" count="0" type="stmt"/>
      <line num="318" count="2" type="stmt"/>
      <line num="321" count="2" type="stmt"/>
      <line num="322" count="2" type="cond" truecount="2" falsecount="0"/>
      <line num="324" count="1" type="stmt"/>
      <line num="328" count="2" type="stmt"/>
      <line num="335" count="2" type="stmt"/>
      <line num="340" count="2" type="stmt"/>
      <line num="342" count="2" type="stmt"/>
      <line num="346" count="2" type="stmt"/>
      <line num="348" count="2" type="stmt"/>
      <line num="357" count="2" type="cond" truecount="1" falsecount="1"/>
      <line num="359" count="0" type="stmt"/>
      <line num="361" count="2" type="cond" truecount="1" falsecount="1"/>
      <line num="363" count="0" type="stmt"/>
      <line num="365" count="2" type="cond" truecount="2" falsecount="0"/>
      <line num="368" count="1" type="stmt"/>
      <line num="369" count="1" type="stmt"/>
      <line num="371" count="1" type="cond" truecount="1" falsecount="1"/>
      <line num="373" count="0" type="stmt"/>
      <line num="376" count="2" type="stmt"/>
      <line num="382" count="2" type="stmt"/>
      <line num="384" count="2" type="stmt"/>
      <line num="387" count="0" type="stmt"/>
      <line num="394" count="0" type="cond" truecount="0" falsecount="2"/>
      <line num="396" count="0" type="stmt"/>
      <line num="398" count="0" type="cond" truecount="0" falsecount="2"/>
      <line num="400" count="0" type="stmt"/>
      <line num="402" count="0" type="cond" truecount="0" falsecount="2"/>
      <line num="404" count="0" type="stmt"/>
      <line num="408" count="0" type="stmt"/>
      <line num="415" count="0" type="stmt"/>
      <line num="420" count="0" type="stmt"/>
      <line num="436" count="2" type="stmt"/>
      <line num="438" count="2" type="stmt"/>
      <line num="443" count="2" type="stmt"/>
      <line num="449" count="2" type="stmt"/>
      <line num="452" count="2" type="cond" truecount="1" falsecount="1"/>
      <line num="455" count="2" type="stmt"/>
      <line num="463" count="2" type="cond" truecount="1" falsecount="1"/>
      <line num="466" count="2" type="stmt"/>
      <line num="467" count="2" type="stmt"/>
      <line num="468" count="2" type="stmt"/>
      <line num="470" count="2" type="cond" truecount="1" falsecount="1"/>
      <line num="472" count="0" type="stmt"/>
      <line num="477" count="0" type="stmt"/>
      <line num="485" count="2" type="stmt"/>
      <line num="489" count="0" type="stmt"/>
      <line num="496" count="0" type="stmt"/>
      <line num="505" count="0" type="stmt"/>
      <line num="510" count="0" type="stmt"/>
      <line num="527" count="1" type="stmt"/>
      <line num="529" count="1" type="stmt"/>
      <line num="531" count="1" type="stmt"/>
      <line num="533" count="1" type="cond" truecount="1" falsecount="1"/>
      <line num="535" count="1" type="stmt"/>
      <line num="539" count="0" type="stmt"/>
      <line num="545" count="0" type="stmt"/>
      <line num="549" count="0" type="stmt"/>
      <line num="565" count="2" type="stmt"/>
      <line num="567" count="2" type="stmt"/>
      <line num="568" count="2" type="stmt"/>
      <line num="573" count="2" type="cond" truecount="5" falsecount="1"/>
      <line num="576" count="0" type="stmt"/>
      <line num="578" count="2" type="cond" truecount="3" falsecount="1"/>
      <line num="580" count="0" type="stmt"/>
      <line num="584" count="2" type="stmt"/>
      <line num="592" count="0" type="stmt"/>
      <line num="596" count="0" type="stmt"/>
      <line num="602" count="1" type="stmt"/>
      <line num="606" count="1" type="cond" truecount="3" falsecount="1"/>
      <line num="609" count="1" type="cond" truecount="1" falsecount="1"/>
      <line num="611" count="0" type="stmt"/>
      <line num="612" count="0" type="stmt"/>
      <line num="615" count="0" type="stmt"/>
      <line num="620" count="0" type="stmt"/>
      <line num="626" count="1" type="stmt"/>
      <line num="631" count="1" type="stmt"/>
      <line num="633" count="1" type="stmt"/>
      <line num="637" count="0" type="stmt"/>
      <line num="638" count="0" type="stmt"/>
      <line num="641" count="0" type="stmt"/>
      <line num="644" count="0" type="stmt"/>
      <line num="647" count="0" type="cond" truecount="0" falsecount="5"/>
      <line num="649" count="0" type="stmt"/>
      <line num="653" count="0" type="stmt"/>
      <line num="658" count="0" type="stmt"/>
      <line num="665" count="1" type="stmt"/>
    </file>
    <file name="CW_Runner.js" path="/Users/costmo/Documents/dev/consultwebs/LawEval/validpoint/dist/CW_Runner.js">
      <metrics statements="504" coveredstatements="8" conditionals="286" coveredconditionals="0" methods="113" coveredmethods="0"/>
      <line num="6" count="1" type="stmt"/>
      <line num="7" count="1" type="stmt"/>
      <line num="9" count="1" type="stmt"/>
      <line num="10" count="1" type="stmt"/>
      <line num="11" count="1" type="stmt"/>
      <line num="13" count="1" type="stmt"/>
      <line num="15" count="1" type="stmt"/>
      <line num="39" count="0" type="stmt"/>
      <line num="41" count="0" type="cond" truecount="0" falsecount="4"/>
      <line num="43" count="0" type="stmt"/>
      <line num="46" count="0" type="stmt"/>
      <line num="54" count="0" type="stmt"/>
      <line num="58" count="0" type="cond" truecount="0" falsecount="2"/>
      <line num="60" count="0" type="cond" truecount="0" falsecount="4"/>
      <line num="63" count="0" type="stmt"/>
      <line num="66" count="0" type="cond" truecount="0" falsecount="4"/>
      <line num="70" count="0" type="cond" truecount="0" falsecount="4"/>
      <line num="73" count="0" type="stmt"/>
      <line num="77" count="0" type="stmt"/>
      <line num="83" count="0" type="cond" truecount="0" falsecount="4"/>
      <line num="85" count="0" type="cond" truecount="0" falsecount="4"/>
      <line num="88" count="0" type="stmt"/>
      <line num="91" count="0" type="cond" truecount="0" falsecount="4"/>
      <line num="95" count="0" type="cond" truecount="0" falsecount="4"/>
      <line num="98" count="0" type="stmt"/>
      <line num="102" count="0" type="stmt"/>
      <line num="107" count="0" type="stmt"/>
      <line num="116" count="0" type="stmt"/>
      <line num="119" count="0" type="stmt"/>
      <line num="121" count="0" type="stmt"/>
      <line num="122" count="0" type="cond" truecount="0" falsecount="2"/>
      <line num="124" count="0" type="stmt"/>
      <line num="125" count="0" type="stmt"/>
      <line num="127" count="0" type="cond" truecount="0" falsecount="2"/>
      <line num="129" count="0" type="stmt"/>
      <line num="133" count="0" type="cond" truecount="0" falsecount="2"/>
      <line num="135" count="0" type="stmt"/>
      <line num="138" count="0" type="cond" truecount="0" falsecount="2"/>
      <line num="139" count="0" type="cond" truecount="0" falsecount="2"/>
      <line num="141" count="0" type="cond" truecount="0" falsecount="2"/>
      <line num="143" count="0" type="stmt"/>
      <line num="146" count="0" type="cond" truecount="0" falsecount="4"/>
      <line num="148" count="0" type="stmt"/>
      <line num="151" count="0" type="cond" truecount="0" falsecount="4"/>
      <line num="153" count="0" type="stmt"/>
      <line num="157" count="0" type="stmt"/>
      <line num="160" count="0" type="stmt"/>
      <line num="167" count="0" type="stmt"/>
      <line num="175" count="0" type="stmt"/>
      <line num="176" count="0" type="stmt"/>
      <line num="179" count="0" type="stmt"/>
      <line num="181" count="0" type="stmt"/>
      <line num="184" count="0" type="cond" truecount="0" falsecount="2"/>
      <line num="186" count="0" type="stmt"/>
      <line num="190" count="0" type="cond" truecount="0" falsecount="4"/>
      <line num="192" count="0" type="stmt"/>
      <line num="194" count="0" type="cond" truecount="0" falsecount="4"/>
      <line num="196" count="0" type="stmt"/>
      <line num="200" count="0" type="stmt"/>
      <line num="202" count="0" type="cond" truecount="0" falsecount="4"/>
      <line num="204" count="0" type="stmt"/>
      <line num="207" count="0" type="cond" truecount="0" falsecount="6"/>
      <line num="210" count="0" type="stmt"/>
      <line num="214" count="0" type="cond" truecount="0" falsecount="4"/>
      <line num="216" count="0" type="stmt"/>
      <line num="218" count="0" type="cond" truecount="0" falsecount="4"/>
      <line num="220" count="0" type="stmt"/>
      <line num="223" count="0" type="stmt"/>
      <line num="228" count="0" type="stmt"/>
      <line num="241" count="0" type="stmt"/>
      <line num="242" count="0" type="stmt"/>
      <line num="245" count="0" type="cond" truecount="0" falsecount="4"/>
      <line num="247" count="0" type="stmt"/>
      <line num="249" count="0" type="stmt"/>
      <line num="253" count="0" type="cond" truecount="0" falsecount="5"/>
      <line num="256" count="0" type="stmt"/>
      <line num="257" count="0" type="stmt"/>
      <line num="258" count="0" type="stmt"/>
      <line num="260" count="0" type="stmt"/>
      <line num="261" count="0" type="stmt"/>
      <line num="262" count="0" type="stmt"/>
      <line num="266" count="0" type="cond" truecount="0" falsecount="2"/>
      <line num="268" count="0" type="stmt"/>
      <line num="269" count="0" type="stmt"/>
      <line num="272" count="0" type="stmt"/>
      <line num="275" count="0" type="stmt"/>
      <line num="278" count="0" type="stmt"/>
      <line num="283" count="0" type="stmt"/>
      <line num="286" count="0" type="stmt"/>
      <line num="287" count="0" type="cond" truecount="0" falsecount="5"/>
      <line num="289" count="0" type="stmt"/>
      <line num="291" count="0" type="stmt"/>
      <line num="292" count="0" type="stmt"/>
      <line num="299" count="0" type="stmt"/>
      <line num="302" count="0" type="stmt"/>
      <line num="304" count="0" type="cond" truecount="0" falsecount="2"/>
      <line num="306" count="0" type="stmt"/>
      <line num="308" count="0" type="stmt"/>
      <line num="309" count="0" type="stmt"/>
      <line num="311" count="0" type="stmt"/>
      <line num="312" count="0" type="stmt"/>
      <line num="315" count="0" type="cond" truecount="0" falsecount="2"/>
      <line num="317" count="0" type="stmt"/>
      <line num="321" count="0" type="stmt"/>
      <line num="325" count="0" type="cond" truecount="0" falsecount="2"/>
      <line num="327" count="0" type="stmt"/>
      <line num="331" count="0" type="stmt"/>
      <line num="334" count="0" type="cond" truecount="0" falsecount="2"/>
      <line num="336" count="0" type="stmt"/>
      <line num="340" count="0" type="stmt"/>
      <line num="341" count="0" type="stmt"/>
      <line num="346" count="0" type="stmt"/>
      <line num="353" count="0" type="stmt"/>
      <line num="354" count="0" type="stmt"/>
      <line num="362" count="0" type="stmt"/>
      <line num="365" count="0" type="stmt"/>
      <line num="371" count="0" type="cond" truecount="0" falsecount="4"/>
      <line num="373" count="0" type="stmt"/>
      <line num="374" count="0" type="stmt"/>
      <line num="375" count="0" type="stmt"/>
      <line num="377" count="0" type="stmt"/>
      <line num="384" count="0" type="stmt"/>
      <line num="385" count="0" type="stmt"/>
      <line num="402" count="0" type="cond" truecount="0" falsecount="2"/>
      <line num="404" count="0" type="stmt"/>
      <line num="406" count="0" type="cond" truecount="0" falsecount="2"/>
      <line num="408" count="0" type="stmt"/>
      <line num="409" count="0" type="stmt"/>
      <line num="412" count="0" type="stmt"/>
      <line num="415" count="0" type="cond" truecount="0" falsecount="13"/>
      <line num="418" count="0" type="stmt"/>
      <line num="421" count="0" type="stmt"/>
      <line num="425" count="0" type="stmt"/>
      <line num="431" count="0" type="stmt"/>
      <line num="434" count="0" type="stmt"/>
      <line num="438" count="0" type="stmt"/>
      <line num="444" count="0" type="stmt"/>
      <line num="447" count="0" type="stmt"/>
      <line num="451" count="0" type="stmt"/>
      <line num="458" count="0" type="cond" truecount="0" falsecount="2"/>
      <line num="459" count="0" type="stmt"/>
      <line num="462" count="0" type="stmt"/>
      <line num="466" count="0" type="stmt"/>
      <line num="472" count="0" type="stmt"/>
      <line num="475" count="0" type="stmt"/>
      <line num="479" count="0" type="stmt"/>
      <line num="485" count="0" type="stmt"/>
      <line num="488" count="0" type="stmt"/>
      <line num="492" count="0" type="stmt"/>
      <line num="499" count="0" type="cond" truecount="0" falsecount="2"/>
      <line num="500" count="0" type="stmt"/>
      <line num="503" count="0" type="stmt"/>
      <line num="507" count="0" type="stmt"/>
      <line num="514" count="0" type="cond" truecount="0" falsecount="2"/>
      <line num="515" count="0" type="stmt"/>
      <line num="518" count="0" type="stmt"/>
      <line num="522" count="0" type="stmt"/>
      <line num="528" count="0" type="stmt"/>
      <line num="531" count="0" type="stmt"/>
      <line num="535" count="0" type="stmt"/>
      <line num="541" count="0" type="stmt"/>
      <line num="544" count="0" type="stmt"/>
      <line num="545" count="0" type="stmt"/>
      <line num="547" count="0" type="stmt"/>
      <line num="548" count="0" type="stmt"/>
      <line num="551" count="0" type="cond" truecount="0" falsecount="2"/>
      <line num="557" count="0" type="stmt"/>
      <line num="559" count="0" type="cond" truecount="0" falsecount="6"/>
      <line num="561" count="0" type="stmt"/>
      <line num="562" count="0" type="stmt"/>
      <line num="565" count="0" type="stmt"/>
      <line num="567" count="0" type="stmt"/>
      <line num="569" count="0" type="cond" truecount="0" falsecount="2"/>
      <line num="571" count="0" type="stmt"/>
      <line num="572" count="0" type="cond" truecount="0" falsecount="4"/>
      <line num="574" count="0" type="cond" truecount="0" falsecount="2"/>
      <line num="576" count="0" type="cond" truecount="0" falsecount="4"/>
      <line num="578" count="0" type="stmt"/>
      <line num="581" count="0" type="stmt"/>
      <line num="583" count="0" type="stmt"/>
      <line num="590" count="0" type="stmt"/>
      <line num="596" count="0" type="stmt"/>
      <line num="604" count="0" type="cond" truecount="0" falsecount="2"/>
      <line num="606" count="0" type="stmt"/>
      <line num="615" count="0" type="stmt"/>
      <line num="630" count="0" type="stmt"/>
      <line num="631" count="0" type="stmt"/>
      <line num="633" count="0" type="stmt"/>
      <line num="636" count="0" type="stmt"/>
      <line num="638" count="0" type="stmt"/>
      <line num="642" count="0" type="stmt"/>
      <line num="646" count="0" type="stmt"/>
      <line num="650" count="0" type="stmt"/>
      <line num="651" count="0" type="stmt"/>
      <line num="652" count="0" type="stmt"/>
      <line num="654" count="0" type="stmt"/>
      <line num="656" count="0" type="stmt"/>
      <line num="657" count="0" type="stmt"/>
      <line num="659" count="0" type="stmt"/>
      <line num="663" count="0" type="stmt"/>
      <line num="667" count="0" type="stmt"/>
      <line num="674" count="0" type="stmt"/>
      <line num="675" count="0" type="stmt"/>
      <line num="676" count="0" type="stmt"/>
      <line num="678" count="0" type="stmt"/>
      <line num="680" count="0" type="stmt"/>
      <line num="681" count="0" type="stmt"/>
      <line num="683" count="0" type="stmt"/>
      <line num="708" count="0" type="stmt"/>
      <line num="711" count="0" type="stmt"/>
      <line num="715" count="0" type="stmt"/>
      <line num="730" count="0" type="stmt"/>
      <line num="731" count="0" type="stmt"/>
      <line num="733" count="0" type="stmt"/>
      <line num="736" count="0" type="stmt"/>
      <line num="738" count="0" type="stmt"/>
      <line num="742" count="0" type="stmt"/>
      <line num="744" count="0" type="stmt"/>
      <line num="748" count="0" type="stmt"/>
      <line num="752" count="0" type="stmt"/>
      <line num="757" count="0" type="stmt"/>
      <line num="758" count="0" type="stmt"/>
      <line num="761" count="0" type="stmt"/>
      <line num="769" count="0" type="stmt"/>
      <line num="771" count="0" type="stmt"/>
      <line num="772" count="0" type="stmt"/>
      <line num="775" count="0" type="stmt"/>
      <line num="778" count="0" type="stmt"/>
      <line num="782" count="0" type="stmt"/>
      <line num="788" count="0" type="stmt"/>
      <line num="796" count="0" type="stmt"/>
      <line num="797" count="0" type="stmt"/>
      <line num="798" count="0" type="stmt"/>
      <line num="800" count="0" type="stmt"/>
      <line num="801" count="0" type="stmt"/>
      <line num="803" count="0" type="stmt"/>
      <line num="824" count="0" type="stmt"/>
      <line num="825" count="0" type="stmt"/>
      <line num="827" count="0" type="cond" truecount="0" falsecount="2"/>
      <line num="829" count="0" type="stmt"/>
      <line num="832" count="0" type="stmt"/>
      <line num="835" count="0" type="stmt"/>
      <line num="837" count="0" type="stmt"/>
      <line num="841" count="0" type="stmt"/>
      <line num="845" count="0" type="stmt"/>
      <line num="849" count="0" type="stmt"/>
      <line num="850" count="0" type="stmt"/>
      <line num="851" count="0" type="stmt"/>
      <line num="852" count="0" type="stmt"/>
      <line num="854" count="0" type="stmt"/>
      <line num="856" count="0" type="stmt"/>
      <line num="857" count="0" type="stmt"/>
      <line num="859" count="0" type="stmt"/>
      <line num="865" count="0" type="stmt"/>
      <line num="883" count="0" type="stmt"/>
      <line num="884" count="0" type="stmt"/>
      <line num="886" count="0" type="cond" truecount="0" falsecount="2"/>
      <line num="888" count="0" type="stmt"/>
      <line num="891" count="0" type="stmt"/>
      <line num="894" count="0" type="stmt"/>
      <line num="896" count="0" type="stmt"/>
      <line num="900" count="0" type="stmt"/>
      <line num="902" count="0" type="stmt"/>
      <line num="906" count="0" type="stmt"/>
      <line num="910" count="0" type="stmt"/>
      <line num="911" count="0" type="stmt"/>
      <line num="912" count="0" type="stmt"/>
      <line num="913" count="0" type="stmt"/>
      <line num="915" count="0" type="stmt"/>
      <line num="917" count="0" type="stmt"/>
      <line num="918" count="0" type="stmt"/>
      <line num="920" count="0" type="stmt"/>
      <line num="924" count="0" type="stmt"/>
      <line num="930" count="0" type="stmt"/>
      <line num="931" count="0" type="stmt"/>
      <line num="932" count="0" type="stmt"/>
      <line num="934" count="0" type="stmt"/>
      <line num="935" count="0" type="stmt"/>
      <line num="937" count="0" type="stmt"/>
      <line num="953" count="0" type="stmt"/>
      <line num="954" count="0" type="stmt"/>
      <line num="956" count="0" type="stmt"/>
      <line num="959" count="0" type="stmt"/>
      <line num="961" count="0" type="stmt"/>
      <line num="965" count="0" type="stmt"/>
      <line num="970" count="0" type="stmt"/>
      <line num="971" count="0" type="stmt"/>
      <line num="972" count="0" type="stmt"/>
      <line num="974" count="0" type="stmt"/>
      <line num="976" count="0" type="stmt"/>
      <line num="977" count="0" type="stmt"/>
      <line num="979" count="0" type="stmt"/>
      <line num="985" count="0" type="stmt"/>
      <line num="988" count="0" type="stmt"/>
      <line num="1007" count="0" type="stmt"/>
      <line num="1008" count="0" type="stmt"/>
      <line num="1010" count="0" type="stmt"/>
      <line num="1013" count="0" type="stmt"/>
      <line num="1016" count="0" type="stmt"/>
      <line num="1020" count="0" type="stmt"/>
      <line num="1025" count="0" type="stmt"/>
      <line num="1026" count="0" type="stmt"/>
      <line num="1027" count="0" type="stmt"/>
      <line num="1029" count="0" type="stmt"/>
      <line num="1031" count="0" type="stmt"/>
      <line num="1032" count="0" type="stmt"/>
      <line num="1034" count="0" type="stmt"/>
      <line num="1040" count="0" type="stmt"/>
      <line num="1043" count="0" type="stmt"/>
      <line num="1065" count="0" type="stmt"/>
      <line num="1066" count="0" type="stmt"/>
      <line num="1068" count="0" type="stmt"/>
      <line num="1069" count="0" type="stmt"/>
      <line num="1071" count="0" type="stmt"/>
      <line num="1084" count="0" type="stmt"/>
      <line num="1085" count="0" type="stmt"/>
      <line num="1087" count="0" type="stmt"/>
      <line num="1091" count="0" type="stmt"/>
      <line num="1092" count="0" type="stmt"/>
      <line num="1095" count="0" type="stmt"/>
      <line num="1110" count="0" type="stmt"/>
      <line num="1113" count="0" type="stmt"/>
      <line num="1117" count="0" type="stmt"/>
      <line num="1122" count="0" type="stmt"/>
      <line num="1127" count="0" type="stmt"/>
      <line num="1131" count="0" type="stmt"/>
      <line num="1134" count="0" type="stmt"/>
      <line num="1139" count="0" type="stmt"/>
      <line num="1141" count="0" type="stmt"/>
      <line num="1147" count="0" type="stmt"/>
      <line num="1157" count="0" type="stmt"/>
      <line num="1161" count="0" type="stmt"/>
      <line num="1164" count="0" type="stmt"/>
      <line num="1169" count="0" type="stmt"/>
      <line num="1171" count="0" type="stmt"/>
      <line num="1177" count="0" type="stmt"/>
      <line num="1187" count="0" type="stmt"/>
      <line num="1192" count="0" type="cond" truecount="0" falsecount="2"/>
      <line num="1194" count="0" type="stmt"/>
      <line num="1197" count="0" type="stmt"/>
      <line num="1200" count="0" type="stmt"/>
      <line num="1202" count="0" type="stmt"/>
      <line num="1208" count="0" type="stmt"/>
      <line num="1218" count="0" type="stmt"/>
      <line num="1222" count="0" type="cond" truecount="0" falsecount="2"/>
      <line num="1225" count="0" type="cond" truecount="0" falsecount="2"/>
      <line num="1227" count="0" type="stmt"/>
      <line num="1228" count="0" type="stmt"/>
      <line num="1230" count="0" type="cond" truecount="0" falsecount="4"/>
      <line num="1232" count="0" type="stmt"/>
      <line num="1233" count="0" type="stmt"/>
      <line num="1235" count="0" type="cond" truecount="0" falsecount="4"/>
      <line num="1237" count="0" type="stmt"/>
      <line num="1238" count="0" type="stmt"/>
      <line num="1242" count="0" type="stmt"/>
      <line num="1244" count="0" type="stmt"/>
      <line num="1248" count="0" type="stmt"/>
      <line num="1251" count="0" type="stmt"/>
      <line num="1257" count="0" type="stmt"/>
      <line num="1267" count="0" type="stmt"/>
      <line num="1271" count="0" type="cond" truecount="0" falsecount="2"/>
      <line num="1273" count="0" type="stmt"/>
      <line num="1276" count="0" type="cond" truecount="0" falsecount="4"/>
      <line num="1278" count="0" type="stmt"/>
      <line num="1282" count="0" type="stmt"/>
      <line num="1284" count="0" type="stmt"/>
      <line num="1288" count="0" type="stmt"/>
      <line num="1292" count="0" type="stmt"/>
      <line num="1298" count="0" type="stmt"/>
      <line num="1308" count="0" type="stmt"/>
      <line num="1313" count="0" type="cond" truecount="0" falsecount="2"/>
      <line num="1315" count="0" type="stmt"/>
      <line num="1319" count="0" type="cond" truecount="0" falsecount="2"/>
      <line num="1321" count="0" type="stmt"/>
      <line num="1325" count="0" type="stmt"/>
      <line num="1327" count="0" type="stmt"/>
      <line num="1331" count="0" type="stmt"/>
      <line num="1337" count="0" type="stmt"/>
      <line num="1343" count="0" type="stmt"/>
      <line num="1347" count="0" type="stmt"/>
      <line num="1351" count="0" type="stmt"/>
      <line num="1352" count="0" type="stmt"/>
      <line num="1353" count="0" type="stmt"/>
      <line num="1354" count="0" type="stmt"/>
      <line num="1356" count="0" type="stmt"/>
      <line num="1357" count="0" type="stmt"/>
      <line num="1359" count="0" type="stmt"/>
      <line num="1361" count="0" type="stmt"/>
      <line num="1366" count="0" type="stmt"/>
      <line num="1376" count="0" type="stmt"/>
      <line num="1378" count="0" type="stmt"/>
      <line num="1379" count="0" type="stmt"/>
      <line num="1380" count="0" type="stmt"/>
      <line num="1381" count="0" type="stmt"/>
      <line num="1383" count="0" type="stmt"/>
      <line num="1408" count="0" type="stmt"/>
      <line num="1409" count="0" type="stmt"/>
      <line num="1411" count="0" type="stmt"/>
      <line num="1412" count="0" type="stmt"/>
      <line num="1414" count="0" type="cond" truecount="0" falsecount="2"/>
      <line num="1416" count="0" type="stmt"/>
      <line num="1419" count="0" type="stmt"/>
      <line num="1424" count="0" type="stmt"/>
      <line num="1428" count="0" type="stmt"/>
      <line num="1432" count="0" type="stmt"/>
      <line num="1436" count="0" type="stmt"/>
      <line num="1439" count="0" type="stmt"/>
      <line num="1441" count="0" type="stmt"/>
      <line num="1442" count="0" type="stmt"/>
      <line num="1443" count="0" type="stmt"/>
      <line num="1444" count="0" type="stmt"/>
      <line num="1446" count="0" type="stmt"/>
      <line num="1448" count="0" type="stmt"/>
      <line num="1449" count="0" type="stmt"/>
      <line num="1452" count="0" type="cond" truecount="0" falsecount="4"/>
      <line num="1455" count="0" type="stmt"/>
      <line num="1459" count="0" type="cond" truecount="0" falsecount="2"/>
      <line num="1461" count="0" type="stmt"/>
      <line num="1463" count="0" type="stmt"/>
      <line num="1464" count="0" type="stmt"/>
      <line num="1469" count="0" type="stmt"/>
      <line num="1470" count="0" type="stmt"/>
      <line num="1471" count="0" type="stmt"/>
      <line num="1472" count="0" type="stmt"/>
      <line num="1474" count="0" type="stmt"/>
      <line num="1475" count="0" type="stmt"/>
      <line num="1477" count="0" type="cond" truecount="0" falsecount="2"/>
      <line num="1479" count="0" type="stmt"/>
      <line num="1481" count="0" type="stmt"/>
      <line num="1482" count="0" type="stmt"/>
      <line num="1490" count="0" type="stmt"/>
      <line num="1496" count="0" type="stmt"/>
      <line num="1500" count="0" type="stmt"/>
      <line num="1504" count="0" type="stmt"/>
      <line num="1508" count="0" type="stmt"/>
      <line num="1509" count="0" type="stmt"/>
      <line num="1510" count="0" type="stmt"/>
      <line num="1511" count="0" type="stmt"/>
      <line num="1513" count="0" type="stmt"/>
      <line num="1515" count="0" type="stmt"/>
      <line num="1516" count="0" type="stmt"/>
      <line num="1518" count="0" type="stmt"/>
      <line num="1523" count="0" type="stmt"/>
      <line num="1528" count="0" type="cond" truecount="0" falsecount="5"/>
      <line num="1530" count="0" type="stmt"/>
      <line num="1534" count="0" type="stmt"/>
      <line num="1535" count="0" type="stmt"/>
      <line num="1536" count="0" type="stmt"/>
      <line num="1537" count="0" type="stmt"/>
      <line num="1539" count="0" type="stmt"/>
      <line num="1541" count="0" type="stmt"/>
      <line num="1542" count="0" type="stmt"/>
      <line num="1544" count="0" type="stmt"/>
      <line num="1553" count="0" type="stmt"/>
      <line num="1569" count="0" type="stmt"/>
      <line num="1574" count="0" type="stmt"/>
      <line num="1575" count="0" type="stmt"/>
      <line num="1631" count="0" type="stmt"/>
      <line num="1636" count="0" type="stmt"/>
      <line num="1640" count="0" type="stmt"/>
      <line num="1646" count="0" type="stmt"/>
      <line num="1647" count="0" type="stmt"/>
      <line num="1650" count="0" type="stmt"/>
      <line num="1651" count="0" type="cond" truecount="0" falsecount="4"/>
      <line num="1653" count="0" type="stmt"/>
      <line num="1657" count="0" type="stmt"/>
      <line num="1660" count="0" type="cond" truecount="0" falsecount="5"/>
      <line num="1663" count="0" type="cond" truecount="0" falsecount="2"/>
      <line num="1665" count="0" type="stmt"/>
      <line num="1669" count="0" type="stmt"/>
      <line num="1674" count="0" type="stmt"/>
      <line num="1677" count="0" type="cond" truecount="0" falsecount="4"/>
      <line num="1679" count="0" type="stmt"/>
      <line num="1680" count="0" type="stmt"/>
      <line num="1681" count="0" type="stmt"/>
      <line num="1684" count="0" type="stmt"/>
      <line num="1686" count="0" type="cond" truecount="0" falsecount="4"/>
      <line num="1688" count="0" type="stmt"/>
      <line num="1692" count="0" type="stmt"/>
      <line num="1695" count="0" type="cond" truecount="0" falsecount="5"/>
      <line num="1697" count="0" type="stmt"/>
      <line num="1701" count="0" type="stmt"/>
      <line num="1704" count="0" type="stmt"/>
      <line num="1705" count="0" type="stmt"/>
      <line num="1706" count="0" type="cond" truecount="0" falsecount="2"/>
      <line num="1707" count="0" type="cond" truecount="0" falsecount="2"/>
      <line num="1709" count="0" type="stmt"/>
      <line num="1716" count="0" type="cond" truecount="0" falsecount="5"/>
      <line num="1718" count="0" type="stmt"/>
      <line num="1723" count="0" type="cond" truecount="0" falsecount="4"/>
      <line num="1725" count="0" type="stmt"/>
      <line num="1729" count="0" type="stmt"/>
      <line num="1735" count="0" type="cond" truecount="0" falsecount="5"/>
      <line num="1738" count="0" type="cond" truecount="0" falsecount="2"/>
      <line num="1740" count="0" type="stmt"/>
      <line num="1744" count="0" type="stmt"/>
      <line num="1749" count="0" type="stmt"/>
      <line num="1752" count="0" type="stmt"/>
      <line num="1753" count="0" type="stmt"/>
      <line num="1754" count="0" type="stmt"/>
      <line num="1755" count="0" type="cond" truecount="0" falsecount="2"/>
      <line num="1756" count="0" type="cond" truecount="0" falsecount="2"/>
      <line num="1758" count="0" type="stmt"/>
      <line num="1765" count="1" type="stmt"/>
    </file>
    <file name="CW_StringUtil.js" path="/Users/costmo/Documents/dev/consultwebs/LawEval/validpoint/dist/CW_StringUtil.js">
      <metrics statements="4" coveredstatements="4" conditionals="2" coveredconditionals="2" methods="2" coveredmethods="2"/>
      <line num="17" count="2" type="cond" truecount="2" falsecount="0"/>
      <line num="19" count="1" type="stmt"/>
      <line num="21" count="2" type="stmt"/>
      <line num="25" count="1" type="stmt"/>
    </file>
  </project>
</coverage>
