{"/Users/costmo/Documents/dev/consultwebs/LawEval/validpoint/dist/CW_Advice.js": {"path":"/Users/costmo/Documents/dev/consultwebs/LawEval/validpoint/dist/CW_Advice.js","statementMap":{"0":{"start":{"line":1,"column":30},"end":{"line":1,"column":58}},"1":{"start":{"line":28,"column":0},"end":{"line":28,"column":23}},"2":{"start":{"line":35,"column":0},"end":{"line":35,"column":15}},"3":{"start":{"line":42,"column":0},"end":{"line":42,"column":52}},"4":{"start":{"line":49,"column":0},"end":{"line":52,"column":2}},"5":{"start":{"line":55,"column":0},"end":{"line":55,"column":23}},"6":{"start":{"line":67,"column":0},"end":{"line":73,"column":20}},"7":{"start":{"line":86,"column":0},"end":{"line":91,"column":13}},"8":{"start":{"line":94,"column":0},"end":{"line":94,"column":19}},"9":{"start":{"line":106,"column":0},"end":{"line":117,"column":3}},"10":{"start":{"line":110,"column":17},"end":{"line":110,"column":50}},"11":{"start":{"line":113,"column":0},"end":{"line":116,"column":1}},"12":{"start":{"line":115,"column":0},"end":{"line":115,"column":44}},"13":{"start":{"line":124,"column":0},"end":{"line":127,"column":1}},"14":{"start":{"line":126,"column":0},"end":{"line":126,"column":25}},"15":{"start":{"line":128,"column":0},"end":{"line":131,"column":1}},"16":{"start":{"line":130,"column":0},"end":{"line":130,"column":24}},"17":{"start":{"line":144,"column":0},"end":{"line":147,"column":31}},"18":{"start":{"line":151,"column":0},"end":{"line":216,"column":1}},"19":{"start":{"line":153,"column":0},"end":{"line":153,"column":46}},"20":{"start":{"line":156,"column":0},"end":{"line":157,"column":48}},"21":{"start":{"line":159,"column":0},"end":{"line":216,"column":1}},"22":{"start":{"line":161,"column":0},"end":{"line":161,"column":50}},"23":{"start":{"line":165,"column":18},"end":{"line":165,"column":22}},"24":{"start":{"line":168,"column":0},"end":{"line":199,"column":1}},"25":{"start":{"line":170,"column":27},"end":{"line":170,"column":65}},"26":{"start":{"line":172,"column":0},"end":{"line":175,"column":33}},"27":{"start":{"line":179,"column":5},"end":{"line":199,"column":1}},"28":{"start":{"line":181,"column":29},"end":{"line":181,"column":69}},"29":{"start":{"line":183,"column":0},"end":{"line":186,"column":33}},"30":{"start":{"line":189,"column":5},"end":{"line":199,"column":1}},"31":{"start":{"line":191,"column":34},"end":{"line":191,"column":79}},"32":{"start":{"line":193,"column":0},"end":{"line":196,"column":33}},"33":{"start":{"line":202,"column":0},"end":{"line":214,"column":1}},"34":{"start":{"line":204,"column":0},"end":{"line":204,"column":23}},"35":{"start":{"line":205,"column":0},"end":{"line":205,"column":40}},"36":{"start":{"line":208,"column":0},"end":{"line":209,"column":46}},"37":{"start":{"line":212,"column":0},"end":{"line":212,"column":44}},"38":{"start":{"line":213,"column":0},"end":{"line":213,"column":42}},"39":{"start":{"line":218,"column":0},"end":{"line":218,"column":19}},"40":{"start":{"line":222,"column":0},"end":{"line":222,"column":25}}},"fnMap":{"0":{"name":"(anonymous_0)","decl":{"start":{"line":21,"column":0},"end":{"line":21,"column":1}},"loc":{"start":{"line":22,"column":0},"end":{"line":56,"column":1}},"line":22},"1":{"name":"(anonymous_1)","decl":{"start":{"line":65,"column":0},"end":{"line":65,"column":1}},"loc":{"start":{"line":66,"column":0},"end":{"line":75,"column":1}},"line":66},"2":{"name":"(anonymous_2)","decl":{"start":{"line":83,"column":0},"end":{"line":83,"column":1}},"loc":{"start":{"line":84,"column":0},"end":{"line":95,"column":1}},"line":84},"3":{"name":"(anonymous_3)","decl":{"start":{"line":103,"column":0},"end":{"line":103,"column":1}},"loc":{"start":{"line":104,"column":0},"end":{"line":133,"column":1}},"line":104},"4":{"name":"(anonymous_4)","decl":{"start":{"line":107,"column":0},"end":{"line":107,"column":1}},"loc":{"start":{"line":108,"column":0},"end":{"line":117,"column":1}},"line":108},"5":{"name":"(anonymous_5)","decl":{"start":{"line":141,"column":0},"end":{"line":141,"column":1}},"loc":{"start":{"line":142,"column":0},"end":{"line":219,"column":1}},"line":142}},"branchMap":{"0":{"loc":{"start":{"line":103,"column":16},"end":{"line":103,"column":38}},"type":"default-arg","locations":[{"start":{"line":103,"column":34},"end":{"line":103,"column":38}}],"line":103},"1":{"loc":{"start":{"line":103,"column":39},"end":{"line":103,"column":59}},"type":"default-arg","locations":[{"start":{"line":103,"column":55},"end":{"line":103,"column":59}}],"line":103},"2":{"loc":{"start":{"line":113,"column":0},"end":{"line":116,"column":1}},"type":"if","locations":[{"start":{"line":113,"column":0},"end":{"line":116,"column":1}},{"start":{"line":113,"column":0},"end":{"line":116,"column":1}}],"line":113},"3":{"loc":{"start":{"line":124,"column":0},"end":{"line":127,"column":1}},"type":"if","locations":[{"start":{"line":124,"column":0},"end":{"line":127,"column":1}},{"start":{"line":124,"column":0},"end":{"line":127,"column":1}}],"line":124},"4":{"loc":{"start":{"line":124,"column":3},"end":{"line":124,"column":45}},"type":"binary-expr","locations":[{"start":{"line":124,"column":3},"end":{"line":124,"column":20}},{"start":{"line":124,"column":22},"end":{"line":124,"column":45}}],"line":124},"5":{"loc":{"start":{"line":128,"column":0},"end":{"line":131,"column":1}},"type":"if","locations":[{"start":{"line":128,"column":0},"end":{"line":131,"column":1}},{"start":{"line":128,"column":0},"end":{"line":131,"column":1}}],"line":128},"6":{"loc":{"start":{"line":151,"column":0},"end":{"line":216,"column":1}},"type":"if","locations":[{"start":{"line":151,"column":0},"end":{"line":216,"column":1}},{"start":{"line":151,"column":0},"end":{"line":216,"column":1}}],"line":151},"7":{"loc":{"start":{"line":156,"column":23},"end":{"line":157,"column":47}},"type":"cond-expr","locations":[{"start":{"line":157,"column":0},"end":{"line":157,"column":24}},{"start":{"line":157,"column":25},"end":{"line":157,"column":47}}],"line":156},"8":{"loc":{"start":{"line":159,"column":0},"end":{"line":216,"column":1}},"type":"if","locations":[{"start":{"line":159,"column":0},"end":{"line":216,"column":1}},{"start":{"line":159,"column":0},"end":{"line":216,"column":1}}],"line":159},"9":{"loc":{"start":{"line":168,"column":0},"end":{"line":199,"column":1}},"type":"if","locations":[{"start":{"line":168,"column":0},"end":{"line":199,"column":1}},{"start":{"line":168,"column":0},"end":{"line":199,"column":1}}],"line":168},"10":{"loc":{"start":{"line":179,"column":5},"end":{"line":199,"column":1}},"type":"if","locations":[{"start":{"line":179,"column":5},"end":{"line":199,"column":1}},{"start":{"line":179,"column":5},"end":{"line":199,"column":1}}],"line":179},"11":{"loc":{"start":{"line":189,"column":5},"end":{"line":199,"column":1}},"type":"if","locations":[{"start":{"line":189,"column":5},"end":{"line":199,"column":1}},{"start":{"line":189,"column":5},"end":{"line":199,"column":1}}],"line":189},"12":{"loc":{"start":{"line":202,"column":0},"end":{"line":214,"column":1}},"type":"if","locations":[{"start":{"line":202,"column":0},"end":{"line":214,"column":1}},{"start":{"line":202,"column":0},"end":{"line":214,"column":1}}],"line":202},"13":{"loc":{"start":{"line":208,"column":23},"end":{"line":209,"column":45}},"type":"cond-expr","locations":[{"start":{"line":209,"column":0},"end":{"line":209,"column":22}},{"start":{"line":209,"column":23},"end":{"line":209,"column":45}}],"line":208}},"s":{"0":1,"1":0,"2":0,"3":0,"4":0,"5":0,"6":0,"7":0,"8":0,"9":0,"10":0,"11":0,"12":0,"13":0,"14":0,"15":0,"16":0,"17":0,"18":0,"19":0,"20":0,"21":0,"22":0,"23":0,"24":0,"25":0,"26":0,"27":0,"28":0,"29":0,"30":0,"31":0,"32":0,"33":0,"34":0,"35":0,"36":0,"37":0,"38":0,"39":0,"40":1},"f":{"0":0,"1":0,"2":0,"3":0,"4":0,"5":0},"b":{"0":[0],"1":[0],"2":[0,0],"3":[0,0],"4":[0,0],"5":[0,0],"6":[0,0],"7":[0,0],"8":[0,0],"9":[0,0],"10":[0,0],"11":[0,0],"12":[0,0],"13":[0,0]},"_coverageSchema":"43e27e138ebf9cfc5966b082cf9a028302ed4184","hash":"4fd8c65b3f8d0f0aef4ef0e812630b9ea89991cf"}
,"/Users/costmo/Documents/dev/consultwebs/LawEval/validpoint/dist/CW_AdviceContent.js": {"path":"/Users/costmo/Documents/dev/consultwebs/LawEval/validpoint/dist/CW_AdviceContent.js","statementMap":{"0":{"start":{"line":1,"column":30},"end":{"line":1,"column":58}},"1":{"start":{"line":2,"column":13},"end":{"line":2,"column":46}},"2":{"start":{"line":3,"column":0},"end":{"line":3,"column":42}},"3":{"start":{"line":27,"column":0},"end":{"line":27,"column":23}},"4":{"start":{"line":28,"column":0},"end":{"line":28,"column":21}},"5":{"start":{"line":29,"column":0},"end":{"line":29,"column":43}},"6":{"start":{"line":30,"column":0},"end":{"line":30,"column":28}},"7":{"start":{"line":42,"column":0},"end":{"line":42,"column":106}},"8":{"start":{"line":57,"column":0},"end":{"line":68,"column":37}},"9":{"start":{"line":60,"column":0},"end":{"line":60,"column":32}},"10":{"start":{"line":62,"column":0},"end":{"line":62,"column":36}},"11":{"start":{"line":64,"column":0},"end":{"line":64,"column":36}},"12":{"start":{"line":66,"column":0},"end":{"line":66,"column":36}},"13":{"start":{"line":68,"column":0},"end":{"line":68,"column":36}},"14":{"start":{"line":82,"column":0},"end":{"line":85,"column":1}},"15":{"start":{"line":84,"column":0},"end":{"line":84,"column":39}},"16":{"start":{"line":98,"column":0},"end":{"line":101,"column":1}},"17":{"start":{"line":100,"column":0},"end":{"line":100,"column":28}},"18":{"start":{"line":114,"column":0},"end":{"line":117,"column":1}},"19":{"start":{"line":116,"column":0},"end":{"line":116,"column":36}},"20":{"start":{"line":135,"column":15},"end":{"line":135,"column":19}},"21":{"start":{"line":136,"column":10},"end":{"line":136,"column":14}},"22":{"start":{"line":138,"column":0},"end":{"line":160,"column":1}},"23":{"start":{"line":140,"column":0},"end":{"line":140,"column":54}},"24":{"start":{"line":141,"column":0},"end":{"line":148,"column":1}},"25":{"start":{"line":143,"column":0},"end":{"line":143,"column":131}},"26":{"start":{"line":145,"column":0},"end":{"line":148,"column":1}},"27":{"start":{"line":147,"column":0},"end":{"line":147,"column":127}},"28":{"start":{"line":151,"column":0},"end":{"line":160,"column":1}},"29":{"start":{"line":153,"column":0},"end":{"line":153,"column":49}},"30":{"start":{"line":154,"column":0},"end":{"line":154,"column":127}},"31":{"start":{"line":156,"column":0},"end":{"line":160,"column":1}},"32":{"start":{"line":158,"column":0},"end":{"line":158,"column":47}},"33":{"start":{"line":159,"column":0},"end":{"line":159,"column":127}},"34":{"start":{"line":162,"column":0},"end":{"line":165,"column":1}},"35":{"start":{"line":164,"column":0},"end":{"line":164,"column":88}},"36":{"start":{"line":171,"column":0},"end":{"line":171,"column":32}}},"fnMap":{"0":{"name":"(anonymous_0)","decl":{"start":{"line":20,"column":0},"end":{"line":20,"column":1}},"loc":{"start":{"line":21,"column":0},"end":{"line":31,"column":1}},"line":21},"1":{"name":"(anonymous_1)","decl":{"start":{"line":40,"column":0},"end":{"line":40,"column":1}},"loc":{"start":{"line":41,"column":0},"end":{"line":43,"column":1}},"line":41},"2":{"name":"(anonymous_2)","decl":{"start":{"line":55,"column":0},"end":{"line":55,"column":1}},"loc":{"start":{"line":56,"column":0},"end":{"line":70,"column":1}},"line":56},"3":{"name":"(anonymous_3)","decl":{"start":{"line":80,"column":0},"end":{"line":80,"column":1}},"loc":{"start":{"line":81,"column":0},"end":{"line":86,"column":1}},"line":81},"4":{"name":"(anonymous_4)","decl":{"start":{"line":96,"column":0},"end":{"line":96,"column":1}},"loc":{"start":{"line":97,"column":0},"end":{"line":102,"column":1}},"line":97},"5":{"name":"(anonymous_5)","decl":{"start":{"line":112,"column":0},"end":{"line":112,"column":1}},"loc":{"start":{"line":113,"column":0},"end":{"line":118,"column":1}},"line":113},"6":{"name":"(anonymous_6)","decl":{"start":{"line":129,"column":0},"end":{"line":129,"column":1}},"loc":{"start":{"line":130,"column":0},"end":{"line":167,"column":1}},"line":130}},"branchMap":{"0":{"loc":{"start":{"line":20,"column":13},"end":{"line":20,"column":26}},"type":"default-arg","locations":[{"start":{"line":20,"column":22},"end":{"line":20,"column":26}}],"line":20},"1":{"loc":{"start":{"line":20,"column":27},"end":{"line":20,"column":39}},"type":"default-arg","locations":[{"start":{"line":20,"column":35},"end":{"line":20,"column":39}}],"line":20},"2":{"loc":{"start":{"line":20,"column":40},"end":{"line":20,"column":55}},"type":"default-arg","locations":[{"start":{"line":20,"column":51},"end":{"line":20,"column":55}}],"line":20},"3":{"loc":{"start":{"line":55,"column":21},"end":{"line":55,"column":35}},"type":"default-arg","locations":[{"start":{"line":55,"column":31},"end":{"line":55,"column":35}}],"line":55},"4":{"loc":{"start":{"line":57,"column":0},"end":{"line":68,"column":37}},"type":"switch","locations":[{"start":{"line":59,"column":0},"end":{"line":60,"column":32}},{"start":{"line":61,"column":0},"end":{"line":62,"column":36}},{"start":{"line":63,"column":0},"end":{"line":64,"column":36}},{"start":{"line":65,"column":0},"end":{"line":66,"column":36}},{"start":{"line":67,"column":0},"end":{"line":68,"column":36}}],"line":57},"5":{"loc":{"start":{"line":80,"column":22},"end":{"line":80,"column":39}},"type":"default-arg","locations":[{"start":{"line":80,"column":35},"end":{"line":80,"column":39}}],"line":80},"6":{"loc":{"start":{"line":80,"column":40},"end":{"line":80,"column":50}},"type":"default-arg","locations":[{"start":{"line":80,"column":46},"end":{"line":80,"column":50}}],"line":80},"7":{"loc":{"start":{"line":82,"column":0},"end":{"line":85,"column":1}},"type":"if","locations":[{"start":{"line":82,"column":0},"end":{"line":85,"column":1}},{"start":{"line":82,"column":0},"end":{"line":85,"column":1}}],"line":82},"8":{"loc":{"start":{"line":82,"column":3},"end":{"line":82,"column":75}},"type":"binary-expr","locations":[{"start":{"line":82,"column":3},"end":{"line":82,"column":16}},{"start":{"line":82,"column":18},"end":{"line":82,"column":47}},{"start":{"line":82,"column":49},"end":{"line":82,"column":75}}],"line":82},"9":{"loc":{"start":{"line":96,"column":24},"end":{"line":96,"column":41}},"type":"default-arg","locations":[{"start":{"line":96,"column":37},"end":{"line":96,"column":41}}],"line":96},"10":{"loc":{"start":{"line":96,"column":42},"end":{"line":96,"column":52}},"type":"default-arg","locations":[{"start":{"line":96,"column":48},"end":{"line":96,"column":52}}],"line":96},"11":{"loc":{"start":{"line":98,"column":0},"end":{"line":101,"column":1}},"type":"if","locations":[{"start":{"line":98,"column":0},"end":{"line":101,"column":1}},{"start":{"line":98,"column":0},"end":{"line":101,"column":1}}],"line":98},"12":{"loc":{"start":{"line":98,"column":3},"end":{"line":98,"column":47}},"type":"binary-expr","locations":[{"start":{"line":98,"column":3},"end":{"line":98,"column":16}},{"start":{"line":98,"column":18},"end":{"line":98,"column":47}}],"line":98},"13":{"loc":{"start":{"line":112,"column":23},"end":{"line":112,"column":40}},"type":"default-arg","locations":[{"start":{"line":112,"column":36},"end":{"line":112,"column":40}}],"line":112},"14":{"loc":{"start":{"line":112,"column":41},"end":{"line":112,"column":51}},"type":"default-arg","locations":[{"start":{"line":112,"column":47},"end":{"line":112,"column":51}}],"line":112},"15":{"loc":{"start":{"line":114,"column":0},"end":{"line":117,"column":1}},"type":"if","locations":[{"start":{"line":114,"column":0},"end":{"line":117,"column":1}},{"start":{"line":114,"column":0},"end":{"line":117,"column":1}}],"line":114},"16":{"loc":{"start":{"line":114,"column":3},"end":{"line":114,"column":47}},"type":"binary-expr","locations":[{"start":{"line":114,"column":3},"end":{"line":114,"column":16}},{"start":{"line":114,"column":18},"end":{"line":114,"column":47}}],"line":114},"17":{"loc":{"start":{"line":129,"column":23},"end":{"line":129,"column":40}},"type":"default-arg","locations":[{"start":{"line":129,"column":36},"end":{"line":129,"column":40}}],"line":129},"18":{"loc":{"start":{"line":129,"column":41},"end":{"line":129,"column":58}},"type":"default-arg","locations":[{"start":{"line":129,"column":54},"end":{"line":129,"column":58}}],"line":129},"19":{"loc":{"start":{"line":129,"column":59},"end":{"line":129,"column":71}},"type":"default-arg","locations":[{"start":{"line":129,"column":67},"end":{"line":129,"column":71}}],"line":129},"20":{"loc":{"start":{"line":138,"column":0},"end":{"line":160,"column":1}},"type":"if","locations":[{"start":{"line":138,"column":0},"end":{"line":160,"column":1}},{"start":{"line":138,"column":0},"end":{"line":160,"column":1}}],"line":138},"21":{"loc":{"start":{"line":141,"column":0},"end":{"line":148,"column":1}},"type":"if","locations":[{"start":{"line":141,"column":0},"end":{"line":148,"column":1}},{"start":{"line":141,"column":0},"end":{"line":148,"column":1}}],"line":141},"22":{"loc":{"start":{"line":145,"column":0},"end":{"line":148,"column":1}},"type":"if","locations":[{"start":{"line":145,"column":0},"end":{"line":148,"column":1}},{"start":{"line":145,"column":0},"end":{"line":148,"column":1}}],"line":145},"23":{"loc":{"start":{"line":151,"column":0},"end":{"line":160,"column":1}},"type":"if","locations":[{"start":{"line":151,"column":0},"end":{"line":160,"column":1}},{"start":{"line":151,"column":0},"end":{"line":160,"column":1}}],"line":151},"24":{"loc":{"start":{"line":156,"column":0},"end":{"line":160,"column":1}},"type":"if","locations":[{"start":{"line":156,"column":0},"end":{"line":160,"column":1}},{"start":{"line":156,"column":0},"end":{"line":160,"column":1}}],"line":156},"25":{"loc":{"start":{"line":162,"column":0},"end":{"line":165,"column":1}},"type":"if","locations":[{"start":{"line":162,"column":0},"end":{"line":165,"column":1}},{"start":{"line":162,"column":0},"end":{"line":165,"column":1}}],"line":162}},"s":{"0":1,"1":1,"2":1,"3":0,"4":0,"5":0,"6":0,"7":0,"8":0,"9":0,"10":0,"11":0,"12":0,"13":0,"14":0,"15":0,"16":0,"17":0,"18":0,"19":0,"20":0,"21":0,"22":0,"23":0,"24":0,"25":0,"26":0,"27":0,"28":0,"29":0,"30":0,"31":0,"32":0,"33":0,"34":0,"35":0,"36":1},"f":{"0":0,"1":0,"2":0,"3":0,"4":0,"5":0,"6":0},"b":{"0":[0],"1":[0],"2":[0],"3":[0],"4":[0,0,0,0,0],"5":[0],"6":[0],"7":[0,0],"8":[0,0,0],"9":[0],"10":[0],"11":[0,0],"12":[0,0],"13":[0],"14":[0],"15":[0,0],"16":[0,0],"17":[0],"18":[0],"19":[0],"20":[0,0],"21":[0,0],"22":[0,0],"23":[0,0],"24":[0,0],"25":[0,0]},"_coverageSchema":"43e27e138ebf9cfc5966b082cf9a028302ed4184","hash":"9ea7b5d1a44724ddc832d8aec0e6cb6e57ad7105"}
,"/Users/costmo/Documents/dev/consultwebs/LawEval/validpoint/dist/CW_Constants.js": {"path":"/Users/costmo/Documents/dev/consultwebs/LawEval/validpoint/dist/CW_Constants.js","statementMap":{"0":{"start":{"line":1,"column":13},"end":{"line":66,"column":31}}},"fnMap":{},"branchMap":{},"s":{"0":1},"f":{},"b":{},"_coverageSchema":"43e27e138ebf9cfc5966b082cf9a028302ed4184","hash":"cf109b26fa25466bff338bdd36e19cdd0a0cc4f2"}
,"/Users/costmo/Documents/dev/consultwebs/LawEval/validpoint/dist/CW_InputParser.js": {"path":"/Users/costmo/Documents/dev/consultwebs/LawEval/validpoint/dist/CW_InputParser.js","statementMap":{"0":{"start":{"line":17,"column":0},"end":{"line":17,"column":24}},"1":{"start":{"line":18,"column":0},"end":{"line":25,"column":1}},"2":{"start":{"line":20,"column":0},"end":{"line":20,"column":16}},"3":{"start":{"line":24,"column":0},"end":{"line":24,"column":16}},"4":{"start":{"line":26,"column":0},"end":{"line":26,"column":21}},"5":{"start":{"line":36,"column":15},"end":{"line":36,"column":28}},"6":{"start":{"line":38,"column":0},"end":{"line":64,"column":1}},"7":{"start":{"line":41,"column":17},"end":{"line":41,"column":21}},"8":{"start":{"line":42,"column":0},"end":{"line":58,"column":3}},"9":{"start":{"line":45,"column":0},"end":{"line":55,"column":1}},"10":{"start":{"line":48,"column":0},"end":{"line":48,"column":97}},"11":{"start":{"line":49,"column":0},"end":{"line":49,"column":28}},"12":{"start":{"line":53,"column":0},"end":{"line":53,"column":29}},"13":{"start":{"line":54,"column":0},"end":{"line":54,"column":28}},"14":{"start":{"line":62,"column":0},"end":{"line":62,"column":66}},"15":{"start":{"line":63,"column":0},"end":{"line":63,"column":35}},"16":{"start":{"line":75,"column":16},"end":{"line":75,"column":20}},"17":{"start":{"line":77,"column":0},"end":{"line":85,"column":1}},"18":{"start":{"line":79,"column":0},"end":{"line":79,"column":42}},"19":{"start":{"line":83,"column":0},"end":{"line":83,"column":61}},"20":{"start":{"line":84,"column":0},"end":{"line":84,"column":35}},"21":{"start":{"line":87,"column":0},"end":{"line":87,"column":19}},"22":{"start":{"line":101,"column":23},"end":{"line":101,"column":54}},"23":{"start":{"line":102,"column":13},"end":{"line":102,"column":37}},"24":{"start":{"line":104,"column":0},"end":{"line":108,"column":3}},"25":{"start":{"line":107,"column":0},"end":{"line":107,"column":87}},"26":{"start":{"line":115,"column":0},"end":{"line":115,"column":30}}},"fnMap":{"0":{"name":"(anonymous_0)","decl":{"start":{"line":15,"column":0},"end":{"line":15,"column":1}},"loc":{"start":{"line":16,"column":0},"end":{"line":27,"column":1}},"line":16},"1":{"name":"(anonymous_1)","decl":{"start":{"line":34,"column":0},"end":{"line":34,"column":1}},"loc":{"start":{"line":35,"column":0},"end":{"line":65,"column":1}},"line":35},"2":{"name":"(anonymous_2)","decl":{"start":{"line":43,"column":0},"end":{"line":43,"column":1}},"loc":{"start":{"line":44,"column":0},"end":{"line":58,"column":1}},"line":44},"3":{"name":"(anonymous_3)","decl":{"start":{"line":73,"column":0},"end":{"line":73,"column":1}},"loc":{"start":{"line":74,"column":0},"end":{"line":88,"column":1}},"line":74},"4":{"name":"(anonymous_4)","decl":{"start":{"line":99,"column":0},"end":{"line":99,"column":1}},"loc":{"start":{"line":100,"column":0},"end":{"line":111,"column":1}},"line":100},"5":{"name":"(anonymous_5)","decl":{"start":{"line":105,"column":0},"end":{"line":105,"column":1}},"loc":{"start":{"line":106,"column":0},"end":{"line":108,"column":1}},"line":106}},"branchMap":{"0":{"loc":{"start":{"line":15,"column":21},"end":{"line":15,"column":30}},"type":"default-arg","locations":[{"start":{"line":15,"column":26},"end":{"line":15,"column":30}}],"line":15},"1":{"loc":{"start":{"line":18,"column":0},"end":{"line":25,"column":1}},"type":"if","locations":[{"start":{"line":18,"column":0},"end":{"line":25,"column":1}},{"start":{"line":18,"column":0},"end":{"line":25,"column":1}}],"line":18},"2":{"loc":{"start":{"line":45,"column":0},"end":{"line":55,"column":1}},"type":"if","locations":[{"start":{"line":45,"column":0},"end":{"line":55,"column":1}},{"start":{"line":45,"column":0},"end":{"line":55,"column":1}}],"line":45},"3":{"loc":{"start":{"line":99,"column":26},"end":{"line":99,"column":37}},"type":"default-arg","locations":[{"start":{"line":99,"column":33},"end":{"line":99,"column":37}}],"line":99},"4":{"loc":{"start":{"line":99,"column":38},"end":{"line":99,"column":52}},"type":"default-arg","locations":[{"start":{"line":99,"column":48},"end":{"line":99,"column":52}}],"line":99}},"s":{"0":2,"1":2,"2":1,"3":1,"4":2,"5":0,"6":0,"7":0,"8":0,"9":0,"10":0,"11":0,"12":0,"13":0,"14":0,"15":0,"16":0,"17":0,"18":0,"19":0,"20":0,"21":0,"22":0,"23":0,"24":0,"25":0,"26":1},"f":{"0":2,"1":0,"2":0,"3":0,"4":0,"5":0},"b":{"0":[0],"1":[1,1],"2":[0,0],"3":[0],"4":[0]},"_coverageSchema":"43e27e138ebf9cfc5966b082cf9a028302ed4184","hash":"e7cf489db47c74bc566c20dceaa5a00386b11a6e"}
,"/Users/costmo/Documents/dev/consultwebs/LawEval/validpoint/dist/CW_Network.js": {"path":"/Users/costmo/Documents/dev/consultwebs/LawEval/validpoint/dist/CW_Network.js","statementMap":{"0":{"start":{"line":26,"column":23},"end":{"line":26,"column":54}},"1":{"start":{"line":27,"column":13},"end":{"line":27,"column":37}},"2":{"start":{"line":29,"column":0},"end":{"line":33,"column":3}},"3":{"start":{"line":32,"column":0},"end":{"line":32,"column":63}},"4":{"start":{"line":45,"column":23},"end":{"line":45,"column":54}},"5":{"start":{"line":46,"column":13},"end":{"line":46,"column":37}},"6":{"start":{"line":48,"column":0},"end":{"line":52,"column":3}},"7":{"start":{"line":51,"column":0},"end":{"line":51,"column":62}},"8":{"start":{"line":64,"column":23},"end":{"line":64,"column":54}},"9":{"start":{"line":65,"column":13},"end":{"line":65,"column":37}},"10":{"start":{"line":67,"column":0},"end":{"line":77,"column":3}},"11":{"start":{"line":70,"column":0},"end":{"line":75,"column":3}},"12":{"start":{"line":74,"column":0},"end":{"line":74,"column":14}},"13":{"start":{"line":90,"column":23},"end":{"line":90,"column":54}},"14":{"start":{"line":91,"column":13},"end":{"line":91,"column":37}},"15":{"start":{"line":93,"column":0},"end":{"line":97,"column":3}},"16":{"start":{"line":96,"column":0},"end":{"line":96,"column":74}},"17":{"start":{"line":110,"column":23},"end":{"line":110,"column":54}},"18":{"start":{"line":111,"column":13},"end":{"line":111,"column":37}},"19":{"start":{"line":113,"column":0},"end":{"line":117,"column":3}},"20":{"start":{"line":116,"column":0},"end":{"line":116,"column":84}},"21":{"start":{"line":131,"column":23},"end":{"line":131,"column":54}},"22":{"start":{"line":132,"column":13},"end":{"line":132,"column":37}},"23":{"start":{"line":134,"column":0},"end":{"line":138,"column":3}},"24":{"start":{"line":137,"column":0},"end":{"line":137,"column":62}},"25":{"start":{"line":152,"column":23},"end":{"line":152,"column":54}},"26":{"start":{"line":153,"column":13},"end":{"line":153,"column":37}},"27":{"start":{"line":155,"column":0},"end":{"line":159,"column":3}},"28":{"start":{"line":158,"column":0},"end":{"line":158,"column":107}},"29":{"start":{"line":171,"column":23},"end":{"line":171,"column":54}},"30":{"start":{"line":172,"column":13},"end":{"line":172,"column":37}},"31":{"start":{"line":174,"column":0},"end":{"line":178,"column":3}},"32":{"start":{"line":177,"column":0},"end":{"line":177,"column":52}},"33":{"start":{"line":190,"column":23},"end":{"line":190,"column":54}},"34":{"start":{"line":191,"column":13},"end":{"line":191,"column":37}},"35":{"start":{"line":193,"column":0},"end":{"line":197,"column":3}},"36":{"start":{"line":196,"column":0},"end":{"line":196,"column":62}},"37":{"start":{"line":204,"column":0},"end":{"line":204,"column":26}}},"fnMap":{"0":{"name":"(anonymous_0)","decl":{"start":{"line":14,"column":0},"end":{"line":14,"column":1}},"loc":{"start":{"line":15,"column":0},"end":{"line":16,"column":1}},"line":15},"1":{"name":"(anonymous_1)","decl":{"start":{"line":24,"column":0},"end":{"line":24,"column":1}},"loc":{"start":{"line":25,"column":0},"end":{"line":35,"column":1}},"line":25},"2":{"name":"(anonymous_2)","decl":{"start":{"line":30,"column":0},"end":{"line":30,"column":1}},"loc":{"start":{"line":31,"column":0},"end":{"line":33,"column":1}},"line":31},"3":{"name":"(anonymous_3)","decl":{"start":{"line":43,"column":0},"end":{"line":43,"column":1}},"loc":{"start":{"line":44,"column":0},"end":{"line":53,"column":1}},"line":44},"4":{"name":"(anonymous_4)","decl":{"start":{"line":49,"column":0},"end":{"line":49,"column":1}},"loc":{"start":{"line":50,"column":0},"end":{"line":52,"column":1}},"line":50},"5":{"name":"(anonymous_5)","decl":{"start":{"line":62,"column":0},"end":{"line":62,"column":1}},"loc":{"start":{"line":63,"column":0},"end":{"line":78,"column":1}},"line":63},"6":{"name":"(anonymous_6)","decl":{"start":{"line":68,"column":0},"end":{"line":68,"column":1}},"loc":{"start":{"line":69,"column":0},"end":{"line":77,"column":1}},"line":69},"7":{"name":"(anonymous_7)","decl":{"start":{"line":72,"column":0},"end":{"line":72,"column":1}},"loc":{"start":{"line":73,"column":0},"end":{"line":75,"column":1}},"line":73},"8":{"name":"(anonymous_8)","decl":{"start":{"line":88,"column":0},"end":{"line":88,"column":1}},"loc":{"start":{"line":89,"column":0},"end":{"line":98,"column":1}},"line":89},"9":{"name":"(anonymous_9)","decl":{"start":{"line":94,"column":0},"end":{"line":94,"column":1}},"loc":{"start":{"line":95,"column":0},"end":{"line":97,"column":1}},"line":95},"10":{"name":"(anonymous_10)","decl":{"start":{"line":108,"column":0},"end":{"line":108,"column":1}},"loc":{"start":{"line":109,"column":0},"end":{"line":118,"column":1}},"line":109},"11":{"name":"(anonymous_11)","decl":{"start":{"line":114,"column":0},"end":{"line":114,"column":1}},"loc":{"start":{"line":115,"column":0},"end":{"line":117,"column":1}},"line":115},"12":{"name":"(anonymous_12)","decl":{"start":{"line":129,"column":0},"end":{"line":129,"column":1}},"loc":{"start":{"line":130,"column":0},"end":{"line":140,"column":1}},"line":130},"13":{"name":"(anonymous_13)","decl":{"start":{"line":135,"column":0},"end":{"line":135,"column":1}},"loc":{"start":{"line":136,"column":0},"end":{"line":138,"column":1}},"line":136},"14":{"name":"(anonymous_14)","decl":{"start":{"line":150,"column":0},"end":{"line":150,"column":1}},"loc":{"start":{"line":151,"column":0},"end":{"line":161,"column":1}},"line":151},"15":{"name":"(anonymous_15)","decl":{"start":{"line":156,"column":0},"end":{"line":156,"column":1}},"loc":{"start":{"line":157,"column":0},"end":{"line":159,"column":1}},"line":157},"16":{"name":"(anonymous_16)","decl":{"start":{"line":169,"column":0},"end":{"line":169,"column":1}},"loc":{"start":{"line":170,"column":0},"end":{"line":180,"column":1}},"line":170},"17":{"name":"(anonymous_17)","decl":{"start":{"line":175,"column":0},"end":{"line":175,"column":1}},"loc":{"start":{"line":176,"column":0},"end":{"line":178,"column":1}},"line":176},"18":{"name":"(anonymous_18)","decl":{"start":{"line":188,"column":0},"end":{"line":188,"column":1}},"loc":{"start":{"line":189,"column":0},"end":{"line":199,"column":1}},"line":189},"19":{"name":"(anonymous_19)","decl":{"start":{"line":194,"column":0},"end":{"line":194,"column":1}},"loc":{"start":{"line":195,"column":0},"end":{"line":197,"column":1}},"line":195}},"branchMap":{"0":{"loc":{"start":{"line":62,"column":21},"end":{"line":62,"column":29}},"type":"default-arg","locations":[{"start":{"line":62,"column":25},"end":{"line":62,"column":29}}],"line":62},"1":{"loc":{"start":{"line":88,"column":22},"end":{"line":88,"column":30}},"type":"default-arg","locations":[{"start":{"line":88,"column":26},"end":{"line":88,"column":30}}],"line":88},"2":{"loc":{"start":{"line":88,"column":31},"end":{"line":88,"column":38}},"type":"default-arg","locations":[{"start":{"line":88,"column":36},"end":{"line":88,"column":38}}],"line":88},"3":{"loc":{"start":{"line":108,"column":26},"end":{"line":108,"column":37}},"type":"default-arg","locations":[{"start":{"line":108,"column":33},"end":{"line":108,"column":37}}],"line":108},"4":{"loc":{"start":{"line":108,"column":38},"end":{"line":108,"column":45}},"type":"default-arg","locations":[{"start":{"line":108,"column":43},"end":{"line":108,"column":45}}],"line":108},"5":{"loc":{"start":{"line":129,"column":14},"end":{"line":129,"column":25}},"type":"default-arg","locations":[{"start":{"line":129,"column":21},"end":{"line":129,"column":25}}],"line":129},"6":{"loc":{"start":{"line":150,"column":13},"end":{"line":150,"column":24}},"type":"default-arg","locations":[{"start":{"line":150,"column":20},"end":{"line":150,"column":24}}],"line":150},"7":{"loc":{"start":{"line":150,"column":25},"end":{"line":150,"column":40}},"type":"default-arg","locations":[{"start":{"line":150,"column":36},"end":{"line":150,"column":40}}],"line":150},"8":{"loc":{"start":{"line":150,"column":41},"end":{"line":150,"column":57}},"type":"default-arg","locations":[{"start":{"line":150,"column":53},"end":{"line":150,"column":57}}],"line":150},"9":{"loc":{"start":{"line":169,"column":10},"end":{"line":169,"column":18}},"type":"default-arg","locations":[{"start":{"line":169,"column":14},"end":{"line":169,"column":18}}],"line":169},"10":{"loc":{"start":{"line":188,"column":20},"end":{"line":188,"column":28}},"type":"default-arg","locations":[{"start":{"line":188,"column":24},"end":{"line":188,"column":28}}],"line":188}},"s":{"0":0,"1":0,"2":0,"3":0,"4":0,"5":0,"6":0,"7":0,"8":0,"9":0,"10":0,"11":0,"12":0,"13":0,"14":0,"15":0,"16":0,"17":0,"18":0,"19":0,"20":0,"21":0,"22":0,"23":0,"24":0,"25":0,"26":0,"27":0,"28":0,"29":0,"30":0,"31":0,"32":0,"33":0,"34":0,"35":0,"36":0,"37":1},"f":{"0":1,"1":0,"2":0,"3":0,"4":0,"5":0,"6":0,"7":0,"8":0,"9":0,"10":0,"11":0,"12":0,"13":0,"14":0,"15":0,"16":0,"17":0,"18":0,"19":0},"b":{"0":[0],"1":[0],"2":[0],"3":[0],"4":[0],"5":[0],"6":[0],"7":[0],"8":[0],"9":[0],"10":[0]},"_coverageSchema":"43e27e138ebf9cfc5966b082cf9a028302ed4184","hash":"f33a4149bb1586e13c5658106401fa13df755c48"}
,"/Users/costmo/Documents/dev/consultwebs/LawEval/validpoint/dist/CW_PromiseResolver.js": {"path":"/Users/costmo/Documents/dev/consultwebs/LawEval/validpoint/dist/CW_PromiseResolver.js","statementMap":{"0":{"start":{"line":1,"column":30},"end":{"line":1,"column":55}},"1":{"start":{"line":3,"column":17},"end":{"line":3,"column":62}},"2":{"start":{"line":4,"column":15},"end":{"line":4,"column":31}},"3":{"start":{"line":5,"column":30},"end":{"line":5,"column":34}},"4":{"start":{"line":36,"column":0},"end":{"line":86,"column":1}},"5":{"start":{"line":40,"column":9},"end":{"line":40,"column":40}},"6":{"start":{"line":41,"column":13},"end":{"line":41,"column":18}},"7":{"start":{"line":43,"column":0},"end":{"line":46,"column":1}},"8":{"start":{"line":45,"column":0},"end":{"line":45,"column":21}},"9":{"start":{"line":48,"column":0},"end":{"line":72,"column":3}},"10":{"start":{"line":52,"column":0},"end":{"line":70,"column":3}},"11":{"start":{"line":55,"column":0},"end":{"line":63,"column":1}},"12":{"start":{"line":58,"column":0},"end":{"line":62,"column":1}},"13":{"start":{"line":60,"column":0},"end":{"line":60,"column":34}},"14":{"start":{"line":61,"column":0},"end":{"line":61,"column":14}},"15":{"start":{"line":65,"column":0},"end":{"line":68,"column":1}},"16":{"start":{"line":67,"column":0},"end":{"line":67,"column":34}},"17":{"start":{"line":78,"column":0},"end":{"line":78,"column":17}},"18":{"start":{"line":79,"column":0},"end":{"line":79,"column":19}},"19":{"start":{"line":81,"column":0},"end":{"line":83,"column":22}},"20":{"start":{"line":85,"column":0},"end":{"line":85,"column":18}},"21":{"start":{"line":98,"column":0},"end":{"line":129,"column":1}},"22":{"start":{"line":100,"column":8},"end":{"line":100,"column":22}},"23":{"start":{"line":101,"column":8},"end":{"line":101,"column":32}},"24":{"start":{"line":103,"column":0},"end":{"line":106,"column":1}},"25":{"start":{"line":105,"column":0},"end":{"line":105,"column":17}},"26":{"start":{"line":108,"column":0},"end":{"line":118,"column":3}},"27":{"start":{"line":112,"column":0},"end":{"line":115,"column":1}},"28":{"start":{"line":114,"column":0},"end":{"line":114,"column":29}},"29":{"start":{"line":116,"column":0},"end":{"line":116,"column":13}},"30":{"start":{"line":124,"column":0},"end":{"line":126,"column":22}},"31":{"start":{"line":128,"column":0},"end":{"line":128,"column":18}},"32":{"start":{"line":144,"column":12},"end":{"line":144,"column":51}},"33":{"start":{"line":146,"column":16},"end":{"line":149,"column":11}},"34":{"start":{"line":152,"column":12},"end":{"line":156,"column":11}},"35":{"start":{"line":159,"column":0},"end":{"line":196,"column":3}},"36":{"start":{"line":162,"column":0},"end":{"line":194,"column":1}},"37":{"start":{"line":169,"column":0},"end":{"line":191,"column":3}},"38":{"start":{"line":172,"column":0},"end":{"line":175,"column":1}},"39":{"start":{"line":174,"column":0},"end":{"line":174,"column":33}},"40":{"start":{"line":176,"column":0},"end":{"line":190,"column":1}},"41":{"start":{"line":178,"column":0},"end":{"line":178,"column":44}},"42":{"start":{"line":179,"column":0},"end":{"line":179,"column":43}},"43":{"start":{"line":181,"column":0},"end":{"line":190,"column":1}},"44":{"start":{"line":183,"column":0},"end":{"line":183,"column":44}},"45":{"start":{"line":184,"column":0},"end":{"line":184,"column":43}},"46":{"start":{"line":188,"column":0},"end":{"line":188,"column":44}},"47":{"start":{"line":189,"column":0},"end":{"line":189,"column":38}},"48":{"start":{"line":193,"column":0},"end":{"line":193,"column":21}},"49":{"start":{"line":212,"column":16},"end":{"line":215,"column":11}},"50":{"start":{"line":218,"column":15},"end":{"line":218,"column":63}},"51":{"start":{"line":220,"column":0},"end":{"line":237,"column":3}},"52":{"start":{"line":223,"column":0},"end":{"line":236,"column":1}},"53":{"start":{"line":225,"column":0},"end":{"line":225,"column":23}},"54":{"start":{"line":226,"column":0},"end":{"line":226,"column":44}},"55":{"start":{"line":227,"column":0},"end":{"line":227,"column":33}},"56":{"start":{"line":229,"column":0},"end":{"line":229,"column":21}},"57":{"start":{"line":233,"column":0},"end":{"line":233,"column":37}},"58":{"start":{"line":234,"column":0},"end":{"line":234,"column":44}},"59":{"start":{"line":235,"column":0},"end":{"line":235,"column":21}},"60":{"start":{"line":252,"column":0},"end":{"line":302,"column":1}},"61":{"start":{"line":254,"column":14},"end":{"line":254,"column":50}},"62":{"start":{"line":256,"column":12},"end":{"line":262,"column":24}},"63":{"start":{"line":264,"column":9},"end":{"line":264,"column":32}},"64":{"start":{"line":265,"column":0},"end":{"line":265,"column":32}},"65":{"start":{"line":267,"column":14},"end":{"line":279,"column":2}},"66":{"start":{"line":270,"column":9},"end":{"line":270,"column":49}},"67":{"start":{"line":273,"column":0},"end":{"line":276,"column":1}},"68":{"start":{"line":275,"column":0},"end":{"line":275,"column":14}},"69":{"start":{"line":278,"column":0},"end":{"line":278,"column":48}},"70":{"start":{"line":282,"column":0},"end":{"line":282,"column":22}},"71":{"start":{"line":284,"column":0},"end":{"line":291,"column":1}},"72":{"start":{"line":286,"column":0},"end":{"line":286,"column":18}},"73":{"start":{"line":290,"column":0},"end":{"line":290,"column":19}},"74":{"start":{"line":296,"column":0},"end":{"line":298,"column":22}},"75":{"start":{"line":301,"column":0},"end":{"line":301,"column":18}},"76":{"start":{"line":316,"column":0},"end":{"line":419,"column":1}},"77":{"start":{"line":319,"column":13},"end":{"line":319,"column":28}},"78":{"start":{"line":320,"column":0},"end":{"line":323,"column":1}},"79":{"start":{"line":322,"column":0},"end":{"line":322,"column":26}},"80":{"start":{"line":326,"column":0},"end":{"line":330,"column":13}},"81":{"start":{"line":333,"column":14},"end":{"line":377,"column":2}},"82":{"start":{"line":338,"column":0},"end":{"line":338,"column":29}},"83":{"start":{"line":340,"column":0},"end":{"line":375,"column":3}},"84":{"start":{"line":344,"column":12},"end":{"line":344,"column":28}},"85":{"start":{"line":346,"column":0},"end":{"line":351,"column":67}},"86":{"start":{"line":355,"column":0},"end":{"line":372,"column":1}},"87":{"start":{"line":357,"column":0},"end":{"line":357,"column":44}},"88":{"start":{"line":359,"column":0},"end":{"line":372,"column":1}},"89":{"start":{"line":361,"column":0},"end":{"line":361,"column":44}},"90":{"start":{"line":363,"column":0},"end":{"line":372,"column":1}},"91":{"start":{"line":366,"column":0},"end":{"line":366,"column":55}},"92":{"start":{"line":367,"column":0},"end":{"line":367,"column":44}},"93":{"start":{"line":369,"column":0},"end":{"line":372,"column":1}},"94":{"start":{"line":371,"column":0},"end":{"line":371,"column":44}},"95":{"start":{"line":374,"column":0},"end":{"line":374,"column":21}},"96":{"start":{"line":380,"column":0},"end":{"line":380,"column":14}},"97":{"start":{"line":382,"column":0},"end":{"line":407,"column":3}},"98":{"start":{"line":385,"column":0},"end":{"line":389,"column":17}},"99":{"start":{"line":392,"column":0},"end":{"line":403,"column":1}},"100":{"start":{"line":394,"column":0},"end":{"line":394,"column":37}},"101":{"start":{"line":396,"column":0},"end":{"line":403,"column":1}},"102":{"start":{"line":398,"column":0},"end":{"line":398,"column":37}},"103":{"start":{"line":400,"column":0},"end":{"line":403,"column":1}},"104":{"start":{"line":402,"column":0},"end":{"line":402,"column":38}},"105":{"start":{"line":406,"column":0},"end":{"line":406,"column":20}},"106":{"start":{"line":413,"column":0},"end":{"line":415,"column":22}},"107":{"start":{"line":418,"column":0},"end":{"line":418,"column":18}},"108":{"start":{"line":434,"column":0},"end":{"line":509,"column":1}},"109":{"start":{"line":436,"column":12},"end":{"line":436,"column":47}},"110":{"start":{"line":441,"column":0},"end":{"line":444,"column":11}},"111":{"start":{"line":447,"column":0},"end":{"line":497,"column":3}},"112":{"start":{"line":450,"column":0},"end":{"line":495,"column":1}},"113":{"start":{"line":453,"column":0},"end":{"line":457,"column":17}},"114":{"start":{"line":461,"column":0},"end":{"line":481,"column":1}},"115":{"start":{"line":464,"column":0},"end":{"line":464,"column":44}},"116":{"start":{"line":465,"column":0},"end":{"line":465,"column":39}},"117":{"start":{"line":466,"column":0},"end":{"line":466,"column":34}},"118":{"start":{"line":468,"column":0},"end":{"line":471,"column":1}},"119":{"start":{"line":470,"column":0},"end":{"line":470,"column":44}},"120":{"start":{"line":475,"column":0},"end":{"line":479,"column":28}},"121":{"start":{"line":483,"column":0},"end":{"line":483,"column":21}},"122":{"start":{"line":487,"column":0},"end":{"line":491,"column":28}},"123":{"start":{"line":494,"column":0},"end":{"line":494,"column":20}},"124":{"start":{"line":503,"column":0},"end":{"line":505,"column":22}},"125":{"start":{"line":508,"column":0},"end":{"line":508,"column":18}},"126":{"start":{"line":525,"column":0},"end":{"line":548,"column":1}},"127":{"start":{"line":527,"column":12},"end":{"line":527,"column":51}},"128":{"start":{"line":529,"column":11},"end":{"line":529,"column":37}},"129":{"start":{"line":531,"column":0},"end":{"line":538,"column":1}},"130":{"start":{"line":533,"column":0},"end":{"line":533,"column":31}},"131":{"start":{"line":537,"column":0},"end":{"line":537,"column":19}},"132":{"start":{"line":543,"column":0},"end":{"line":545,"column":22}},"133":{"start":{"line":547,"column":0},"end":{"line":547,"column":18}},"134":{"start":{"line":563,"column":0},"end":{"line":595,"column":1}},"135":{"start":{"line":565,"column":8},"end":{"line":565,"column":47}},"136":{"start":{"line":566,"column":0},"end":{"line":584,"column":3}},"137":{"start":{"line":571,"column":0},"end":{"line":583,"column":1}},"138":{"start":{"line":574,"column":0},"end":{"line":574,"column":20}},"139":{"start":{"line":576,"column":0},"end":{"line":583,"column":1}},"140":{"start":{"line":578,"column":0},"end":{"line":578,"column":14}},"141":{"start":{"line":582,"column":0},"end":{"line":582,"column":23}},"142":{"start":{"line":590,"column":0},"end":{"line":592,"column":22}},"143":{"start":{"line":594,"column":0},"end":{"line":594,"column":18}},"144":{"start":{"line":609,"column":16},"end":{"line":609,"column":18}},"145":{"start":{"line":613,"column":0},"end":{"line":667,"column":1}},"146":{"start":{"line":616,"column":0},"end":{"line":639,"column":1}},"147":{"start":{"line":618,"column":14},"end":{"line":618,"column":31}},"148":{"start":{"line":619,"column":0},"end":{"line":628,"column":3}},"149":{"start":{"line":622,"column":14},"end":{"line":625,"column":22}},"150":{"start":{"line":627,"column":0},"end":{"line":627,"column":28}},"151":{"start":{"line":633,"column":14},"end":{"line":636,"column":22}},"152":{"start":{"line":638,"column":0},"end":{"line":638,"column":28}},"153":{"start":{"line":640,"column":0},"end":{"line":640,"column":21}},"154":{"start":{"line":644,"column":7},"end":{"line":644,"column":20}},"155":{"start":{"line":645,"column":9},"end":{"line":645,"column":13}},"156":{"start":{"line":648,"column":0},"end":{"line":666,"column":3}},"157":{"start":{"line":651,"column":0},"end":{"line":662,"column":3}},"158":{"start":{"line":654,"column":0},"end":{"line":661,"column":1}},"159":{"start":{"line":656,"column":14},"end":{"line":658,"column":12}},"160":{"start":{"line":660,"column":0},"end":{"line":660,"column":28}},"161":{"start":{"line":665,"column":0},"end":{"line":665,"column":21}},"162":{"start":{"line":672,"column":0},"end":{"line":672,"column":34}}},"fnMap":{"0":{"name":"(anonymous_0)","decl":{"start":{"line":22,"column":0},"end":{"line":22,"column":1}},"loc":{"start":{"line":23,"column":0},"end":{"line":24,"column":1}},"line":23},"1":{"name":"(anonymous_1)","decl":{"start":{"line":34,"column":0},"end":{"line":34,"column":1}},"loc":{"start":{"line":35,"column":0},"end":{"line":87,"column":1}},"line":35},"2":{"name":"(anonymous_2)","decl":{"start":{"line":49,"column":0},"end":{"line":49,"column":1}},"loc":{"start":{"line":50,"column":0},"end":{"line":72,"column":1}},"line":50},"3":{"name":"(anonymous_3)","decl":{"start":{"line":53,"column":0},"end":{"line":53,"column":1}},"loc":{"start":{"line":54,"column":0},"end":{"line":70,"column":1}},"line":54},"4":{"name":"(anonymous_4)","decl":{"start":{"line":96,"column":0},"end":{"line":96,"column":1}},"loc":{"start":{"line":97,"column":0},"end":{"line":130,"column":1}},"line":97},"5":{"name":"(anonymous_5)","decl":{"start":{"line":109,"column":0},"end":{"line":109,"column":1}},"loc":{"start":{"line":110,"column":0},"end":{"line":118,"column":1}},"line":110},"6":{"name":"(anonymous_6)","decl":{"start":{"line":140,"column":0},"end":{"line":140,"column":1}},"loc":{"start":{"line":141,"column":0},"end":{"line":198,"column":1}},"line":141},"7":{"name":"(anonymous_7)","decl":{"start":{"line":160,"column":0},"end":{"line":160,"column":1}},"loc":{"start":{"line":161,"column":0},"end":{"line":196,"column":1}},"line":161},"8":{"name":"(anonymous_8)","decl":{"start":{"line":170,"column":0},"end":{"line":170,"column":1}},"loc":{"start":{"line":171,"column":0},"end":{"line":191,"column":1}},"line":171},"9":{"name":"(anonymous_9)","decl":{"start":{"line":208,"column":0},"end":{"line":208,"column":1}},"loc":{"start":{"line":209,"column":0},"end":{"line":240,"column":1}},"line":209},"10":{"name":"(anonymous_10)","decl":{"start":{"line":221,"column":0},"end":{"line":221,"column":1}},"loc":{"start":{"line":222,"column":0},"end":{"line":237,"column":1}},"line":222},"11":{"name":"(anonymous_11)","decl":{"start":{"line":250,"column":0},"end":{"line":250,"column":1}},"loc":{"start":{"line":251,"column":0},"end":{"line":303,"column":1}},"line":251},"12":{"name":"(anonymous_12)","decl":{"start":{"line":268,"column":0},"end":{"line":268,"column":1}},"loc":{"start":{"line":269,"column":0},"end":{"line":279,"column":1}},"line":269},"13":{"name":"(anonymous_13)","decl":{"start":{"line":314,"column":0},"end":{"line":314,"column":1}},"loc":{"start":{"line":315,"column":0},"end":{"line":420,"column":1}},"line":315},"14":{"name":"(anonymous_14)","decl":{"start":{"line":334,"column":0},"end":{"line":334,"column":1}},"loc":{"start":{"line":335,"column":0},"end":{"line":377,"column":1}},"line":335},"15":{"name":"(anonymous_15)","decl":{"start":{"line":338,"column":19},"end":{"line":338,"column":20}},"loc":{"start":{"line":338,"column":25},"end":{"line":338,"column":27}},"line":338},"16":{"name":"(anonymous_16)","decl":{"start":{"line":341,"column":0},"end":{"line":341,"column":1}},"loc":{"start":{"line":342,"column":0},"end":{"line":375,"column":1}},"line":342},"17":{"name":"(anonymous_17)","decl":{"start":{"line":383,"column":0},"end":{"line":383,"column":1}},"loc":{"start":{"line":384,"column":0},"end":{"line":407,"column":1}},"line":384},"18":{"name":"(anonymous_18)","decl":{"start":{"line":432,"column":0},"end":{"line":432,"column":1}},"loc":{"start":{"line":433,"column":0},"end":{"line":510,"column":1}},"line":433},"19":{"name":"(anonymous_19)","decl":{"start":{"line":448,"column":0},"end":{"line":448,"column":1}},"loc":{"start":{"line":449,"column":0},"end":{"line":497,"column":1}},"line":449},"20":{"name":"(anonymous_20)","decl":{"start":{"line":523,"column":0},"end":{"line":523,"column":1}},"loc":{"start":{"line":524,"column":0},"end":{"line":549,"column":1}},"line":524},"21":{"name":"(anonymous_21)","decl":{"start":{"line":561,"column":0},"end":{"line":561,"column":1}},"loc":{"start":{"line":562,"column":0},"end":{"line":596,"column":1}},"line":562},"22":{"name":"(anonymous_22)","decl":{"start":{"line":568,"column":0},"end":{"line":568,"column":1}},"loc":{"start":{"line":569,"column":0},"end":{"line":584,"column":1}},"line":569},"23":{"name":"(anonymous_23)","decl":{"start":{"line":607,"column":0},"end":{"line":607,"column":1}},"loc":{"start":{"line":608,"column":0},"end":{"line":668,"column":1}},"line":608},"24":{"name":"(anonymous_24)","decl":{"start":{"line":620,"column":0},"end":{"line":620,"column":1}},"loc":{"start":{"line":621,"column":0},"end":{"line":628,"column":1}},"line":621},"25":{"name":"(anonymous_25)","decl":{"start":{"line":649,"column":0},"end":{"line":649,"column":1}},"loc":{"start":{"line":650,"column":0},"end":{"line":666,"column":1}},"line":650},"26":{"name":"(anonymous_26)","decl":{"start":{"line":652,"column":0},"end":{"line":652,"column":1}},"loc":{"start":{"line":653,"column":0},"end":{"line":662,"column":1}},"line":653}},"branchMap":{"0":{"loc":{"start":{"line":34,"column":37},"end":{"line":34,"column":51}},"type":"default-arg","locations":[{"start":{"line":34,"column":47},"end":{"line":34,"column":51}}],"line":34},"1":{"loc":{"start":{"line":43,"column":0},"end":{"line":46,"column":1}},"type":"if","locations":[{"start":{"line":43,"column":0},"end":{"line":46,"column":1}},{"start":{"line":43,"column":0},"end":{"line":46,"column":1}}],"line":43},"2":{"loc":{"start":{"line":43,"column":3},"end":{"line":43,"column":60}},"type":"binary-expr","locations":[{"start":{"line":43,"column":3},"end":{"line":43,"column":13}},{"start":{"line":43,"column":15},"end":{"line":43,"column":40}},{"start":{"line":43,"column":42},"end":{"line":43,"column":60}}],"line":43},"3":{"loc":{"start":{"line":55,"column":0},"end":{"line":63,"column":1}},"type":"if","locations":[{"start":{"line":55,"column":0},"end":{"line":63,"column":1}},{"start":{"line":55,"column":0},"end":{"line":63,"column":1}}],"line":55},"4":{"loc":{"start":{"line":55,"column":3},"end":{"line":55,"column":21}},"type":"binary-expr","locations":[{"start":{"line":55,"column":3},"end":{"line":55,"column":10}},{"start":{"line":55,"column":12},"end":{"line":55,"column":21}}],"line":55},"5":{"loc":{"start":{"line":58,"column":0},"end":{"line":62,"column":1}},"type":"if","locations":[{"start":{"line":58,"column":0},"end":{"line":62,"column":1}},{"start":{"line":58,"column":0},"end":{"line":62,"column":1}}],"line":58},"6":{"loc":{"start":{"line":65,"column":0},"end":{"line":68,"column":1}},"type":"if","locations":[{"start":{"line":65,"column":0},"end":{"line":68,"column":1}},{"start":{"line":65,"column":0},"end":{"line":68,"column":1}}],"line":65},"7":{"loc":{"start":{"line":65,"column":3},"end":{"line":65,"column":39}},"type":"binary-expr","locations":[{"start":{"line":65,"column":3},"end":{"line":65,"column":28}},{"start":{"line":65,"column":30},"end":{"line":65,"column":39}}],"line":65},"8":{"loc":{"start":{"line":96,"column":38},"end":{"line":96,"column":50}},"type":"default-arg","locations":[{"start":{"line":96,"column":46},"end":{"line":96,"column":50}}],"line":96},"9":{"loc":{"start":{"line":103,"column":0},"end":{"line":106,"column":1}},"type":"if","locations":[{"start":{"line":103,"column":0},"end":{"line":106,"column":1}},{"start":{"line":103,"column":0},"end":{"line":106,"column":1}}],"line":103},"10":{"loc":{"start":{"line":103,"column":3},"end":{"line":103,"column":29}},"type":"binary-expr","locations":[{"start":{"line":103,"column":3},"end":{"line":103,"column":11}},{"start":{"line":103,"column":13},"end":{"line":103,"column":29}}],"line":103},"11":{"loc":{"start":{"line":112,"column":0},"end":{"line":115,"column":1}},"type":"if","locations":[{"start":{"line":112,"column":0},"end":{"line":115,"column":1}},{"start":{"line":112,"column":0},"end":{"line":115,"column":1}}],"line":112},"12":{"loc":{"start":{"line":140,"column":33},"end":{"line":140,"column":41}},"type":"default-arg","locations":[{"start":{"line":140,"column":37},"end":{"line":140,"column":41}}],"line":140},"13":{"loc":{"start":{"line":162,"column":0},"end":{"line":194,"column":1}},"type":"if","locations":[{"start":{"line":162,"column":0},"end":{"line":194,"column":1}},{"start":{"line":162,"column":0},"end":{"line":194,"column":1}}],"line":162},"14":{"loc":{"start":{"line":172,"column":0},"end":{"line":175,"column":1}},"type":"if","locations":[{"start":{"line":172,"column":0},"end":{"line":175,"column":1}},{"start":{"line":172,"column":0},"end":{"line":175,"column":1}}],"line":172},"15":{"loc":{"start":{"line":176,"column":0},"end":{"line":190,"column":1}},"type":"if","locations":[{"start":{"line":176,"column":0},"end":{"line":190,"column":1}},{"start":{"line":176,"column":0},"end":{"line":190,"column":1}}],"line":176},"16":{"loc":{"start":{"line":176,"column":3},"end":{"line":176,"column":58}},"type":"binary-expr","locations":[{"start":{"line":176,"column":3},"end":{"line":176,"column":25}},{"start":{"line":176,"column":27},"end":{"line":176,"column":58}}],"line":176},"17":{"loc":{"start":{"line":181,"column":0},"end":{"line":190,"column":1}},"type":"if","locations":[{"start":{"line":181,"column":0},"end":{"line":190,"column":1}},{"start":{"line":181,"column":0},"end":{"line":190,"column":1}}],"line":181},"18":{"loc":{"start":{"line":208,"column":43},"end":{"line":208,"column":51}},"type":"default-arg","locations":[{"start":{"line":208,"column":47},"end":{"line":208,"column":51}}],"line":208},"19":{"loc":{"start":{"line":223,"column":0},"end":{"line":236,"column":1}},"type":"if","locations":[{"start":{"line":223,"column":0},"end":{"line":236,"column":1}},{"start":{"line":223,"column":0},"end":{"line":236,"column":1}}],"line":223},"20":{"loc":{"start":{"line":250,"column":50},"end":{"line":250,"column":58}},"type":"default-arg","locations":[{"start":{"line":250,"column":54},"end":{"line":250,"column":58}}],"line":250},"21":{"loc":{"start":{"line":273,"column":0},"end":{"line":276,"column":1}},"type":"if","locations":[{"start":{"line":273,"column":0},"end":{"line":276,"column":1}},{"start":{"line":273,"column":0},"end":{"line":276,"column":1}}],"line":273},"22":{"loc":{"start":{"line":273,"column":3},"end":{"line":273,"column":23}},"type":"binary-expr","locations":[{"start":{"line":273,"column":3},"end":{"line":273,"column":8}},{"start":{"line":273,"column":10},"end":{"line":273,"column":23}}],"line":273},"23":{"loc":{"start":{"line":284,"column":0},"end":{"line":291,"column":1}},"type":"if","locations":[{"start":{"line":284,"column":0},"end":{"line":291,"column":1}},{"start":{"line":284,"column":0},"end":{"line":291,"column":1}}],"line":284},"24":{"loc":{"start":{"line":284,"column":3},"end":{"line":284,"column":33}},"type":"binary-expr","locations":[{"start":{"line":284,"column":3},"end":{"line":284,"column":13}},{"start":{"line":284,"column":15},"end":{"line":284,"column":33}}],"line":284},"25":{"loc":{"start":{"line":314,"column":45},"end":{"line":314,"column":53}},"type":"default-arg","locations":[{"start":{"line":314,"column":49},"end":{"line":314,"column":53}}],"line":314},"26":{"loc":{"start":{"line":314,"column":54},"end":{"line":314,"column":61}},"type":"default-arg","locations":[{"start":{"line":314,"column":59},"end":{"line":314,"column":61}}],"line":314},"27":{"loc":{"start":{"line":320,"column":0},"end":{"line":323,"column":1}},"type":"if","locations":[{"start":{"line":320,"column":0},"end":{"line":323,"column":1}},{"start":{"line":320,"column":0},"end":{"line":323,"column":1}}],"line":320},"28":{"loc":{"start":{"line":351,"column":18},"end":{"line":351,"column":65}},"type":"cond-expr","locations":[{"start":{"line":351,"column":46},"end":{"line":351,"column":48}},{"start":{"line":351,"column":49},"end":{"line":351,"column":65}}],"line":351},"29":{"loc":{"start":{"line":355,"column":0},"end":{"line":372,"column":1}},"type":"if","locations":[{"start":{"line":355,"column":0},"end":{"line":372,"column":1}},{"start":{"line":355,"column":0},"end":{"line":372,"column":1}}],"line":355},"30":{"loc":{"start":{"line":359,"column":0},"end":{"line":372,"column":1}},"type":"if","locations":[{"start":{"line":359,"column":0},"end":{"line":372,"column":1}},{"start":{"line":359,"column":0},"end":{"line":372,"column":1}}],"line":359},"31":{"loc":{"start":{"line":363,"column":0},"end":{"line":372,"column":1}},"type":"if","locations":[{"start":{"line":363,"column":0},"end":{"line":372,"column":1}},{"start":{"line":363,"column":0},"end":{"line":372,"column":1}}],"line":363},"32":{"loc":{"start":{"line":369,"column":0},"end":{"line":372,"column":1}},"type":"if","locations":[{"start":{"line":369,"column":0},"end":{"line":372,"column":1}},{"start":{"line":369,"column":0},"end":{"line":372,"column":1}}],"line":369},"33":{"loc":{"start":{"line":392,"column":0},"end":{"line":403,"column":1}},"type":"if","locations":[{"start":{"line":392,"column":0},"end":{"line":403,"column":1}},{"start":{"line":392,"column":0},"end":{"line":403,"column":1}}],"line":392},"34":{"loc":{"start":{"line":396,"column":0},"end":{"line":403,"column":1}},"type":"if","locations":[{"start":{"line":396,"column":0},"end":{"line":403,"column":1}},{"start":{"line":396,"column":0},"end":{"line":403,"column":1}}],"line":396},"35":{"loc":{"start":{"line":400,"column":0},"end":{"line":403,"column":1}},"type":"if","locations":[{"start":{"line":400,"column":0},"end":{"line":403,"column":1}},{"start":{"line":400,"column":0},"end":{"line":403,"column":1}}],"line":400},"36":{"loc":{"start":{"line":432,"column":49},"end":{"line":432,"column":60}},"type":"default-arg","locations":[{"start":{"line":432,"column":56},"end":{"line":432,"column":60}}],"line":432},"37":{"loc":{"start":{"line":432,"column":61},"end":{"line":432,"column":68}},"type":"default-arg","locations":[{"start":{"line":432,"column":66},"end":{"line":432,"column":68}}],"line":432},"38":{"loc":{"start":{"line":450,"column":0},"end":{"line":495,"column":1}},"type":"if","locations":[{"start":{"line":450,"column":0},"end":{"line":495,"column":1}},{"start":{"line":450,"column":0},"end":{"line":495,"column":1}}],"line":450},"39":{"loc":{"start":{"line":461,"column":0},"end":{"line":481,"column":1}},"type":"if","locations":[{"start":{"line":461,"column":0},"end":{"line":481,"column":1}},{"start":{"line":461,"column":0},"end":{"line":481,"column":1}}],"line":461},"40":{"loc":{"start":{"line":468,"column":0},"end":{"line":471,"column":1}},"type":"if","locations":[{"start":{"line":468,"column":0},"end":{"line":471,"column":1}},{"start":{"line":468,"column":0},"end":{"line":471,"column":1}}],"line":468},"41":{"loc":{"start":{"line":523,"column":43},"end":{"line":523,"column":54}},"type":"default-arg","locations":[{"start":{"line":523,"column":50},"end":{"line":523,"column":54}}],"line":523},"42":{"loc":{"start":{"line":531,"column":0},"end":{"line":538,"column":1}},"type":"if","locations":[{"start":{"line":531,"column":0},"end":{"line":538,"column":1}},{"start":{"line":531,"column":0},"end":{"line":538,"column":1}}],"line":531},"43":{"loc":{"start":{"line":561,"column":36},"end":{"line":561,"column":47}},"type":"default-arg","locations":[{"start":{"line":561,"column":43},"end":{"line":561,"column":47}}],"line":561},"44":{"loc":{"start":{"line":561,"column":48},"end":{"line":561,"column":63}},"type":"default-arg","locations":[{"start":{"line":561,"column":59},"end":{"line":561,"column":63}}],"line":561},"45":{"loc":{"start":{"line":561,"column":64},"end":{"line":561,"column":80}},"type":"default-arg","locations":[{"start":{"line":561,"column":76},"end":{"line":561,"column":80}}],"line":561},"46":{"loc":{"start":{"line":571,"column":0},"end":{"line":583,"column":1}},"type":"if","locations":[{"start":{"line":571,"column":0},"end":{"line":583,"column":1}},{"start":{"line":571,"column":0},"end":{"line":583,"column":1}}],"line":571},"47":{"loc":{"start":{"line":571,"column":3},"end":{"line":572,"column":39}},"type":"binary-expr","locations":[{"start":{"line":571,"column":4},"end":{"line":571,"column":20}},{"start":{"line":571,"column":22},"end":{"line":571,"column":37}},{"start":{"line":572,"column":0},"end":{"line":572,"column":14}},{"start":{"line":572,"column":16},"end":{"line":572,"column":38}}],"line":571},"48":{"loc":{"start":{"line":576,"column":0},"end":{"line":583,"column":1}},"type":"if","locations":[{"start":{"line":576,"column":0},"end":{"line":583,"column":1}},{"start":{"line":576,"column":0},"end":{"line":583,"column":1}}],"line":576},"49":{"loc":{"start":{"line":576,"column":3},"end":{"line":576,"column":41}},"type":"binary-expr","locations":[{"start":{"line":576,"column":3},"end":{"line":576,"column":17}},{"start":{"line":576,"column":19},"end":{"line":576,"column":41}}],"line":576},"50":{"loc":{"start":{"line":607,"column":42},"end":{"line":607,"column":53}},"type":"default-arg","locations":[{"start":{"line":607,"column":49},"end":{"line":607,"column":53}}],"line":607},"51":{"loc":{"start":{"line":607,"column":54},"end":{"line":607,"column":68}},"type":"default-arg","locations":[{"start":{"line":607,"column":64},"end":{"line":607,"column":68}}],"line":607},"52":{"loc":{"start":{"line":613,"column":0},"end":{"line":667,"column":1}},"type":"if","locations":[{"start":{"line":613,"column":0},"end":{"line":667,"column":1}},{"start":{"line":613,"column":0},"end":{"line":667,"column":1}}],"line":613},"53":{"loc":{"start":{"line":613,"column":3},"end":{"line":613,"column":24}},"type":"binary-expr","locations":[{"start":{"line":613,"column":3},"end":{"line":613,"column":9}},{"start":{"line":613,"column":11},"end":{"line":613,"column":24}}],"line":613},"54":{"loc":{"start":{"line":616,"column":0},"end":{"line":639,"column":1}},"type":"if","locations":[{"start":{"line":616,"column":0},"end":{"line":639,"column":1}},{"start":{"line":616,"column":0},"end":{"line":639,"column":1}}],"line":616},"55":{"loc":{"start":{"line":654,"column":0},"end":{"line":661,"column":1}},"type":"if","locations":[{"start":{"line":654,"column":0},"end":{"line":661,"column":1}},{"start":{"line":654,"column":0},"end":{"line":661,"column":1}}],"line":654},"56":{"loc":{"start":{"line":654,"column":3},"end":{"line":654,"column":80}},"type":"binary-expr","locations":[{"start":{"line":654,"column":3},"end":{"line":654,"column":25}},{"start":{"line":654,"column":27},"end":{"line":654,"column":51}},{"start":{"line":654,"column":53},"end":{"line":654,"column":80}}],"line":654}},"s":{"0":1,"1":1,"2":1,"3":1,"4":1,"5":1,"6":1,"7":1,"8":1,"9":1,"10":4,"11":4,"12":1,"13":1,"14":1,"15":4,"16":0,"17":0,"18":0,"19":0,"20":0,"21":1,"22":1,"23":1,"24":1,"25":1,"26":1,"27":1,"28":1,"29":1,"30":0,"31":0,"32":1,"33":1,"34":1,"35":1,"36":1,"37":1,"38":1,"39":0,"40":1,"41":0,"42":0,"43":1,"44":1,"45":1,"46":0,"47":0,"48":1,"49":1,"50":1,"51":1,"52":1,"53":0,"54":0,"55":0,"56":0,"57":1,"58":1,"59":1,"60":0,"61":0,"62":0,"63":0,"64":0,"65":0,"66":0,"67":0,"68":0,"69":0,"70":0,"71":0,"72":0,"73":0,"74":0,"75":0,"76":2,"77":2,"78":2,"79":1,"80":2,"81":2,"82":2,"83":2,"84":2,"85":2,"86":2,"87":0,"88":2,"89":0,"90":2,"91":1,"92":1,"93":1,"94":0,"95":2,"96":2,"97":2,"98":0,"99":0,"100":0,"101":0,"102":0,"103":0,"104":0,"105":0,"106":0,"107":0,"108":2,"109":2,"110":2,"111":2,"112":2,"113":2,"114":2,"115":2,"116":2,"117":2,"118":2,"119":0,"120":0,"121":2,"122":0,"123":0,"124":0,"125":0,"126":1,"127":1,"128":1,"129":1,"130":1,"131":0,"132":0,"133":0,"134":2,"135":2,"136":2,"137":2,"138":0,"139":2,"140":0,"141":2,"142":0,"143":0,"144":1,"145":1,"146":1,"147":0,"148":0,"149":0,"150":0,"151":1,"152":1,"153":1,"154":0,"155":0,"156":0,"157":0,"158":0,"159":0,"160":0,"161":0,"162":1},"f":{"0":12,"1":1,"2":4,"3":4,"4":1,"5":1,"6":1,"7":1,"8":1,"9":1,"10":1,"11":0,"12":0,"13":2,"14":2,"15":10,"16":2,"17":0,"18":2,"19":2,"20":1,"21":2,"22":2,"23":1,"24":0,"25":0,"26":0},"b":{"0":[0],"1":[1,0],"2":[1,0,0],"3":[1,3],"4":[4,4],"5":[1,0],"6":[0,4],"7":[4,1],"8":[0],"9":[1,0],"10":[1,0],"11":[1,0],"12":[0],"13":[0,1],"14":[0,1],"15":[0,1],"16":[1,1],"17":[1,0],"18":[0],"19":[0,1],"20":[0],"21":[0,0],"22":[0,0],"23":[0,0],"24":[0,0],"25":[0],"26":[0],"27":[1,1],"28":[1,1],"29":[0,2],"30":[0,2],"31":[1,1],"32":[0,1],"33":[0,0],"34":[0,0],"35":[0,0],"36":[0],"37":[0],"38":[2,0],"39":[2,0],"40":[0,2],"41":[0],"42":[1,0],"43":[0],"44":[0],"45":[0],"46":[0,2],"47":[2,1,2,2],"48":[0,2],"49":[2,2],"50":[0],"51":[0],"52":[1,0],"53":[1,1],"54":[0,1],"55":[0,0],"56":[0,0,0]},"_coverageSchema":"43e27e138ebf9cfc5966b082cf9a028302ed4184","hash":"5dfd34ad760e4e1f99e1d2769dc794093e5ef963"}
,"/Users/costmo/Documents/dev/consultwebs/LawEval/validpoint/dist/CW_Runner.js": {"path":"/Users/costmo/Documents/dev/consultwebs/LawEval/validpoint/dist/CW_Runner.js","statementMap":{"0":{"start":{"line":1,"column":30},"end":{"line":1,"column":53}},"1":{"start":{"line":2,"column":14},"end":{"line":2,"column":30}},"2":{"start":{"line":4,"column":17},"end":{"line":4,"column":42}},"3":{"start":{"line":5,"column":14},"end":{"line":5,"column":36}},"4":{"start":{"line":6,"column":18},"end":{"line":6,"column":53}},"5":{"start":{"line":8,"column":10},"end":{"line":8,"column":42}},"6":{"start":{"line":10,"column":13},"end":{"line":10,"column":46}},"7":{"start":{"line":37,"column":16},"end":{"line":37,"column":18}},"8":{"start":{"line":39,"column":0},"end":{"line":42,"column":1}},"9":{"start":{"line":41,"column":0},"end":{"line":41,"column":18}},"10":{"start":{"line":44,"column":0},"end":{"line":44,"column":19}},"11":{"start":{"line":52,"column":9},"end":{"line":52,"column":11}},"12":{"start":{"line":56,"column":0},"end":{"line":103,"column":1}},"13":{"start":{"line":58,"column":0},"end":{"line":62,"column":1}},"14":{"start":{"line":61,"column":0},"end":{"line":61,"column":49}},"15":{"start":{"line":64,"column":0},"end":{"line":77,"column":1}},"16":{"start":{"line":68,"column":0},"end":{"line":76,"column":1}},"17":{"start":{"line":71,"column":0},"end":{"line":71,"column":39}},"18":{"start":{"line":75,"column":0},"end":{"line":75,"column":59}},"19":{"start":{"line":81,"column":0},"end":{"line":103,"column":1}},"20":{"start":{"line":83,"column":0},"end":{"line":87,"column":1}},"21":{"start":{"line":86,"column":0},"end":{"line":86,"column":45}},"22":{"start":{"line":89,"column":0},"end":{"line":102,"column":1}},"23":{"start":{"line":93,"column":0},"end":{"line":101,"column":1}},"24":{"start":{"line":96,"column":0},"end":{"line":96,"column":35}},"25":{"start":{"line":100,"column":0},"end":{"line":100,"column":55}},"26":{"start":{"line":105,"column":0},"end":{"line":105,"column":12}},"27":{"start":{"line":114,"column":0},"end":{"line":230,"column":3}},"28":{"start":{"line":117,"column":19},"end":{"line":117,"column":46}},"29":{"start":{"line":119,"column":14},"end":{"line":119,"column":20}},"30":{"start":{"line":120,"column":0},"end":{"line":128,"column":1}},"31":{"start":{"line":122,"column":0},"end":{"line":122,"column":21}},"32":{"start":{"line":123,"column":0},"end":{"line":123,"column":24}},"33":{"start":{"line":125,"column":0},"end":{"line":128,"column":1}},"34":{"start":{"line":127,"column":0},"end":{"line":127,"column":24}},"35":{"start":{"line":131,"column":0},"end":{"line":134,"column":1}},"36":{"start":{"line":133,"column":0},"end":{"line":133,"column":27}},"37":{"start":{"line":136,"column":14},"end":{"line":136,"column":86}},"38":{"start":{"line":137,"column":15},"end":{"line":137,"column":82}},"39":{"start":{"line":139,"column":0},"end":{"line":142,"column":1}},"40":{"start":{"line":141,"column":0},"end":{"line":141,"column":47}},"41":{"start":{"line":144,"column":0},"end":{"line":147,"column":1}},"42":{"start":{"line":146,"column":0},"end":{"line":146,"column":117}},"43":{"start":{"line":149,"column":0},"end":{"line":156,"column":1}},"44":{"start":{"line":151,"column":0},"end":{"line":151,"column":36}},"45":{"start":{"line":155,"column":0},"end":{"line":155,"column":35}},"46":{"start":{"line":158,"column":0},"end":{"line":161,"column":17}},"47":{"start":{"line":165,"column":0},"end":{"line":169,"column":12}},"48":{"start":{"line":173,"column":11},"end":{"line":173,"column":53}},"49":{"start":{"line":174,"column":0},"end":{"line":228,"column":3}},"50":{"start":{"line":177,"column":0},"end":{"line":227,"column":1}},"51":{"start":{"line":179,"column":11},"end":{"line":179,"column":33}},"52":{"start":{"line":182,"column":0},"end":{"line":185,"column":1}},"53":{"start":{"line":184,"column":0},"end":{"line":184,"column":39}},"54":{"start":{"line":188,"column":0},"end":{"line":191,"column":1}},"55":{"start":{"line":190,"column":0},"end":{"line":190,"column":53}},"56":{"start":{"line":192,"column":0},"end":{"line":199,"column":1}},"57":{"start":{"line":194,"column":0},"end":{"line":194,"column":57}},"58":{"start":{"line":198,"column":0},"end":{"line":198,"column":53}},"59":{"start":{"line":200,"column":0},"end":{"line":203,"column":1}},"60":{"start":{"line":202,"column":0},"end":{"line":202,"column":51}},"61":{"start":{"line":205,"column":0},"end":{"line":209,"column":1}},"62":{"start":{"line":208,"column":0},"end":{"line":208,"column":48}},"63":{"start":{"line":212,"column":0},"end":{"line":215,"column":1}},"64":{"start":{"line":214,"column":0},"end":{"line":214,"column":89}},"65":{"start":{"line":216,"column":0},"end":{"line":219,"column":1}},"66":{"start":{"line":218,"column":0},"end":{"line":218,"column":121}},"67":{"start":{"line":221,"column":0},"end":{"line":221,"column":21}},"68":{"start":{"line":226,"column":0},"end":{"line":226,"column":21}},"69":{"start":{"line":239,"column":12},"end":{"line":239,"column":24}},"70":{"start":{"line":240,"column":19},"end":{"line":240,"column":23}},"71":{"start":{"line":243,"column":0},"end":{"line":246,"column":1}},"72":{"start":{"line":245,"column":0},"end":{"line":245,"column":31}},"73":{"start":{"line":247,"column":0},"end":{"line":247,"column":36}},"74":{"start":{"line":251,"column":0},"end":{"line":261,"column":1}},"75":{"start":{"line":254,"column":0},"end":{"line":254,"column":14}},"76":{"start":{"line":255,"column":0},"end":{"line":255,"column":154}},"77":{"start":{"line":256,"column":0},"end":{"line":256,"column":14}},"78":{"start":{"line":258,"column":10},"end":{"line":258,"column":30}},"79":{"start":{"line":259,"column":0},"end":{"line":259,"column":17}},"80":{"start":{"line":260,"column":0},"end":{"line":260,"column":15}},"81":{"start":{"line":264,"column":0},"end":{"line":274,"column":1}},"82":{"start":{"line":266,"column":14},"end":{"line":266,"column":16}},"83":{"start":{"line":267,"column":0},"end":{"line":271,"column":3}},"84":{"start":{"line":270,"column":0},"end":{"line":270,"column":23}},"85":{"start":{"line":273,"column":0},"end":{"line":273,"column":18}},"86":{"start":{"line":276,"column":0},"end":{"line":276,"column":15}},"87":{"start":{"line":288,"column":0},"end":{"line":298,"column":3}},"88":{"start":{"line":291,"column":15},"end":{"line":291,"column":21}},"89":{"start":{"line":292,"column":0},"end":{"line":295,"column":1}},"90":{"start":{"line":294,"column":0},"end":{"line":294,"column":42}},"91":{"start":{"line":296,"column":0},"end":{"line":296,"column":104}},"92":{"start":{"line":297,"column":0},"end":{"line":297,"column":14}},"93":{"start":{"line":310,"column":0},"end":{"line":366,"column":3}},"94":{"start":{"line":313,"column":11},"end":{"line":313,"column":23}},"95":{"start":{"line":315,"column":0},"end":{"line":318,"column":1}},"96":{"start":{"line":317,"column":0},"end":{"line":317,"column":27}},"97":{"start":{"line":319,"column":9},"end":{"line":319,"column":51}},"98":{"start":{"line":320,"column":11},"end":{"line":320,"column":44}},"99":{"start":{"line":322,"column":14},"end":{"line":322,"column":45}},"100":{"start":{"line":323,"column":11},"end":{"line":323,"column":26}},"101":{"start":{"line":326,"column":0},"end":{"line":333,"column":1}},"102":{"start":{"line":328,"column":0},"end":{"line":328,"column":44}},"103":{"start":{"line":332,"column":0},"end":{"line":332,"column":22}},"104":{"start":{"line":336,"column":0},"end":{"line":343,"column":1}},"105":{"start":{"line":338,"column":0},"end":{"line":338,"column":41}},"106":{"start":{"line":342,"column":0},"end":{"line":342,"column":22}},"107":{"start":{"line":345,"column":0},"end":{"line":359,"column":1}},"108":{"start":{"line":347,"column":0},"end":{"line":358,"column":3}},"109":{"start":{"line":351,"column":11},"end":{"line":351,"column":26}},"110":{"start":{"line":352,"column":0},"end":{"line":352,"column":97}},"111":{"start":{"line":357,"column":0},"end":{"line":357,"column":14}},"112":{"start":{"line":364,"column":0},"end":{"line":364,"column":45}},"113":{"start":{"line":365,"column":0},"end":{"line":365,"column":19}},"114":{"start":{"line":381,"column":0},"end":{"line":407,"column":3}},"115":{"start":{"line":384,"column":0},"end":{"line":405,"column":3}},"116":{"start":{"line":390,"column":0},"end":{"line":395,"column":1}},"117":{"start":{"line":392,"column":0},"end":{"line":392,"column":14}},"118":{"start":{"line":393,"column":0},"end":{"line":393,"column":22}},"119":{"start":{"line":394,"column":0},"end":{"line":394,"column":14}},"120":{"start":{"line":396,"column":0},"end":{"line":396,"column":18}},"121":{"start":{"line":403,"column":0},"end":{"line":403,"column":41}},"122":{"start":{"line":404,"column":0},"end":{"line":404,"column":19}},"123":{"start":{"line":421,"column":0},"end":{"line":424,"column":1}},"124":{"start":{"line":423,"column":0},"end":{"line":423,"column":29}},"125":{"start":{"line":425,"column":0},"end":{"line":429,"column":1}},"126":{"start":{"line":427,"column":0},"end":{"line":427,"column":39}},"127":{"start":{"line":428,"column":0},"end":{"line":428,"column":40}},"128":{"start":{"line":431,"column":19},"end":{"line":431,"column":21}},"129":{"start":{"line":434,"column":0},"end":{"line":633,"column":7}},"130":{"start":{"line":437,"column":0},"end":{"line":447,"column":3}},"131":{"start":{"line":440,"column":0},"end":{"line":445,"column":3}},"132":{"start":{"line":444,"column":0},"end":{"line":444,"column":16}},"133":{"start":{"line":450,"column":0},"end":{"line":460,"column":3}},"134":{"start":{"line":453,"column":0},"end":{"line":458,"column":3}},"135":{"start":{"line":457,"column":0},"end":{"line":457,"column":16}},"136":{"start":{"line":463,"column":0},"end":{"line":473,"column":3}},"137":{"start":{"line":466,"column":0},"end":{"line":471,"column":3}},"138":{"start":{"line":470,"column":0},"end":{"line":470,"column":16}},"139":{"start":{"line":477,"column":0},"end":{"line":477,"column":41}},"140":{"start":{"line":478,"column":0},"end":{"line":488,"column":3}},"141":{"start":{"line":481,"column":0},"end":{"line":486,"column":3}},"142":{"start":{"line":485,"column":0},"end":{"line":485,"column":16}},"143":{"start":{"line":491,"column":0},"end":{"line":501,"column":3}},"144":{"start":{"line":494,"column":0},"end":{"line":499,"column":3}},"145":{"start":{"line":498,"column":0},"end":{"line":498,"column":16}},"146":{"start":{"line":504,"column":0},"end":{"line":514,"column":3}},"147":{"start":{"line":507,"column":0},"end":{"line":512,"column":3}},"148":{"start":{"line":511,"column":0},"end":{"line":511,"column":16}},"149":{"start":{"line":518,"column":0},"end":{"line":518,"column":43}},"150":{"start":{"line":519,"column":0},"end":{"line":529,"column":3}},"151":{"start":{"line":522,"column":0},"end":{"line":527,"column":3}},"152":{"start":{"line":526,"column":0},"end":{"line":526,"column":16}},"153":{"start":{"line":533,"column":0},"end":{"line":533,"column":47}},"154":{"start":{"line":534,"column":0},"end":{"line":544,"column":3}},"155":{"start":{"line":537,"column":0},"end":{"line":542,"column":3}},"156":{"start":{"line":541,"column":0},"end":{"line":541,"column":16}},"157":{"start":{"line":547,"column":0},"end":{"line":557,"column":3}},"158":{"start":{"line":550,"column":0},"end":{"line":555,"column":3}},"159":{"start":{"line":554,"column":0},"end":{"line":554,"column":16}},"160":{"start":{"line":560,"column":0},"end":{"line":629,"column":3}},"161":{"start":{"line":563,"column":15},"end":{"line":563,"column":28}},"162":{"start":{"line":564,"column":20},"end":{"line":564,"column":46}},"163":{"start":{"line":566,"column":13},"end":{"line":566,"column":57}},"164":{"start":{"line":567,"column":0},"end":{"line":628,"column":3}},"165":{"start":{"line":570,"column":0},"end":{"line":627,"column":1}},"166":{"start":{"line":576,"column":9},"end":{"line":576,"column":22}},"167":{"start":{"line":578,"column":0},"end":{"line":626,"column":1}},"168":{"start":{"line":580,"column":17},"end":{"line":580,"column":22}},"169":{"start":{"line":581,"column":0},"end":{"line":619,"column":3}},"170":{"start":{"line":584,"column":21},"end":{"line":584,"column":80}},"171":{"start":{"line":586,"column":0},"end":{"line":618,"column":1}},"172":{"start":{"line":588,"column":0},"end":{"line":611,"column":1}},"173":{"start":{"line":590,"column":18},"end":{"line":590,"column":43}},"174":{"start":{"line":591,"column":0},"end":{"line":610,"column":1}},"175":{"start":{"line":593,"column":14},"end":{"line":593,"column":62}},"176":{"start":{"line":595,"column":0},"end":{"line":598,"column":1}},"177":{"start":{"line":597,"column":0},"end":{"line":597,"column":41}},"178":{"start":{"line":600,"column":0},"end":{"line":600,"column":18}},"179":{"start":{"line":602,"column":0},"end":{"line":607,"column":73}},"180":{"start":{"line":609,"column":0},"end":{"line":609,"column":62}},"181":{"start":{"line":622,"column":0},"end":{"line":625,"column":1}},"182":{"start":{"line":624,"column":0},"end":{"line":624,"column":70}},"183":{"start":{"line":633,"column":0},"end":{"line":633,"column":6}},"184":{"start":{"line":648,"column":0},"end":{"line":648,"column":39}},"185":{"start":{"line":649,"column":0},"end":{"line":649,"column":44}},"186":{"start":{"line":651,"column":0},"end":{"line":714,"column":3}},"187":{"start":{"line":654,"column":18},"end":{"line":654,"column":47}},"188":{"start":{"line":656,"column":0},"end":{"line":657,"column":102}},"189":{"start":{"line":660,"column":0},"end":{"line":707,"column":3}},"190":{"start":{"line":664,"column":0},"end":{"line":665,"column":20}},"191":{"start":{"line":668,"column":0},"end":{"line":668,"column":46}},"192":{"start":{"line":669,"column":0},"end":{"line":669,"column":57}},"193":{"start":{"line":670,"column":0},"end":{"line":670,"column":45}},"194":{"start":{"line":672,"column":0},"end":{"line":672,"column":98}},"195":{"start":{"line":674,"column":0},"end":{"line":674,"column":64}},"196":{"start":{"line":675,"column":0},"end":{"line":675,"column":76}},"197":{"start":{"line":677,"column":0},"end":{"line":702,"column":3}},"198":{"start":{"line":681,"column":0},"end":{"line":682,"column":59}},"199":{"start":{"line":685,"column":0},"end":{"line":688,"column":16}},"200":{"start":{"line":692,"column":0},"end":{"line":692,"column":46}},"201":{"start":{"line":693,"column":0},"end":{"line":693,"column":57}},"202":{"start":{"line":694,"column":0},"end":{"line":694,"column":45}},"203":{"start":{"line":696,"column":0},"end":{"line":696,"column":109}},"204":{"start":{"line":698,"column":0},"end":{"line":698,"column":64}},"205":{"start":{"line":699,"column":0},"end":{"line":699,"column":75}},"206":{"start":{"line":701,"column":0},"end":{"line":701,"column":38}},"207":{"start":{"line":726,"column":0},"end":{"line":736,"column":3}},"208":{"start":{"line":729,"column":0},"end":{"line":734,"column":3}},"209":{"start":{"line":733,"column":0},"end":{"line":733,"column":16}},"210":{"start":{"line":748,"column":0},"end":{"line":748,"column":51}},"211":{"start":{"line":749,"column":0},"end":{"line":749,"column":44}},"212":{"start":{"line":751,"column":0},"end":{"line":824,"column":3}},"213":{"start":{"line":754,"column":18},"end":{"line":754,"column":47}},"214":{"start":{"line":756,"column":0},"end":{"line":757,"column":86}},"215":{"start":{"line":760,"column":0},"end":{"line":822,"column":1}},"216":{"start":{"line":762,"column":0},"end":{"line":807,"column":3}},"217":{"start":{"line":766,"
[...]
3,"column":53},"end":{"line":1023,"column":57}}],"line":1023},"102":{"loc":{"start":{"line":1081,"column":30},"end":{"line":1081,"column":47}},"type":"default-arg","locations":[{"start":{"line":1081,"column":43},"end":{"line":1081,"column":47}}],"line":1081},"103":{"loc":{"start":{"line":1081,"column":48},"end":{"line":1081,"column":58}},"type":"default-arg","locations":[{"start":{"line":1081,"column":54},"end":{"line":1081,"column":58}}],"line":1081},"104":{"loc":{"start":{"line":1100,"column":16},"end":{"line":1100,"column":33}},"type":"default-arg","locations":[{"start":{"line":1100,"column":29},"end":{"line":1100,"column":33}}],"line":1100},"105":{"loc":{"start":{"line":1100,"column":34},"end":{"line":1100,"column":51}},"type":"default-arg","locations":[{"start":{"line":1100,"column":47},"end":{"line":1100,"column":51}}],"line":1100},"106":{"loc":{"start":{"line":1210,"column":0},"end":{"line":1221,"column":1}},"type":"if","locations":[{"start":{"line":1210,"column":0},"end":{"line":1221,"column":1}},{"start":{"line":1210,"column":0},"end":{"line":1221,"column":1}}],"line":1210},"107":{"loc":{"start":{"line":1240,"column":0},"end":{"line":1270,"column":1}},"type":"if","locations":[{"start":{"line":1240,"column":0},"end":{"line":1270,"column":1}},{"start":{"line":1240,"column":0},"end":{"line":1270,"column":1}}],"line":1240},"108":{"loc":{"start":{"line":1243,"column":0},"end":{"line":1258,"column":1}},"type":"if","locations":[{"start":{"line":1243,"column":0},"end":{"line":1258,"column":1}},{"start":{"line":1243,"column":0},"end":{"line":1258,"column":1}}],"line":1243},"109":{"loc":{"start":{"line":1248,"column":0},"end":{"line":1257,"column":1}},"type":"if","locations":[{"start":{"line":1248,"column":0},"end":{"line":1257,"column":1}},{"start":{"line":1248,"column":0},"end":{"line":1257,"column":1}}],"line":1248},"110":{"loc":{"start":{"line":1248,"column":3},"end":{"line":1248,"column":47}},"type":"binary-expr","locations":[{"start":{"line":1248,"column":3},"end":{"line":1248,"column":26}},{"start":{"line":1248,"column":28},"end":{"line":1248,"column":47}}],"line":1248},"111":{"loc":{"start":{"line":1253,"column":0},"end":{"line":1257,"column":1}},"type":"if","locations":[{"start":{"line":1253,"column":0},"end":{"line":1257,"column":1}},{"start":{"line":1253,"column":0},"end":{"line":1257,"column":1}}],"line":1253},"112":{"loc":{"start":{"line":1253,"column":3},"end":{"line":1253,"column":47}},"type":"binary-expr","locations":[{"start":{"line":1253,"column":3},"end":{"line":1253,"column":22}},{"start":{"line":1253,"column":24},"end":{"line":1253,"column":47}}],"line":1253},"113":{"loc":{"start":{"line":1289,"column":0},"end":{"line":1311,"column":1}},"type":"if","locations":[{"start":{"line":1289,"column":0},"end":{"line":1311,"column":1}},{"start":{"line":1289,"column":0},"end":{"line":1311,"column":1}}],"line":1289},"114":{"loc":{"start":{"line":1294,"column":0},"end":{"line":1297,"column":1}},"type":"if","locations":[{"start":{"line":1294,"column":0},"end":{"line":1297,"column":1}},{"start":{"line":1294,"column":0},"end":{"line":1297,"column":1}}],"line":1294},"115":{"loc":{"start":{"line":1294,"column":3},"end":{"line":1294,"column":46}},"type":"binary-expr","locations":[{"start":{"line":1294,"column":3},"end":{"line":1294,"column":19}},{"start":{"line":1294,"column":21},"end":{"line":1294,"column":46}}],"line":1294},"116":{"loc":{"start":{"line":1331,"column":0},"end":{"line":1350,"column":1}},"type":"if","locations":[{"start":{"line":1331,"column":0},"end":{"line":1350,"column":1}},{"start":{"line":1331,"column":0},"end":{"line":1350,"column":1}}],"line":1331},"117":{"loc":{"start":{"line":1337,"column":0},"end":{"line":1340,"column":1}},"type":"if","locations":[{"start":{"line":1337,"column":0},"end":{"line":1340,"column":1}},{"start":{"line":1337,"column":0},"end":{"line":1340,"column":1}}],"line":1337},"118":{"loc":{"start":{"line":1424,"column":17},"end":{"line":1424,"column":34}},"type":"default-arg","locations":[{"start":{"line":1424,"column":30},"end":{"line":1424,"column":34}}],"line":1424},"119":{"loc":{"start":{"line":1424,"column":35},"end":{"line":1424,"column":52}},"type":"default-arg","locations":[{"start":{"line":1424,"column":48},"end":{"line":1424,"column":52}}],"line":1424},"120":{"loc":{"start":{"line":1424,"column":53},"end":{"line":1424,"column":60}},"type":"default-arg","locations":[{"start":{"line":1424,"column":58},"end":{"line":1424,"column":60}}],"line":1424},"121":{"loc":{"start":{"line":1432,"column":0},"end":{"line":1435,"column":1}},"type":"if","locations":[{"start":{"line":1432,"column":0},"end":{"line":1435,"column":1}},{"start":{"line":1432,"column":0},"end":{"line":1435,"column":1}}],"line":1432},"122":{"loc":{"start":{"line":1470,"column":0},"end":{"line":1483,"column":1}},"type":"if","locations":[{"start":{"line":1470,"column":0},"end":{"line":1483,"column":1}},{"start":{"line":1470,"column":0},"end":{"line":1483,"column":1}}],"line":1470},"123":{"loc":{"start":{"line":1470,"column":3},"end":{"line":1471,"column":61}},"type":"binary-expr","locations":[{"start":{"line":1470,"column":3},"end":{"line":1470,"column":60}},{"start":{"line":1471,"column":0},"end":{"line":1471,"column":61}}],"line":1470},"124":{"loc":{"start":{"line":1477,"column":0},"end":{"line":1480,"column":1}},"type":"if","locations":[{"start":{"line":1477,"column":0},"end":{"line":1480,"column":1}},{"start":{"line":1477,"column":0},"end":{"line":1480,"column":1}}],"line":1477},"125":{"loc":{"start":{"line":1495,"column":0},"end":{"line":1498,"column":1}},"type":"if","locations":[{"start":{"line":1495,"column":0},"end":{"line":1498,"column":1}},{"start":{"line":1495,"column":0},"end":{"line":1498,"column":1}}],"line":1495},"126":{"loc":{"start":{"line":1546,"column":0},"end":{"line":1563,"column":1}},"type":"if","locations":[{"start":{"line":1546,"column":0},"end":{"line":1563,"column":1}},{"start":{"line":1546,"column":0},"end":{"line":1563,"column":1}}],"line":1546},"127":{"loc":{"start":{"line":1546,"column":3},"end":{"line":1546,"column":86}},"type":"binary-expr","locations":[{"start":{"line":1546,"column":3},"end":{"line":1546,"column":21}},{"start":{"line":1546,"column":23},"end":{"line":1546,"column":49}},{"start":{"line":1546,"column":51},"end":{"line":1546,"column":86}}],"line":1546},"128":{"loc":{"start":{"line":1681,"column":0},"end":{"line":1688,"column":1}},"type":"if","locations":[{"start":{"line":1681,"column":0},"end":{"line":1688,"column":1}},{"start":{"line":1681,"column":0},"end":{"line":1688,"column":1}}],"line":1681},"129":{"loc":{"start":{"line":1681,"column":3},"end":{"line":1681,"column":39}},"type":"binary-expr","locations":[{"start":{"line":1681,"column":3},"end":{"line":1681,"column":19}},{"start":{"line":1681,"column":21},"end":{"line":1681,"column":39}}],"line":1681},"130":{"loc":{"start":{"line":1690,"column":0},"end":{"line":1705,"column":1}},"type":"if","locations":[{"start":{"line":1690,"column":0},"end":{"line":1705,"column":1}},{"start":{"line":1690,"column":0},"end":{"line":1705,"column":1}}],"line":1690},"131":{"loc":{"start":{"line":1690,"column":3},"end":{"line":1690,"column":84}},"type":"binary-expr","locations":[{"start":{"line":1690,"column":3},"end":{"line":1690,"column":19}},{"start":{"line":1690,"column":22},"end":{"line":1690,"column":47}},{"start":{"line":1690,"column":49},"end":{"line":1690,"column":83}}],"line":1690},"132":{"loc":{"start":{"line":1693,"column":0},"end":{"line":1700,"column":1}},"type":"if","locations":[{"start":{"line":1693,"column":0},"end":{"line":1700,"column":1}},{"start":{"line":1693,"column":0},"end":{"line":1700,"column":1}}],"line":1693},"133":{"loc":{"start":{"line":1707,"column":0},"end":{"line":1789,"column":1}},"type":"if","locations":[{"start":{"line":1707,"column":0},"end":{"line":1789,"column":1}},{"start":{"line":1707,"column":0},"end":{"line":1789,"column":1}}],"line":1707},"134":{"loc":{"start":{"line":1707,"column":3},"end":{"line":1707,"column":28}},"type":"binary-expr","locations":[{"start":{"line":1707,"column":3},"end":{"line":1707,"column":10}},{"start":{"line":1707,"column":12},"end":{"line":1707,"column":28}}],"line":1707},"135":{"loc":{"start":{"line":1716,"column":0},"end":{"line":1723,"column":1}},"type":"if","locations":[{"start":{"line":1716,"column":0},"end":{"line":1723,"column":1}},{"start":{"line":1716,"column":0},"end":{"line":1723,"column":1}}],"line":1716},"136":{"loc":{"start":{"line":1716,"column":3},"end":{"line":1716,"column":64}},"type":"binary-expr","locations":[{"start":{"line":1716,"column":3},"end":{"line":1716,"column":28}},{"start":{"line":1716,"column":30},"end":{"line":1716,"column":64}}],"line":1716},"137":{"loc":{"start":{"line":1725,"column":0},"end":{"line":1732,"column":1}},"type":"if","locations":[{"start":{"line":1725,"column":0},"end":{"line":1732,"column":1}},{"start":{"line":1725,"column":0},"end":{"line":1732,"column":1}}],"line":1725},"138":{"loc":{"start":{"line":1725,"column":3},"end":{"line":1725,"column":71}},"type":"binary-expr","locations":[{"start":{"line":1725,"column":3},"end":{"line":1725,"column":18}},{"start":{"line":1725,"column":20},"end":{"line":1725,"column":44}},{"start":{"line":1725,"column":46},"end":{"line":1725,"column":71}}],"line":1725},"139":{"loc":{"start":{"line":1736,"column":21},"end":{"line":1736,"column":46}},"type":"cond-expr","locations":[{"start":{"line":1736,"column":36},"end":{"line":1736,"column":40}},{"start":{"line":1736,"column":41},"end":{"line":1736,"column":46}}],"line":1736},"140":{"loc":{"start":{"line":1737,"column":18},"end":{"line":1737,"column":45}},"type":"cond-expr","locations":[{"start":{"line":1737,"column":35},"end":{"line":1737,"column":39}},{"start":{"line":1737,"column":40},"end":{"line":1737,"column":45}}],"line":1737},"141":{"loc":{"start":{"line":1746,"column":0},"end":{"line":1763,"column":1}},"type":"if","locations":[{"start":{"line":1746,"column":0},"end":{"line":1763,"column":1}},{"start":{"line":1746,"column":0},"end":{"line":1763,"column":1}}],"line":1746},"142":{"loc":{"start":{"line":1746,"column":3},"end":{"line":1746,"column":69}},"type":"binary-expr","locations":[{"start":{"line":1746,"column":3},"end":{"line":1746,"column":18}},{"start":{"line":1746,"column":20},"end":{"line":1746,"column":44}},{"start":{"line":1746,"column":46},"end":{"line":1746,"column":69}}],"line":1746},"143":{"loc":{"start":{"line":1753,"column":0},"end":{"line":1763,"column":1}},"type":"if","locations":[{"start":{"line":1753,"column":0},"end":{"line":1763,"column":1}},{"start":{"line":1753,"column":0},"end":{"line":1763,"column":1}}],"line":1753},"144":{"loc":{"start":{"line":1753,"column":3},"end":{"line":1753,"column":49}},"type":"binary-expr","locations":[{"start":{"line":1753,"column":3},"end":{"line":1753,"column":22}},{"start":{"line":1753,"column":24},"end":{"line":1753,"column":49}}],"line":1753},"145":{"loc":{"start":{"line":1765,"column":0},"end":{"line":1780,"column":1}},"type":"if","locations":[{"start":{"line":1765,"column":0},"end":{"line":1780,"column":1}},{"start":{"line":1765,"column":0},"end":{"line":1780,"column":1}}],"line":1765},"146":{"loc":{"start":{"line":1765,"column":3},"end":{"line":1765,"column":72}},"type":"binary-expr","locations":[{"start":{"line":1765,"column":3},"end":{"line":1765,"column":15}},{"start":{"line":1765,"column":18},"end":{"line":1765,"column":39}},{"start":{"line":1765,"column":41},"end":{"line":1765,"column":71}}],"line":1765},"147":{"loc":{"start":{"line":1768,"column":0},"end":{"line":1775,"column":1}},"type":"if","locations":[{"start":{"line":1768,"column":0},"end":{"line":1775,"column":1}},{"start":{"line":1768,"column":0},"end":{"line":1775,"column":1}}],"line":1768},"148":{"loc":{"start":{"line":1785,"column":21},"end":{"line":1785,"column":46}},"type":"cond-expr","locations":[{"start":{"line":1785,"column":36},"end":{"line":1785,"column":40}},{"start":{"line":1785,"column":41},"end":{"line":1785,"column":46}}],"line":1785},"149":{"loc":{"start":{"line":1786,"column":18},"end":{"line":1786,"column":45}},"type":"cond-expr","locations":[{"start":{"line":1786,"column":35},"end":{"line":1786,"column":39}},{"start":{"line":1786,"column":40},"end":{"line":1786,"column":45}}],"line":1786}},"s":{"0":1,"1":1,"2":1,"3":1,"4":1,"5":1,"6":1,"7":0,"8":0,"9":0,"10":0,"11":0,"12":0,"13":0,"14":0,"15":0,"16":0,"17":0,"18":0,"19":0,"20":0,"21":0,"22":0,"23":0,"24":0,"25":0,"26":0,"27":0,"28":0,"29":0,"30":0,"31":0,"32":0,"33":0,"34":0,"35":0,"36":0,"37":0,"38":0,"39":0,"40":0,"41":0,"42":0,"43":0,"44":0,"45":0,"46":0,"47":0,"48":0,"49":0,"50":0,"51":0,"52":0,"53":0,"54":0,"55":0,"56":0,"57":0,"58":0,"59":0,"60":0,"61":0,"62":0,"63":0,"64":0,"65":0,"66":0,"67":0,"68":0,"69":0,"70":0,"71":0,"72":0,"73":0,"74":0,"75":0,"76":0,"77":0,"78":0,"79":0,"80":0,"81":0,"82":0,"83":0,"84":0,"85":0,"86":0,"87":0,"88":0,"89":0,"90":0,"91":0,"92":0,"93":0,"94":0,"95":0,"96":0,"97":0,"98":0,"99":0,"100":0,"101":0,"102":0,"103":0,"104":0,"105":0,"106":0,"107":0,"108":0,"109":0,"110":0,"111":0,"112":0,"113":0,"114":0,"115":0,"116":0,"117":0,"118":0,"119":0,"120":0,"121":0,"122":0,"123":0,"124":0,"125":0,"126":0,"127":0,"128":0,"129":0,"130":0,"131":0,"132":0,"133":0,"134":0,"135":0,"136":0,"137":0,"138":0,"139":0,"140":0,"141":0,"142":0,"143":0,"144":0,"145":0,"146":0,"147":0,"148":0,"149":0,"150":0,"151":0,"152":0,"153":0,"154":0,"155":0,"156":0,"157":0,"158":0,"159":0,"160":0,"161":0,"162":0,"163":0,"164":0,"165":0,"166":0,"167":0,"168":0,"169":0,"170":0,"171":0,"172":0,"173":0,"174":0,"175":0,"176":0,"177":0,"178":0,"179":0,"180":0,"181":0,"182":0,"183":0,"184":0,"185":0,"186":0,"187":0,"188":0,"189":0,"190":0,"191":0,"192":0,"193":0,"194":0,"195":0,"196":0,"197":0,"198":0,"199":0,"200":0,"201":0,"202":0,"203":0,"204":0,"205":0,"206":0,"207":0,"208":0,"209":0,"210":0,"211":0,"212":0,"213":0,"214":0,"215":0,"216":0,"217":0,"218":0,"219":0,"220":0,"221":0,"222":0,"223":0,"224":0,"225":0,"226":0,"227":0,"228":0,"229":0,"230":0,"231":0,"232":0,"233":0,"234":0,"235":0,"236":0,"237":0,"238":0,"239":0,"240":0,"241":0,"242":0,"243":0,"244":0,"245":0,"246":0,"247":0,"248":0,"249":0,"250":0,"251":0,"252":0,"253":0,"254":0,"255":0,"256":0,"257":0,"258":0,"259":0,"260":0,"261":0,"262":0,"263":0,"264":0,"265":0,"266":0,"267":0,"268":0,"269":0,"270":0,"271":0,"272":0,"273":0,"274":0,"275":0,"276":0,"277":0,"278":0,"279":0,"280":0,"281":0,"282":0,"283":0,"284":0,"285":0,"286":0,"287":0,"288":0,"289":0,"290":0,"291":0,"292":0,"293":0,"294":0,"295":0,"296":0,"297":0,"298":0,"299":0,"300":0,"301":0,"302":0,"303":0,"304":0,"305":0,"306":0,"307":0,"308":0,"309":0,"310":0,"311":0,"312":0,"313":0,"314":0,"315":0,"316":0,"317":0,"318":0,"319":0,"320":0,"321":0,"322":0,"323":0,"324":0,"325":0,"326":0,"327":0,"328":0,"329":0,"330":0,"331":0,"332":0,"333":0,"334":0,"335":0,"336":0,"337":0,"338":0,"339":0,"340":0,"341":0,"342":0,"343":0,"344":0,"345":0,"346":0,"347":0,"348":0,"349":0,"350":0,"351":0,"352":0,"353":0,"354":0,"355":0,"356":0,"357":0,"358":0,"359":0,"360":0,"361":0,"362":0,"363":0,"364":0,"365":0,"366":0,"367":0,"368":0,"369":0,"370":0,"371":0,"372":0,"373":0,"374":0,"375":0,"376":0,"377":0,"378":0,"379":0,"380":0,"381":0,"382":0,"383":0,"384":0,"385":0,"386":0,"387":0,"388":0,"389":0,"390":0,"391":0,"392":0,"393":0,"394":0,"395":0,"396":0,"397":0,"398":0,"399":0,"400":0,"401":0,"402":0,"403":0,"404":0,"405":0,"406":0,"407":0,"408":0,"409":0,"410":0,"411":0,"412":0,"413":0,"414":0,"415":0,"416":0,"417":0,"418":0,"419":0,"420":0,"421":0,"422":0,"423":0,"424":0,"425":0,"426":0,"427":0,"428":0,"429":0,"430":0,"431":0,"432":0,"433":0,"434":0,"435":0,"436":0,"437":0,"438":0,"439":0,"440":0,"441":0,"442":0,"443":0,"444":0,"445":0,"446":0,"447":0,"448":0,"449":0,"450":0,"451":0,"452":0,"453":0,"454":0,"455":0,"456":0,"457":0,"458":0,"459":0,"460":0,"461":0,"462":0,"463":0,"464":0,"465":0,"466":0,"467":0,"468":0,"469":0,"470":0,"471":0,"472":0,"473":0,"474":0,"475":0,"476":0,"477":0,"478":0,"479":0,"480":0,"481":0,"482":0,"483":0,"484":0,"485":0,"486":0,"487":0,"488":0,"489":0,"490":0,"491":0,"492":0,"493":0,"494":0,"495":0,"496":0,"497":0,"498":0,"499":0,"500":0,"501":0,"502":1},"f":{"0":0,"1":0,"2":0,"3":0,"4":0,"5":0,"6":0,"7":0,"8":0,"9":0,"10":0,"11":0,"12":0,"13":0,"14":0,"15":0,"16":0,"17":0,"18":0,"19":0,"20":0,"21":0,"22":0,"23":0,"24":0,"25":0,"26":0,"27":0,"28":0,"29":0,"30":0,"31":0,"32":0,"33":0,"34":0,"35":0,"36":0,"37":0,"38":0,"39":0,"40":0,"41":0,"42":0,"43":0,"44":0,"45":0,"46":0,"47":0,"48":0,"49":0,"50":0,"51":0,"52":0,"53":0,"54":0,"55":0,"56":0,"57":0,"58":0,"59":0,"60":0,"61":0,"62":0,"63":0,"64":0,"65":0,"66":0,"67":0,"68":0,"69":0,"70":0,"71":0,"72":0,"73":0,"74":0,"75":0,"76":0,"77":0,"78":0,"79":0,"80":0,"81":0,"82":0,"83":0,"84":0,"85":0,"86":0,"87":0,"88":0,"89":0,"90":0,"91":0,"92":0,"93":0,"94":0,"95":0,"96":0,"97":0,"98":0,"99":0,"100":0,"101":0,"102":0,"103":0,"104":0,"105":0,"106":0,"107":0,"108":0,"109":0,"110":0,"111":0,"112":0},"b":{"0":[0,0],"1":[0,0],"2":[0],"3":[0],"4":[0],"5":[0,0],"6":[0,0],"7":[0,0],"8":[0,0],"9":[0,0],"10":[0,0],"11":[0,0],"12":[0,0],"13":[0,0],"14":[0,0],"15":[0,0],"16":[0,0],"17":[0,0],"18":[0,0],"19":[0,0],"20":[0],"21":[0],"22":[0],"23":[0,0],"24":[0,0],"25":[0,0],"26":[0,0],"27":[0,0],"28":[0,0],"29":[0,0],"30":[0,0],"31":[0,0],"32":[0,0],"33":[0,0],"34":[0,0],"35":[0,0],"36":[0,0],"37":[0,0],"38":[0,0],"39":[0,0],"40":[0,0],"41":[0,0,0,0],"42":[0,0],"43":[0,0],"44":[0,0],"45":[0,0],"46":[0],"47":[0,0],"48":[0,0],"49":[0,0],"50":[0,0,0],"51":[0,0],"52":[0],"53":[0],"54":[0,0],"55":[0,0,0],"56":[0],"57":[0,0],"58":[0,0],"59":[0,0],"60":[0,0],"61":[0,0],"62":[0,0],"63":[0],"64":[0],"65":[0],"66":[0,0],"67":[0,0],"68":[0,0,0,0,0,0,0,0,0,0,0,0,0],"69":[0,0],"70":[0,0],"71":[0,0],"72":[0,0],"73":[0,0],"74":[0,0,0,0],"75":[0,0],"76":[0,0],"77":[0,0],"78":[0,0],"79":[0,0],"80":[0,0],"81":[0,0],"82":[0,0],"83":[0,0],"84":[0],"85":[0],"86":[0],"87":[0],"88":[0],"89":[0],"90":[0],"91":[0],"92":[0],"93":[0,0],"94":[0],"95":[0],"96":[0],"97":[0,0],"98":[0],"99":[0],"100":[0],"101":[0],"102":[0],"103":[0],"104":[0],"105":[0],"106":[0,0],"107":[0,0],"108":[0,0],"109":[0,0],"110":[0,0],"111":[0,0],"112":[0,0],"113":[0,0],"114":[0,0],"115":[0,0],"116":[0,0],"117":[0,0],"118":[0],"119":[0],"120":[0],"121":[0,0],"122":[0,0],"123":[0,0],"124":[0,0],"125":[0,0],"126":[0,0],"127":[0,0,0],"128":[0,0],"129":[0,0],"130":[0,0],"131":[0,0,0],"132":[0,0],"133":[0,0],"134":[0,0],"135":[0,0],"136":[0,0],"137":[0,0],"138":[0,0,0],"139":[0,0],"140":[0,0],"141":[0,0],"142":[0,0,0],"143":[0,0],"144":[0,0],"145":[0,0],"146":[0,0,0],"147":[0,0],"148":[0,0],"149":[0,0]},"_coverageSchema":"43e27e138ebf9cfc5966b082cf9a028302ed4184","hash":"93cbb289822d0c4f10bdaab5d3f3bc97bd2f73ed"}
,"/Users/costmo/Documents/dev/consultwebs/LawEval/validpoint/dist/CW_StringUtil.js": {"path":"/Users/costmo/Documents/dev/consultwebs/LawEval/validpoint/dist/CW_StringUtil.js","statementMap":{"0":{"start":{"line":24,"column":0},"end":{"line":27,"column":1}},"1":{"start":{"line":26,"column":0},"end":{"line":26,"column":24}},"2":{"start":{"line":28,"column":0},"end":{"line":28,"column":13}},"3":{"start":{"line":32,"column":0},"end":{"line":32,"column":29}}},"fnMap":{"0":{"name":"(anonymous_0)","decl":{"start":{"line":11,"column":0},"end":{"line":11,"column":1}},"loc":{"start":{"line":12,"column":0},"end":{"line":13,"column":1}},"line":12},"1":{"name":"(anonymous_1)","decl":{"start":{"line":22,"column":0},"end":{"line":22,"column":1}},"loc":{"start":{"line":23,"column":0},"end":{"line":29,"column":1}},"line":23}},"branchMap":{"0":{"loc":{"start":{"line":24,"column":0},"end":{"line":27,"column":1}},"type":"if","locations":[{"start":{"line":24,"column":0},"end":{"line":27,"column":1}},{"start":{"line":24,"column":0},"end":{"line":27,"column":1}}],"line":24}},"s":{"0":2,"1":1,"2":2,"3":1},"f":{"0":1,"1":2},"b":{"0":[1,1]},"_coverageSchema":"43e27e138ebf9cfc5966b082cf9a028302ed4184","hash":"237b42a2858b1192727548677591d3147c783c41"}
}
