{"/Users/costmo/Documents/dev/consultwebs/LawEval/validpoint/src/CW_InputParser.js": {"path":"/Users/costmo/Documents/dev/consultwebs/LawEval/validpoint/src/CW_InputParser.js","statementMap":{"0":{"start":{"line":18,"column":2},"end":{"line":18,"column":28}},"1":{"start":{"line":19,"column":2},"end":{"line":26,"column":3}},"2":{"start":{"line":21,"column":3},"end":{"line":21,"column":21}},"3":{"start":{"line":25,"column":3},"end":{"line":25,"column":21}},"4":{"start":{"line":27,"column":2},"end":{"line":27,"column":25}},"5":{"start":{"line":37,"column":25},"end":{"line":37,"column":40}},"6":{"start":{"line":39,"column":8},"end":{"line":65,"column":9}},"7":{"start":{"line":42,"column":31},"end":{"line":42,"column":35}},"8":{"start":{"line":43,"column":12},"end":{"line":59,"column":19}},"9":{"start":{"line":46,"column":5},"end":{"line":56,"column":6}},"10":{"start":{"line":49,"column":6},"end":{"line":49,"column":111}},"11":{"start":{"line":50,"column":6},"end":{"line":50,"column":36}},"12":{"start":{"line":54,"column":6},"end":{"line":54,"column":37}},"13":{"start":{"line":55,"column":6},"end":{"line":55,"column":36}},"14":{"start":{"line":63,"column":3},"end":{"line":63,"column":73}},"15":{"start":{"line":64,"column":3},"end":{"line":64,"column":40}},"16":{"start":{"line":76,"column":26},"end":{"line":76,"column":30}},"17":{"start":{"line":78,"column":8},"end":{"line":86,"column":9}},"18":{"start":{"line":80,"column":12},"end":{"line":80,"column":58}},"19":{"start":{"line":84,"column":3},"end":{"line":84,"column":68}},"20":{"start":{"line":85,"column":3},"end":{"line":85,"column":40}},"21":{"start":{"line":88,"column":8},"end":{"line":88,"column":27}},"22":{"start":{"line":102,"column":27},"end":{"line":102,"column":60}},"23":{"start":{"line":103,"column":17},"end":{"line":103,"column":41}},"24":{"start":{"line":105,"column":2},"end":{"line":110,"column":4}},"25":{"start":{"line":108,"column":4},"end":{"line":108,"column":100}},"26":{"start":{"line":116,"column":0},"end":{"line":116,"column":32}}},"fnMap":{"0":{"name":"(anonymous_0)","decl":{"start":{"line":16,"column":4},"end":{"line":16,"column":5}},"loc":{"start":{"line":17,"column":4},"end":{"line":28,"column":5}},"line":17},"1":{"name":"(anonymous_1)","decl":{"start":{"line":35,"column":1},"end":{"line":35,"column":2}},"loc":{"start":{"line":36,"column":1},"end":{"line":66,"column":5}},"line":36},"2":{"name":"(anonymous_2)","decl":{"start":{"line":44,"column":16},"end":{"line":44,"column":17}},"loc":{"start":{"line":45,"column":16},"end":{"line":59,"column":17}},"line":45},"3":{"name":"(anonymous_3)","decl":{"start":{"line":74,"column":4},"end":{"line":74,"column":5}},"loc":{"start":{"line":75,"column":4},"end":{"line":89,"column":2}},"line":75},"4":{"name":"(anonymous_4)","decl":{"start":{"line":100,"column":1},"end":{"line":100,"column":2}},"loc":{"start":{"line":101,"column":1},"end":{"line":112,"column":2}},"line":101},"5":{"name":"(anonymous_5)","decl":{"start":{"line":106,"column":3},"end":{"line":106,"column":4}},"loc":{"start":{"line":107,"column":3},"end":{"line":109,"column":4}},"line":107}},"branchMap":{"0":{"loc":{"start":{"line":16,"column":27},"end":{"line":16,"column":38}},"type":"default-arg","locations":[{"start":{"line":16,"column":34},"end":{"line":16,"column":38}}],"line":16},"1":{"loc":{"start":{"line":19,"column":2},"end":{"line":26,"column":3}},"type":"if","locations":[{"start":{"line":19,"column":2},"end":{"line":26,"column":3}},{"start":{"line":19,"column":2},"end":{"line":26,"column":3}}],"line":19},"2":{"loc":{"start":{"line":46,"column":5},"end":{"line":56,"column":6}},"type":"if","locations":[{"start":{"line":46,"column":5},"end":{"line":56,"column":6}},{"start":{"line":46,"column":5},"end":{"line":56,"column":6}}],"line":46},"3":{"loc":{"start":{"line":100,"column":29},"end":{"line":100,"column":42}},"type":"default-arg","locations":[{"start":{"line":100,"column":38},"end":{"line":100,"column":42}}],"line":100},"4":{"loc":{"start":{"line":100,"column":44},"end":{"line":100,"column":60}},"type":"default-arg","locations":[{"start":{"line":100,"column":56},"end":{"line":100,"column":60}}],"line":100}},"s":{"0":2,"1":2,"2":1,"3":1,"4":2,"5":0,"6":0,"7":0,"8":0,"9":0,"10":0,"11":0,"12":0,"13":0,"14":0,"15":0,"16":0,"17":0,"18":0,"19":0,"20":0,"21":0,"22":0,"23":0,"24":0,"25":0,"26":1},"f":{"0":2,"1":0,"2":0,"3":0,"4":0,"5":0},"b":{"0":[0],"1":[1,1],"2":[0,0],"3":[0],"4":[0]},"_coverageSchema":"1a1c01bbd47fc00a2c39e90264f33305004495a9","hash":"3e2057d3120f0adf332d2f8da92d8949ff357fe4"}
,"/Users/costmo/Documents/dev/consultwebs/LawEval/validpoint/src/CW_StringUtil.js": {"path":"/Users/costmo/Documents/dev/consultwebs/LawEval/validpoint/src/CW_StringUtil.js","statementMap":{"0":{"start":{"line":17,"column":2},"end":{"line":20,"column":3}},"1":{"start":{"line":19,"column":3},"end":{"line":19,"column":32}},"2":{"start":{"line":21,"column":2},"end":{"line":21,"column":15}},"3":{"start":{"line":25,"column":0},"end":{"line":25,"column":31}}},"fnMap":{"0":{"name":"(anonymous_0)","decl":{"start":{"line":11,"column":1},"end":{"line":11,"column":2}},"loc":{"start":{"line":12,"column":1},"end":{"line":13,"column":2}},"line":12},"1":{"name":"(anonymous_1)","decl":{"start":{"line":15,"column":1},"end":{"line":15,"column":2}},"loc":{"start":{"line":16,"column":1},"end":{"line":22,"column":2}},"line":16}},"branchMap":{"0":{"loc":{"start":{"line":17,"column":2},"end":{"line":20,"column":3}},"type":"if","locations":[{"start":{"line":17,"column":2},"end":{"line":20,"column":3}},{"start":{"line":17,"column":2},"end":{"line":20,"column":3}}],"line":17}},"s":{"0":2,"1":1,"2":2,"3":1},"f":{"0":1,"1":2},"b":{"0":[1,1]},"_coverageSchema":"1a1c01bbd47fc00a2c39e90264f33305004495a9","hash":"b7228c92def28496fb186887a9315d1ceb6fe9bb"}
}
