TN:
SF:/Users/costmo/Documents/dev/consultwebs/LawEval/validpoint/dist/CW_Advice.js
FN:21,(anonymous_0)
FN:65,(anonymous_1)
FN:83,(anonymous_2)
FN:103,(anonymous_3)
FN:107,(anonymous_4)
FN:141,(anonymous_5)
FNF:6
FNH:0
FNDA:0,(anonymous_0)
FNDA:0,(anonymous_1)
FNDA:0,(anonymous_2)
FNDA:0,(anonymous_3)
FNDA:0,(anonymous_4)
FNDA:0,(anonymous_5)
DA:1,1
DA:28,0
DA:35,0
DA:42,0
DA:49,0
DA:55,0
DA:67,0
DA:86,0
DA:94,0
DA:106,0
DA:110,0
DA:113,0
DA:115,0
DA:124,0
DA:126,0
DA:128,0
DA:130,0
DA:144,0
DA:151,0
DA:153,0
DA:156,0
DA:159,0
DA:161,0
DA:165,0
DA:168,0
DA:170,0
DA:172,0
DA:179,0
DA:181,0
DA:183,0
DA:189,0
DA:191,0
DA:193,0
DA:202,0
DA:204,0
DA:205,0
DA:208,0
DA:212,0
DA:213,0
DA:218,0
DA:222,1
LF:41
LH:2
BRDA:103,0,0,0
BRDA:103,1,0,0
BRDA:113,2,0,0
BRDA:113,2,1,0
BRDA:124,3,0,0
BRDA:124,3,1,0
BRDA:124,4,0,0
BRDA:124,4,1,0
BRDA:128,5,0,0
BRDA:128,5,1,0
BRDA:151,6,0,0
BRDA:151,6,1,0
BRDA:156,7,0,0
BRDA:156,7,1,0
BRDA:159,8,0,0
BRDA:159,8,1,0
BRDA:168,9,0,0
BRDA:168,9,1,0
BRDA:179,10,0,0
BRDA:179,10,1,0
BRDA:189,11,0,0
BRDA:189,11,1,0
BRDA:202,12,0,0
BRDA:202,12,1,0
BRDA:208,13,0,0
BRDA:208,13,1,0
BRF:26
BRH:0
end_of_record
TN:
SF:/Users/costmo/Documents/dev/consultwebs/LawEval/validpoint/dist/CW_AdviceContent.js
FN:20,(anonymous_0)
FN:40,(anonymous_1)
FN:55,(anonymous_2)
FN:80,(anonymous_3)
FN:96,(anonymous_4)
FN:112,(anonymous_5)
FN:129,(anonymous_6)
FNF:7
FNH:0
FNDA:0,(anonymous_0)
FNDA:0,(anonymous_1)
FNDA:0,(anonymous_2)
FNDA:0,(anonymous_3)
FNDA:0,(anonymous_4)
FNDA:0,(anonymous_5)
FNDA:0,(anonymous_6)
DA:1,1
DA:2,1
DA:3,1
DA:27,0
DA:28,0
DA:29,0
DA:30,0
DA:42,0
DA:57,0
DA:60,0
DA:62,0
DA:64,0
DA:66,0
DA:68,0
DA:82,0
DA:84,0
DA:98,0
DA:100,0
DA:114,0
DA:116,0
DA:135,0
DA:136,0
DA:138,0
DA:140,0
DA:141,0
DA:143,0
DA:145,0
DA:147,0
DA:151,0
DA:153,0
DA:154,0
DA:156,0
DA:158,0
DA:159,0
DA:162,0
DA:164,0
DA:171,1
LF:37
LH:4
BRDA:20,0,0,0
BRDA:20,1,0,0
BRDA:20,2,0,0
BRDA:55,3,0,0
BRDA:57,4,0,0
BRDA:57,4,1,0
BRDA:57,4,2,0
BRDA:57,4,3,0
BRDA:57,4,4,0
BRDA:80,5,0,0
BRDA:80,6,0,0
BRDA:82,7,0,0
BRDA:82,7,1,0
BRDA:82,8,0,0
BRDA:82,8,1,0
BRDA:82,8,2,0
BRDA:96,9,0,0
BRDA:96,10,0,0
BRDA:98,11,0,0
BRDA:98,11,1,0
BRDA:98,12,0,0
BRDA:98,12,1,0
BRDA:112,13,0,0
BRDA:112,14,0,0
BRDA:114,15,0,0
BRDA:114,15,1,0
BRDA:114,16,0,0
BRDA:114,16,1,0
BRDA:129,17,0,0
BRDA:129,18,0,0
BRDA:129,19,0,0
BRDA:138,20,0,0
BRDA:138,20,1,0
BRDA:141,21,0,0
BRDA:141,21,1,0
BRDA:145,22,0,0
BRDA:145,22,1,0
BRDA:151,23,0,0
BRDA:151,23,1,0
BRDA:156,24,0,0
BRDA:156,24,1,0
BRDA:162,25,0,0
BRDA:162,25,1,0
BRF:43
BRH:0
end_of_record
TN:
SF:/Users/costmo/Documents/dev/consultwebs/LawEval/validpoint/dist/CW_Constants.js
FNF:0
FNH:0
DA:1,1
LF:1
LH:1
BRF:0
BRH:0
end_of_record
TN:
SF:/Users/costmo/Documents/dev/consultwebs/LawEval/validpoint/dist/CW_InputParser.js
FN:16,(anonymous_0)
FN:35,(anonymous_1)
FN:44,(anonymous_2)
FN:74,(anonymous_3)
FN:100,(anonymous_4)
FN:106,(anonymous_5)
FNF:6
FNH:1
FNDA:2,(anonymous_0)
FNDA:0,(anonymous_1)
FNDA:0,(anonymous_2)
FNDA:0,(anonymous_3)
FNDA:0,(anonymous_4)
FNDA:0,(anonymous_5)
DA:18,2
DA:19,2
DA:21,1
DA:25,1
DA:27,2
DA:37,0
DA:39,0
DA:42,0
DA:43,0
DA:46,0
DA:49,0
DA:50,0
DA:54,0
DA:55,0
DA:63,0
DA:64,0
DA:76,0
DA:78,0
DA:80,0
DA:84,0
DA:85,0
DA:88,0
DA:102,0
DA:103,0
DA:105,0
DA:108,0
DA:116,1
LF:27
LH:6
BRDA:16,0,0,0
BRDA:19,1,0,1
BRDA:19,1,1,1
BRDA:46,2,0,0
BRDA:46,2,1,0
BRDA:100,3,0,0
BRDA:100,4,0,0
BRF:7
BRH:2
end_of_record
TN:
SF:/Users/costmo/Documents/dev/consultwebs/LawEval/validpoint/dist/CW_Network.js
FN:14,(anonymous_0)
FN:24,(anonymous_1)
FN:30,(anonymous_2)
FN:43,(anonymous_3)
FN:49,(anonymous_4)
FN:62,(anonymous_5)
FN:68,(anonymous_6)
FN:72,(anonymous_7)
FN:88,(anonymous_8)
FN:94,(anonymous_9)
FN:108,(anonymous_10)
FN:114,(anonymous_11)
FN:129,(anonymous_12)
FN:135,(anonymous_13)
FN:150,(anonymous_14)
FN:156,(anonymous_15)
FN:169,(anonymous_16)
FN:175,(anonymous_17)
FN:188,(anonymous_18)
FN:194,(anonymous_19)
FNF:20
FNH:1
FNDA:1,(anonymous_0)
FNDA:0,(anonymous_1)
FNDA:0,(anonymous_2)
FNDA:0,(anonymous_3)
FNDA:0,(anonymous_4)
FNDA:0,(anonymous_5)
FNDA:0,(anonymous_6)
FNDA:0,(anonymous_7)
FNDA:0,(anonymous_8)
FNDA:0,(anonymous_9)
FNDA:0,(anonymous_10)
FNDA:0,(anonymous_11)
FNDA:0,(anonymous_12)
FNDA:0,(anonymous_13)
FNDA:0,(anonymous_14)
FNDA:0,(anonymous_15)
FNDA:0,(anonymous_16)
FNDA:0,(anonymous_17)
FNDA:0,(anonymous_18)
FNDA:0,(anonymous_19)
DA:26,0
DA:27,0
DA:29,0
DA:32,0
DA:45,0
DA:46,0
DA:48,0
DA:51,0
DA:64,0
DA:65,0
DA:67,0
DA:70,0
DA:74,0
DA:90,0
DA:91,0
DA:93,0
DA:96,0
DA:110,0
DA:111,0
DA:113,0
DA:116,0
DA:131,0
DA:132,0
DA:134,0
DA:137,0
DA:152,0
DA:153,0
DA:155,0
DA:158,0
DA:171,0
DA:172,0
DA:174,0
DA:177,0
DA:190,0
DA:191,0
DA:193,0
DA:196,0
DA:204,1
LF:38
LH:1
BRDA:62,0,0,0
BRDA:88,1,0,0
BRDA:88,2,0,0
BRDA:108,3,0,0
BRDA:108,4,0,0
BRDA:129,5,0,0
BRDA:150,6,0,0
BRDA:150,7,0,0
BRDA:150,8,0,0
BRDA:169,9,0,0
BRDA:188,10,0,0
BRF:11
BRH:0
end_of_record
TN:
SF:/Users/costmo/Documents/dev/consultwebs/LawEval/validpoint/dist/CW_PromiseResolver.js
FN:24,(anonymous_0)
FN:36,(anonymous_1)
FN:51,(anonymous_2)
FN:55,(anonymous_3)
FN:98,(anonymous_4)
FN:111,(anonymous_5)
FN:142,(anonymous_6)
FN:162,(anonymous_7)
FN:172,(anonymous_8)
FN:210,(anonymous_9)
FN:223,(anonymous_10)
FN:252,(anonymous_11)
FN:270,(anonymous_12)
FN:316,(anonymous_13)
FN:336,(anonymous_14)
FN:340,(anonymous_15)
FN:343,(anonymous_16)
FN:385,(anonymous_17)
FN:434,(anonymous_18)
FN:450,(anonymous_19)
FN:525,(anonymous_20)
FN:563,(anonymous_21)
FN:570,(anonymous_22)
FN:600,(anonymous_23)
FN:613,(anonymous_24)
FN:642,(anonymous_25)
FN:645,(anonymous_26)
FNF:27
FNH:21
FNDA:12,(anonymous_0)
FNDA:1,(anonymous_1)
FNDA:4,(anonymous_2)
FNDA:4,(anonymous_3)
FNDA:1,(anonymous_4)
FNDA:1,(anonymous_5)
FNDA:1,(anonymous_6)
FNDA:1,(anonymous_7)
FNDA:1,(anonymous_8)
FNDA:1,(anonymous_9)
FNDA:1,(anonymous_10)
FNDA:0,(anonymous_11)
FNDA:0,(anonymous_12)
FNDA:2,(anonymous_13)
FNDA:2,(anonymous_14)
FNDA:10,(anonymous_15)
FNDA:2,(anonymous_16)
FNDA:0,(anonymous_17)
FNDA:2,(anonymous_18)
FNDA:2,(anonymous_19)
FNDA:1,(anonymous_20)
FNDA:2,(anonymous_21)
FNDA:2,(anonymous_22)
FNDA:1,(anonymous_23)
FNDA:0,(anonymous_24)
FNDA:0,(anonymous_25)
FNDA:0,(anonymous_26)
DA:11,1
DA:13,1
DA:14,1
DA:15,1
DA:38,1
DA:42,1
DA:43,1
DA:45,1
DA:47,1
DA:50,1
DA:54,4
DA:57,4
DA:60,1
DA:62,1
DA:63,1
DA:67,4
DA:69,0
DA:80,0
DA:81,0
DA:83,0
DA:87,0
DA:100,1
DA:102,1
DA:103,1
DA:105,1
DA:107,1
DA:110,1
DA:114,1
DA:116,1
DA:118,1
DA:126,0
DA:130,0
DA:146,1
DA:148,1
DA:154,1
DA:161,1
DA:164,1
DA:171,1
DA:174,1
DA:176,0
DA:178,1
DA:180,0
DA:181,0
DA:183,1
DA:185,1
DA:186,1
DA:190,0
DA:191,0
DA:195,1
DA:214,1
DA:220,1
DA:222,1
DA:225,1
DA:227,0
DA:228,0
DA:229,0
DA:231,0
DA:235,1
DA:236,1
DA:237,1
DA:254,0
DA:256,0
DA:258,0
DA:266,0
DA:267,0
DA:269,0
DA:272,0
DA:275,0
DA:277,0
DA:280,0
DA:284,0
DA:286,0
DA:288,0
DA:292,0
DA:298,0
DA:303,0
DA:318,2
DA:321,2
DA:322,2
DA:324,1
DA:328,2
DA:335,2
DA:340,2
DA:342,2
DA:346,2
DA:348,2
DA:357,2
DA:359,0
DA:361,2
DA:363,0
DA:365,2
DA:368,1
DA:369,1
DA:371,1
DA:373,0
DA:376,2
DA:382,2
DA:384,2
DA:387,0
DA:394,0
DA:396,0
DA:398,0
DA:400,0
DA:402,0
DA:404,0
DA:408,0
DA:415,0
DA:420,0
DA:436,2
DA:438,2
DA:443,2
DA:449,2
DA:452,2
DA:455,2
DA:463,2
DA:466,2
DA:467,2
DA:468,2
DA:470,2
DA:472,0
DA:477,0
DA:485,2
DA:489,0
DA:496,0
DA:505,0
DA:510,0
DA:527,1
DA:529,1
DA:531,1
DA:533,1
DA:535,1
DA:539,0
DA:545,0
DA:549,0
DA:565,2
DA:567,2
DA:568,2
DA:573,2
DA:576,0
DA:578,2
DA:580,0
DA:584,2
DA:592,0
DA:596,0
DA:602,1
DA:606,1
DA:609,1
DA:611,0
DA:612,0
DA:615,0
DA:620,0
DA:626,1
DA:631,1
DA:633,1
DA:637,0
DA:638,0
DA:641,0
DA:644,0
DA:647,0
DA:649,0
DA:653,0
DA:658,0
DA:665,1
LF:163
LH:93
BRDA:36,0,0,0
BRDA:45,1,0,1
BRDA:45,1,1,0
BRDA:45,2,0,1
BRDA:45,2,1,0
BRDA:45,2,2,0
BRDA:57,3,0,1
BRDA:57,3,1,3
BRDA:57,4,0,4
BRDA:57,4,1,4
BRDA:60,5,0,1
BRDA:60,5,1,0
BRDA:67,6,0,0
BRDA:67,6,1,4
BRDA:67,7,0,4
BRDA:67,7,1,1
BRDA:98,8,0,0
BRDA:105,9,0,1
BRDA:105,9,1,0
BRDA:105,10,0,1
BRDA:105,10,1,0
BRDA:114,11,0,1
BRDA:114,11,1,0
BRDA:142,12,0,0
BRDA:164,13,0,0
BRDA:164,13,1,1
BRDA:174,14,0,0
BRDA:174,14,1,1
BRDA:178,15,0,0
BRDA:178,15,1,1
BRDA:178,16,0,1
BRDA:178,16,1,1
BRDA:183,17,0,1
BRDA:183,17,1,0
BRDA:210,18,0,0
BRDA:225,19,0,0
BRDA:225,19,1,1
BRDA:252,20,0,0
BRDA:275,21,0,0
BRDA:275,21,1,0
BRDA:275,22,0,0
BRDA:275,22,1,0
BRDA:286,23,0,0
BRDA:286,23,1,0
BRDA:286,24,0,0
BRDA:286,24,1,0
BRDA:316,25,0,0
BRDA:316,26,0,0
BRDA:322,27,0,1
BRDA:322,27,1,1
BRDA:353,28,0,1
BRDA:353,28,1,1
BRDA:357,29,0,0
BRDA:357,29,1,2
BRDA:361,30,0,0
BRDA:361,30,1,2
BRDA:365,31,0,1
BRDA:365,31,1,1
BRDA:371,32,0,0
BRDA:371,32,1,1
BRDA:394,33,0,0
BRDA:394,33,1,0
BRDA:398,34,0,0
BRDA:398,34,1,0
BRDA:402,35,0,0
BRDA:402,35,1,0
BRDA:434,36,0,0
BRDA:434,37,0,0
BRDA:452,38,0,2
BRDA:452,38,1,0
BRDA:463,39,0,2
BRDA:463,39,1,0
BRDA:470,40,0,0
BRDA:470,40,1,2
BRDA:525,41,0,0
BRDA:533,42,0,1
BRDA:533,42,1,0
BRDA:563,43,0,0
BRDA:563,44,0,0
BRDA:563,45,0,0
BRDA:573,46,0,0
BRDA:573,46,1,2
BRDA:573,47,0,2
BRDA:573,47,1,1
BRDA:573,47,2,2
BRDA:573,47,3,2
BRDA:578,48,0,0
BRDA:578,48,1,2
BRDA:578,49,0,2
BRDA:578,49,1,2
BRDA:600,50,0,0
BRDA:600,51,0,0
BRDA:606,52,0,1
BRDA:606,52,1,0
BRDA:606,53,0,1
BRDA:606,53,1,1
BRDA:609,54,0,0
BRDA:609,54,1,1
BRDA:647,55,0,0
BRDA:647,55,1,0
BRDA:647,56,0,0
BRDA:647,56,1,0
BRDA:647,56,2,0
BRF:103
BRH:45
end_of_record
TN:
SF:/Users/costmo/Documents/dev/consultwebs/LawEval/validpoint/dist/CW_Runner.js
FN:26,(anonymous_0)
FN:37,(anonymous_1)
FN:52,(anonymous_2)
FN:114,(anonymous_3)
FN:117,(anonymous_4)
FN:177,(anonymous_5)
FN:239,(anonymous_6)
FN:270,(anonymous_7)
FN:281,(anonymous_8)
FN:284,(anonymous_9)
FN:297,(anonymous_10)
FN:300,(anonymous_11)
FN:338,(anonymous_12)
FN:343,(anonymous_13)
FN:350,(anonymous_14)
FN:360,(anonymous_15)
FN:363,(anonymous_16)
FN:367,(anonymous_17)
FN:381,(anonymous_18)
FN:400,(anonymous_19)
FN:419,(anonymous_20)
FN:423,(anonymous_21)
FN:432,(anonymous_22)
FN:436,(anonymous_23)
FN:445,(anonymous_24)
FN:449,(anonymous_25)
FN:460,(anonymous_26)
FN:464,(anonymous_27)
FN:473,(anonymous_28)
FN:477,(anonymous_29)
FN:486,(anonymous_30)
FN:490,(anonymous_31)
FN:501,(anonymous_32)
FN:505,(anonymous_33)
FN:516,(anonymous_34)
FN:520,(anonymous_35)
FN:529,(anonymous_36)
FN:533,(anonymous_37)
FN:542,(anonymous_38)
FN:549,(anonymous_39)
FN:563,(anonymous_40)
FN:627,(anonymous_41)
FN:633,(anonymous_42)
FN:643,(anonymous_43)
FN:660,(anonymous_44)
FN:705,(anonymous_45)
FN:708,(anonymous_46)
FN:712,(anonymous_47)
FN:727,(anonymous_48)
FN:733,(anonymous_49)
FN:745,(anonymous_50)
FN:775,(anonymous_51)
FN:785,(anonymous_52)
FN:821,(anonymous_53)
FN:832,(anonymous_54)
FN:842,(anonymous_55)
FN:862,(anonymous_56)
FN:880,(anonymous_57)
FN:891,(anonymous_58)
FN:903,(anonymous_59)
FN:921,(anonymous_60)
FN:950,(anonymous_61)
FN:956,(anonymous_62)
FN:962,(anonymous_63)
FN:982,(anonymous_64)
FN:1004,(anonymous_65)
FN:1010,(anonymous_66)
FN:1017,(anonymous_67)
FN:1037,(anonymous_68)
FN:1062,(anonymous_69)
FN:1081,(anonymous_70)
FN:1110,(anonymous_71)
FN:1118,(anonymous_72)
FN:1128,(anonymous_73)
FN:1131,(anonymous_74)
FN:1144,(anonymous_75)
FN:1150,(anonymous_76)
FN:1158,(anonymous_77)
FN:1161,(anonymous_78)
FN:1174,(anonymous_79)
FN:1180,(anonymous_80)
FN:1188,(anonymous_81)
FN:1194,(anonymous_82)
FN:1205,(anonymous_83)
FN:1211,(anonymous_84)
FN:1219,(anonymous_85)
FN:1254,(anonymous_86)
FN:1260,(anonymous_87)
FN:1268,(anonymous_88)
FN:1273,(anonymous_89)
FN:1295,(anonymous_90)
FN:1301,(anonymous_91)
FN:1309,(anonymous_92)
FN:1315,(anonymous_93)
FN:1334,(anonymous_94)
FN:1340,(anonymous_95)
FN:1348,(anonymous_96)
FN:1363,(anonymous_97)
FN:1370,(anonymous_98)
FN:1405,(anonymous_99)
FN:1424,(anonymous_100)
FN:1429,(anonymous_101)
FN:1433,(anonymous_102)
FN:1487,(anonymous_103)
FN:1493,(anonymous_104)
FN:1501,(anonymous_105)
FN:1520,(anonymous_106)
FN:1549,(anonymous_107)
FN:1566,(anonymous_108)
FN:1571,(anonymous_109)
FN:1633,(anonymous_110)
FN:1636,(anonymous_111)
FN:1681,(anonymous_112)
FNF:113
FNH:0
FNDA:0,(anonymous_0)
FNDA:0,(anonymous_1)
FNDA:0,(anonymous_2)
FNDA:0,(anonymous_3)
FNDA:0,(anonymous_4)
FNDA:0,(anonymous_5)
FNDA:0,(anonymous_6)
FNDA:0,(anonymous_7)
FNDA:0,(anonymous_8)
FNDA:0,(anonymous_9)
FNDA:0,(anonymous_10)
FNDA:0,(anonymous_11)
FNDA:0,(anonymous_12)
FNDA:0,(anonymous_13)
FNDA:0,(anonymous_14)
FNDA:0,(anonymous_15)
FNDA:0,(anonymous_16)
FNDA:0,(anonymous_17)
FNDA:0,(anonymous_18)
FNDA:0,(anonymous_19)
FNDA:0,(anonymous_20)
FNDA:0,(anonymous_21)
FNDA:0,(anonymous_22)
FNDA:0,(anonymous_23)
FNDA:0,(anonymous_24)
FNDA:0,(anonymous_25)
FNDA:0,(anonymous_26)
FNDA:0,(anonymous_27)
FNDA:0,(anonymous_28)
FNDA:0,(anonymous_29)
FNDA:0,(anonymous_30)
FNDA:0,(anonymous_31)
FNDA:0,(anonymous_32)
FNDA:0,(anonymous_33)
FNDA:0,(anonymous_34)
FNDA:0,(anonymous_35)
FNDA:0,(anonymous_36)
FNDA:0,(anonymous_37)
FNDA:0,(anonymous_38)
FNDA:0,(anonymous_39)
FNDA:0,(anonymous_40)
FNDA:0,(anonymous_41)
FNDA:0,(anonymous_42)
FNDA:0,(anonymous_43)
FNDA:0,(anonymous_44)
FNDA:0,(anonymous_45)
FNDA:0,(anonymous_46)
FNDA:0,(anonymous_47)
FNDA:0,(anonymous_48)
FNDA:0,(anonymous_49)
FNDA:0,(anonymous_50)
FNDA:0,(anonymous_51)
FNDA:0,(anonymous_52)
FNDA:0,(anonymous_53)
FNDA:0,(anonymous_54)
FNDA:0,(anonymous_55)
FNDA:0,(anonymous_56)
FNDA:0,(anonymous_57)
FNDA:0,(anonymous_58)
FNDA:0,(anonymous_59)
FNDA:0,(anonymous_60)
FNDA:0,(anonymous_61)
FNDA:0,(anonymous_62)
FNDA:0,(anonymous_63)
FNDA:0,(anonymous_64)
FNDA:0,(anonymous_65)
FNDA:0,(anonymous_66)
FNDA:0,(anonymous_67)
FNDA:0,(anonymous_68)
FNDA:0,(anonymous_69)
FNDA:0,(anonymous_70)
FNDA:0,(anonymous_71)
FNDA:0,(anonymous_72)
FNDA:0,(anonymous_73)
FNDA:0,(anonymous_74)
FNDA:0,(anonymous_75)
FNDA:0,(anonymous_76)
FNDA:0,(anonymous_77)
FNDA:0,(anonymous_78)
FNDA:0,(anonymous_79)
FNDA:0,(anonymous_80)
FNDA:0,(anonymous_81)
FNDA:0,(anonymous_82)
FNDA:0,(anonymous_83)
FNDA:0,(anonymous_84)
FNDA:0,(anonymous_85)
FNDA:0,(anonymous_86)
FNDA:0,(anonymous_87)
FNDA:0,(anonymous_88)
FNDA:0,(anonymous_89)
FNDA:0,(anonymous_90)
FNDA:0,(anonymous_91)
FNDA:0,(anonymous_92)
FNDA:0,(anonymous_93)
FNDA:0,(anonymous_94)
FNDA:0,(anonymous_95)
FNDA:0,(anonymous_96)
FNDA:0,(anonymous_97)
FNDA:0,(anonymous_98)
FNDA:0,(anonymous_99)
FNDA:0,(anonymous_100)
FNDA:0,(anonymous_101)
FNDA:0,(anonymous_102)
FNDA:0,(anonymous_103)
FNDA:0,(anonymous_104)
FNDA:0,(anonymous_105)
FNDA:0,(anonymous_106)
FNDA:0,(anonymous_107)
FNDA:0,(anonymous_108)
FNDA:0,(anonymous_109)
FNDA:0,(anonymous_110)
FNDA:0,(anonymous_111)
FNDA:0,(anonymous_112)
DA:6,1
DA:7,1
DA:9,1
DA:10,1
DA:11,1
DA:13,1
DA:15,1
DA:39,0
DA:41,0
DA:43,0
DA:46,0
DA:54,0
DA:58,0
DA:60,0
DA:63,0
DA:66,0
DA:70,0
DA:73,0
DA:77,0
DA:83,0
DA:85,0
DA:88,0
DA:91,0
DA:95,0
DA:98,0
DA:102,0
DA:107,0
DA:116,0
DA:119,0
DA:121,0
DA:122,0
DA:124,0
DA:125,0
DA:127,0
DA:129,0
DA:133,0
DA:135,0
DA:138,0
DA:139,0
DA:141,0
DA:143,0
DA:146,0
DA:148,0
DA:151,0
DA:153,0
DA:157,0
DA:160,0
DA:167,0
DA:175,0
DA:176,0
DA:179,0
DA:181,0
DA:184,0
DA:186,0
DA:190,0
DA:192,0
DA:194,0
DA:196,0
DA:200,0
DA:202,0
DA:204,0
DA:207,0
DA:210,0
DA:214,0
DA:216,0
DA:218,0
DA:220,0
DA:223,0
DA:228,0
DA:241,0
DA:242,0
DA:245,0
DA:247,0
DA:249,0
DA:253,0
DA:256,0
DA:257,0
DA:258,0
DA:260,0
DA:261,0
DA:262,0
DA:266,0
DA:268,0
DA:269,0
DA:272,0
DA:275,0
DA:278,0
DA:283,0
DA:286,0
DA:287,0
DA:289,0
DA:291,0
DA:292,0
DA:299,0
DA:302,0
DA:304,0
DA:306,0
DA:308,0
DA:309,0
DA:311,0
DA:312,0
DA:315,0
DA:317,0
DA:321,0
DA:325,0
DA:327,0
DA:331,0
DA:334,0
DA:336,0
DA:340,0
DA:341,0
DA:346,0
DA:353,0
DA:354,0
DA:362,0
DA:365,0
DA:371,0
DA:373,0
DA:374,0
DA:375,0
DA:377,0
DA:384,0
DA:385,0
DA:402,0
DA:404,0
DA:406,0
DA:408,0
DA:409,0
DA:412,0
DA:415,0
DA:418,0
DA:421,0
DA:425,0
DA:431,0
DA:434,0
DA:438,0
DA:444,0
DA:447,0
DA:451,0
DA:458,0
DA:459,0
DA:462,0
DA:466,0
DA:472,0
DA:475,0
DA:479,0
DA:485,0
DA:488,0
DA:492,0
DA:499,0
DA:500,0
DA:503,0
DA:507,0
DA:514,0
DA:515,0
DA:518,0
DA:522,0
DA:528,0
DA:531,0
DA:535,0
DA:541,0
DA:544,0
DA:545,0
DA:547,0
DA:548,0
DA:551,0
DA:557,0
DA:559,0
DA:561,0
DA:562,0
DA:565,0
DA:567,0
DA:569,0
DA:571,0
DA:572,0
DA:574,0
DA:576,0
DA:578,0
DA:581,0
DA:583,0
DA:590,0
DA:603,0
DA:605,0
DA:614,0
DA:629,0
DA:630,0
DA:632,0
DA:635,0
DA:637,0
DA:641,0
DA:645,0
DA:649,0
DA:650,0
DA:651,0
DA:653,0
DA:655,0
DA:656,0
DA:658,0
DA:662,0
DA:666,0
DA:673,0
DA:674,0
DA:675,0
DA:677,0
DA:679,0
DA:680,0
DA:682,0
DA:707,0
DA:710,0
DA:714,0
DA:729,0
DA:730,0
DA:732,0
DA:735,0
DA:737,0
DA:741,0
DA:743,0
DA:747,0
DA:751,0
DA:756,0
DA:757,0
DA:760,0
DA:768,0
DA:770,0
DA:771,0
DA:774,0
DA:777,0
DA:781,0
DA:787,0
DA:795,0
DA:796,0
DA:797,0
DA:799,0
DA:800,0
DA:802,0
DA:823,0
DA:824,0
DA:826,0
DA:828,0
DA:831,0
DA:834,0
DA:836,0
DA:840,0
DA:844,0
DA:848,0
DA:849,0
DA:850,0
DA:851,0
DA:853,0
DA:855,0
DA:856,0
DA:858,0
DA:864,0
DA:882,0
DA:883,0
DA:885,0
DA:887,0
DA:890,0
DA:893,0
DA:895,0
DA:899,0
DA:901,0
DA:905,0
DA:909,0
DA:910,0
DA:911,0
DA:912,0
DA:914,0
DA:916,0
DA:917,0
DA:919,0
DA:923,0
DA:929,0
DA:930,0
DA:931,0
DA:933,0
DA:934,0
DA:936,0
DA:952,0
DA:953,0
DA:955,0
DA:958,0
DA:960,0
DA:964,0
DA:969,0
DA:970,0
DA:971,0
DA:973,0
DA:975,0
DA:976,0
DA:978,0
DA:984,0
DA:987,0
DA:1006,0
DA:1007,0
DA:1009,0
DA:1012,0
DA:1015,0
DA:1019,0
DA:1024,0
DA:1025,0
DA:1026,0
DA:1028,0
DA:1030,0
DA:1031,0
DA:1033,0
DA:1039,0
DA:1042,0
DA:1064,0
DA:1065,0
DA:1067,0
DA:1068,0
DA:1070,0
DA:1083,0
DA:1084,0
DA:1086,0
DA:1090,0
DA:1091,0
DA:1094,0
DA:1109,0
DA:1112,0
DA:1116,0
DA:1121,0
DA:1126,0
DA:1130,0
DA:1133,0
DA:1138,0
DA:1140,0
DA:1146,0
DA:1156,0
DA:1160,0
DA:1163,0
DA:1168,0
DA:1170,0
DA:1176,0
DA:1186,0
DA:1191,0
DA:1193,0
DA:1196,0
DA:1199,0
DA:1201,0
DA:1207,0
DA:1217,0
DA:1221,0
DA:1224,0
DA:1226,0
DA:1227,0
DA:1229,0
DA:1231,0
DA:1232,0
DA:1234,0
DA:1236,0
DA:1237,0
DA:1241,0
DA:1243,0
DA:1247,0
DA:1250,0
DA:1256,0
DA:1266,0
DA:1270,0
DA:1272,0
DA:1275,0
DA:1277,0
DA:1281,0
DA:1283,0
DA:1287,0
DA:1291,0
DA:1297,0
DA:1307,0
DA:1312,0
DA:1314,0
DA:1318,0
DA:1320,0
DA:1324,0
DA:1326,0
DA:1330,0
DA:1336,0
DA:1342,0
DA:1346,0
DA:1350,0
DA:1351,0
DA:1352,0
DA:1353,0
DA:1355,0
DA:1356,0
DA:1358,0
DA:1360,0
DA:1365,0
DA:1375,0
DA:1377,0
DA:1378,0
DA:1379,0
DA:1380,0
DA:1382,0
DA:1407,0
DA:1408,0
DA:1410,0
DA:1411,0
DA:1413,0
DA:1415,0
DA:1418,0
DA:1423,0
DA:1427,0
DA:1431,0
DA:1435,0
DA:1438,0
DA:1440,0
DA:1441,0
DA:1442,0
DA:1443,0
DA:1445,0
DA:1447,0
DA:1448,0
DA:1451,0
DA:1454,0
DA:1458,0
DA:1460,0
DA:1462,0
DA:1463,0
DA:1468,0
DA:1469,0
DA:1470,0
DA:1471,0
DA:1473,0
DA:1474,0
DA:1476,0
DA:1478,0
DA:1480,0
DA:1481,0
DA:1489,0
DA:1495,0
DA:1499,0
DA:1503,0
DA:1507,0
DA:1508,0
DA:1509,0
DA:1510,0
DA:1512,0
DA:1514,0
DA:1515,0
DA:1517,0
DA:1522,0
DA:1527,0
DA:1529,0
DA:1533,0
DA:1534,0
DA:1535,0
DA:1536,0
DA:1538,0
DA:1540,0
DA:1541,0
DA:1543,0
DA:1552,0
DA:1568,0
DA:1573,0
DA:1574,0
DA:1630,0
DA:1635,0
DA:1639,0
DA:1645,0
DA:1646,0
DA:1649,0
DA:1650,0
DA:1652,0
DA:1656,0
DA:1659,0
DA:1662,0
DA:1664,0
DA:1668,0
DA:1673,0
DA:1676,0
DA:1678,0
DA:1679,0
DA:1680,0
DA:1683,0
DA:1685,0
DA:1687,0
DA:1691,0
DA:1694,0
DA:1696,0
DA:1700,0
DA:1703,0
DA:1704,0
DA:1705,0
DA:1706,0
DA:1708,0
DA:1715,0
DA:1717,0
DA:1722,0
DA:1724,0
DA:1728,0
DA:1734,0
DA:1737,0
DA:1739,0
DA:1743,0
DA:1748,0
DA:1751,0
DA:1752,0
DA:1753,0
DA:1754,0
DA:1755,0
DA:1757,0
DA:1764,1
LF:503
LH:8
BRDA:41,0,0,0
BRDA:41,0,1,0
BRDA:41,1,0,0
BRDA:41,1,1,0
BRDA:52,2,0,0
BRDA:52,3,0,0
BRDA:52,4,0,0
BRDA:58,5,0,0
BRDA:58,5,1,0
BRDA:60,6,0,0
BRDA:60,6,1,0
BRDA:60,7,0,0
BRDA:60,7,1,0
BRDA:66,8,0,0
BRDA:66,8,1,0
BRDA:66,9,0,0
BRDA:66,9,1,0
BRDA:70,10,0,0
BRDA:70,10,1,0
BRDA:70,11,0,0
BRDA:70,11,1,0
BRDA:83,12,0,0
BRDA:83,12,1,0
BRDA:83,13,0,0
BRDA:83,13,1,0
BRDA:85,14,0,0
BRDA:85,14,1,0
BRDA:85,15,0,0
BRDA:85,15,1,0
BRDA:91,16,0,0
BRDA:91,16,1,0
BRDA:91,17,0,0
BRDA:91,17,1,0
BRDA:95,18,0,0
BRDA:95,18,1,0
BRDA:95,19,0,0
BRDA:95,19,1,0
BRDA:114,20,0,0
BRDA:114,21,0,0
BRDA:114,22,0,0
BRDA:122,23,0,0
BRDA:122,23,1,0
BRDA:127,24,0,0
BRDA:127,24,1,0
BRDA:133,25,0,0
BRDA:133,25,1,0
BRDA:138,26,0,0
BRDA:138,26,1,0
BRDA:139,27,0,0
BRDA:139,27,1,0
BRDA:141,28,0,0
BRDA:141,28,1,0
BRDA:146,29,0,0
BRDA:146,29,1,0
BRDA:146,30,0,0
BRDA:146,30,1,0
BRDA:151,31,0,0
BRDA:151,31,1,0
BRDA:151,32,0,0
BRDA:151,32,1,0
BRDA:184,33,0,0
BRDA:184,33,1,0
BRDA:190,34,0,0
BRDA:190,34,1,0
BRDA:190,35,0,0
BRDA:190,35,1,0
BRDA:194,36,0,0
BRDA:194,36,1,0
BRDA:194,37,0,0
BRDA:194,37,1,0
BRDA:202,38,0,0
BRDA:202,38,1,0
BRDA:202,39,0,0
BRDA:202,39,1,0
BRDA:207,40,0,0
BRDA:207,40,1,0
BRDA:207,41,0,0
BRDA:207,41,1,0
BRDA:207,41,2,0
BRDA:207,41,3,0
BRDA:214,42,0,0
BRDA:214,42,1,0
BRDA:214,43,0,0
BRDA:214,43,1,0
BRDA:218,44,0,0
BRDA:218,44,1,0
BRDA:218,45,0,0
BRDA:218,45,1,0
BRDA:239,46,0,0
BRDA:245,47,0,0
BRDA:245,47,1,0
BRDA:245,48,0,0
BRDA:245,48,1,0
BRDA:253,49,0,0
BRDA:253,49,1,0
BRDA:253,50,0,0
BRDA:253,50,1,0
BRDA:253,50,2,0
BRDA:266,51,0,0
BRDA:266,51,1,0
BRDA:281,52,0,0
BRDA:281,53,0,0
BRDA:287,54,0,0
BRDA:287,54,1,0
BRDA:287,55,0,0
BRDA:287,55,1,0
BRDA:287,55,2,0
BRDA:297,56,0,0
BRDA:304,57,0,0
BRDA:304,57,1,0
BRDA:315,58,0,0
BRDA:315,58,1,0
BRDA:325,59,0,0
BRDA:325,59,1,0
BRDA:334,60,0,0
BRDA:334,60,1,0
BRDA:371,61,0,0
BRDA:371,61,1,0
BRDA:371,62,0,0
BRDA:371,62,1,0
BRDA:400,63,0,0
BRDA:400,64,0,0
BRDA:400,65,0,0
BRDA:402,66,0,0
BRDA:402,66,1,0
BRDA:406,67,0,0
BRDA:406,67,1,0
BRDA:415,68,0,0
BRDA:415,68,1,0
BRDA:415,68,2,0
BRDA:415,68,3,0
BRDA:415,68,4,0
BRDA:415,68,5,0
BRDA:415,68,6,0
BRDA:415,68,7,0
BRDA:415,68,8,0
BRDA:415,68,9,0
BRDA:415,68,10,0
BRDA:415,68,11,0
BRDA:415,68,12,0
BRDA:458,69,0,0
BRDA:458,69,1,0
BRDA:499,70,0,0
BRDA:499,70,1,0
BRDA:514,71,0,0
BRDA:514,71,1,0
BRDA:551,72,0,0
BRDA:551,72,1,0
BRDA:559,73,0,0
BRDA:559,73,1,0
BRDA:559,74,0,0
BRDA:559,74,1,0
BRDA:559,74,2,0
BRDA:559,74,3,0
BRDA:569,75,0,0
BRDA:569,75,1,0
BRDA:572,76,0,0
BRDA:572,76,1,0
BRDA:572,77,0,0
BRDA:572,77,1,0
BRDA:574,78,0,0
BRDA:574,78,1,0
BRDA:576,79,0,0
BRDA:576,79,1,0
BRDA:576,80,0,0
BRDA:576,80,1,0
BRDA:587,81,0,0
BRDA:587,81,1,0
BRDA:588,82,0,0
BRDA:588,82,1,0
BRDA:603,83,0,0
BRDA:603,83,1,0
BRDA:627,84,0,0
BRDA:627,85,0,0
BRDA:705,86,0,0
BRDA:705,87,0,0
BRDA:727,88,0,0
BRDA:727,89,0,0
BRDA:821,90,0,0
BRDA:821,91,0,0
BRDA:821,92,0,0
BRDA:826,93,0,0
BRDA:826,93,1,0
BRDA:880,94,0,0
BRDA:880,95,0,0
BRDA:880,96,0,0
BRDA:885,97,0,0
BRDA:885,97,1,0
BRDA:950,98,0,0
BRDA:950,99,0,0
BRDA:1004,100,0,0
BRDA:1004,101,0,0
BRDA:1062,102,0,0
BRDA:1062,103,0,0
BRDA:1081,104,0,0
BRDA:1081,105,0,0
BRDA:1191,106,0,0
BRDA:1191,106,1,0
BRDA:1221,107,0,0
BRDA:1221,107,1,0
BRDA:1224,108,0,0
BRDA:1224,108,1,0
BRDA:1229,109,0,0
BRDA:1229,109,1,0
BRDA:1229,110,0,0
BRDA:1229,110,1,0
BRDA:1234,111,0,0
BRDA:1234,111,1,0
BRDA:1234,112,0,0
BRDA:1234,112,1,0
BRDA:1270,113,0,0
BRDA:1270,113,1,0
BRDA:1275,114,0,0
BRDA:1275,114,1,0
BRDA:1275,115,0,0
BRDA:1275,115,1,0
BRDA:1312,116,0,0
BRDA:1312,116,1,0
BRDA:1318,117,0,0
BRDA:1318,117,1,0
BRDA:1405,118,0,0
BRDA:1405,119,0,0
BRDA:1405,120,0,0
BRDA:1413,121,0,0
BRDA:1413,121,1,0
BRDA:1451,122,0,0
BRDA:1451,122,1,0
BRDA:1451,123,0,0
BRDA:1451,123,1,0
BRDA:1458,124,0,0
BRDA:1458,124,1,0
BRDA:1476,125,0,0
BRDA:1476,125,1,0
BRDA:1527,126,0,0
BRDA:1527,126,1,0
BRDA:1527,127,0,0
BRDA:1527,127,1,0
BRDA:1527,127,2,0
BRDA:1650,128,0,0
BRDA:1650,128,1,0
BRDA:1650,129,0,0
BRDA:1650,129,1,0
BRDA:1659,130,0,0
BRDA:1659,130,1,0
BRDA:1659,131,0,0
BRDA:1659,131,1,0
BRDA:1659,131,2,0
BRDA:1662,132,0,0
BRDA:1662,132,1,0
BRDA:1676,133,0,0
BRDA:1676,133,1,0
BRDA:1676,134,0,0
BRDA:1676,134,1,0
BRDA:1685,135,0,0
BRDA:1685,135,1,0
BRDA:1685,136,0,0
BRDA:1685,136,1,0
BRDA:1694,137,0,0
BRDA:1694,137,1,0
BRDA:1694,138,0,0
BRDA:1694,138,1,0
BRDA:1694,138,2,0
BRDA:1705,139,0,0
BRDA:1705,139,1,0
BRDA:1706,140,0,0
BRDA:1706,140,1,0
BRDA:1715,141,0,0
BRDA:1715,141,1,0
BRDA:1715,142,0,0
BRDA:1715,142,1,0
BRDA:1715,142,2,0
BRDA:1722,143,0,0
BRDA:1722,143,1,0
BRDA:1722,144,0,0
BRDA:1722,144,1,0
BRDA:1734,145,0,0
BRDA:1734,145,1,0
BRDA:1734,146,0,0
BRDA:1734,146,1,0
BRDA:1734,146,2,0
BRDA:1737,147,0,0
BRDA:1737,147,1,0
BRDA:1754,148,0,0
BRDA:1754,148,1,0
BRDA:1755,149,0,0
BRDA:1755,149,1,0
BRF:286
BRH:0
end_of_record
TN:
SF:/Users/costmo/Documents/dev/consultwebs/LawEval/validpoint/dist/CW_StringUtil.js
FN:11,(anonymous_0)
FN:15,(anonymous_1)
FNF:2
FNH:2
FNDA:1,(anonymous_0)
FNDA:2,(anonymous_1)
DA:17,2
DA:19,1
DA:21,2
DA:25,1
LF:4
LH:4
BRDA:17,0,0,1
BRDA:17,0,1,1
BRF:2
BRH:2
end_of_record
